[15:18:44] [main/INFO]: Setting user: bobbyjanks
[15:18:44] [main/INFO]: (Session ID is token:20400fbd5ad540f08b91ff9c3dcc9bfc:e8537636227e40beaf7a9d3e3b7e9748)
[15:18:44] [Client thread/INFO]: LWJGL Version: 2.9.1
[15:18:45] [Client thread/INFO]: Reloading ResourceManager: Default, Soartex_Fanver.zip
[15:18:46] [Sound Library Loader/INFO]: Sound engine started
[15:18:49] [Client thread/INFO]: Created: 2048x1024 textures/blocks-atlas
[15:18:49] [Client thread/INFO]: Created: 2048x1024 textures/items-atlas
[15:18:51] [Client thread/INFO]: Connecting to us.mcgamer.net, 25565
[15:18:54] [Client thread/INFO]: [CHAT] [*] Use /hub to go back to the hub at any time!
[15:18:55] [Client thread/INFO]: [CHAT] Your game mode has been updated
[15:18:55] [Client thread/INFO]: [CHAT] [MCGamer] Welcome to the Minecraft Gamer Network!
[15:18:55] [Client thread/INFO]: [CHAT] [MCGamer] Players are now hidden - use your clock to make them visible again.
[15:18:57] [Client thread/INFO]: [CHAT] [317]GingaBlockMan: h
[15:19:01] [Client thread/INFO]: [CHAT] [*] Want to start your own Minecraft server? Check out this link to get 15% off at CubedHost! https://cubedhost.org/mcsg
[15:19:09] [Client thread/INFO]: [CHAT] [*] Use /hub to go back to the hub at any time!
[15:19:09] [Client thread/INFO]: [CHAT] [86]bobbyjanks has joined.
[15:19:09] [Client thread/INFO]: [CHAT] [MCSG] Welcome to US: 117!
[15:19:09] [Client thread/INFO]: [CHAT] There are [1] new community polls available!
[15:19:09] [Client thread/INFO]: [CHAT] Use [/poll] to check them out and help improve the game.
[15:19:09] [Client thread/INFO]: [CHAT]                          
[15:19:10] [Client thread/INFO]: [CHAT] [164]XXXClutch has joined.
[15:19:12] [Client thread/INFO]: [CHAT] [20]MAXIMUNCRAFT33 has joined.
[15:19:13] [Client thread/INFO]: [CHAT] [MCSG] [1.5] minutes until lobby ends!
[15:19:13] [Client thread/INFO]: [CHAT] [MCSG] Players waiting: [3/24]. Game requires [12] to play.
[15:19:13] [Client thread/INFO]: [CHAT] [MCSG] Vote using [/vote #].
[15:19:13] [Client thread/INFO]: [CHAT] [MCSG] Previous maps played: Icarus
[15:19:13] [Client thread/INFO]: [CHAT] [MCSG] 1  >  | 0 Votes | 20% Chance | Survival Kingdom
[15:19:13] [Client thread/INFO]: [CHAT] [MCSG] 2  >  | 0 Votes | 20% Chance | Breeze Island
[15:19:13] [Client thread/INFO]: [CHAT] [MCSG] 3  >  | 0 Votes | 20% Chance | Demon's Breeze
[15:19:13] [Client thread/INFO]: [CHAT] [MCSG] 4  >  | 0 Votes | 20% Chance | Lobby Games
[15:19:13] [Client thread/INFO]: [CHAT] [MCSG] 5  >  | 0 Votes | 20% Chance | Survival Games Ancient Japan
[15:19:13] [Client thread/INFO]: [CHAT] [MCSG] Players waiting: [3/24]. Game requires [12] to play.
[15:19:13] [Client thread/INFO]: [CHAT] [MCSG] Vote using [/vote #].
[15:19:13] [Client thread/INFO]: [CHAT] [MCSG] Previous maps played: Icarus
[15:19:13] [Client thread/INFO]: [CHAT] [MCSG] 1  >  | 0 Votes | 20% Chance | Survival Kingdom
[15:19:13] [Client thread/INFO]: [CHAT] [MCSG] 2  >  | 0 Votes | 20% Chance | Breeze Island
[15:19:13] [Client thread/INFO]: [CHAT] [MCSG] 3  >  | 0 Votes | 20% Chance | Demon's Breeze
[15:19:13] [Client thread/INFO]: [CHAT] [MCSG] 4  >  | 0 Votes | 20% Chance | Lobby Games
[15:19:13] [Client thread/INFO]: [CHAT] [MCSG] 5  >  | 0 Votes | 20% Chance | Survival Games Ancient Japan
[15:19:19] [Client thread/INFO]: [CHAT] [MCSG] Your map now has [1] votes.
[15:19:41] [Client thread/INFO]: [CHAT] [86]bobbyjanks: team clutch
[15:19:43] [Client thread/INFO]: [CHAT] [MCSG] [60] seconds until lobby ends!
[15:19:43] [Client thread/INFO]: [CHAT] [MCSG] Players waiting: [3/24]. Game requires [12] to play.
[15:19:43] [Client thread/INFO]: [CHAT] [MCSG] Vote using [/vote #].
[15:19:43] [Client thread/INFO]: [CHAT] [MCSG] Previous maps played: Icarus
[15:19:43] [Client thread/INFO]: [CHAT] [MCSG] 1  >  | 0 Votes | 0% Chance | Survival Kingdom
[15:19:43] [Client thread/INFO]: [CHAT] [MCSG] 2  >  | 0 Votes | 0% Chance | Breeze Island
[15:19:43] [Client thread/INFO]: [CHAT] [MCSG] 3  >  | 1 Votes | 50% Chance | Demon's Breeze
[15:19:43] [Client thread/INFO]: [CHAT] [MCSG] 4  >  | 0 Votes | 0% Chance | Lobby Games
[15:19:43] [Client thread/INFO]: [CHAT] [MCSG] 5  >  | 1 Votes | 50% Chance | Survival Games Ancient Japan
[15:19:54] [Client thread/INFO]: [CHAT] [332]Moonbionic has joined.
[15:19:55] [Client thread/INFO]: [CHAT] [66]xxSkygirl64xx has joined.
[15:19:57] [Client thread/INFO]: [CHAT] [95]QuickScopeBro11 has joined.
[15:19:57] [Client thread/INFO]: [CHAT] [264]bananasugarbomb has joined.
[15:19:59] [Client thread/INFO]: [CHAT] [106]minimind13 has joined.
[15:20:01] [Client thread/INFO]: [CHAT] [116]evilbreadstick98 has joined.
[15:20:03] [Client thread/INFO]: [CHAT] [54]Snowcone300 has joined.
[15:20:05] [Client thread/INFO]: [CHAT] [57]matteyv123 has joined.
[15:20:05] [Client thread/INFO]: [CHAT] [129]bailal has joined.
[15:20:06] [Client thread/INFO]: [CHAT] [159]AndrewBarlas has joined.
[15:20:07] [Client thread/INFO]: [CHAT] [116]evilbreadstick98: wheres piggybank?
[15:20:08] [Client thread/INFO]: [CHAT] [601]XxFerchuGamerxX has joined.
[15:20:08] [Client thread/INFO]: [CHAT] [91]bluebirdsfly923 has joined.
[15:20:08] [Client thread/INFO]: [CHAT] [170]BenGoldenIsBoss has joined.
[15:20:12] [Client thread/INFO]: [CHAT] [91]GhanemQ80 has joined.
[15:20:13] [Client thread/INFO]: [CHAT] [MCSG] [30] seconds until lobby ends!
[15:20:13] [Client thread/INFO]: [CHAT] [MCSG] Players waiting: [17/24]. Game requires [12] to play.
[15:20:13] [Client thread/INFO]: [CHAT] [MCSG] Vote using [/vote #].
[15:20:13] [Client thread/INFO]: [CHAT] [MCSG] Previous maps played: Icarus
[15:20:13] [Client thread/INFO]: [CHAT] [MCSG] 1  >  | 0 Votes | 0% Chance | Survival Kingdom
[15:20:13] [Client thread/INFO]: [CHAT] [MCSG] 2  >  | 0 Votes | 0% Chance | Breeze Island
[15:20:13] [Client thread/INFO]: [CHAT] [MCSG] 3  >  | 1 Votes | 50% Chance | Demon's Breeze
[15:20:13] [Client thread/INFO]: [CHAT] [MCSG] 4  >  | 0 Votes | 0% Chance | Lobby Games
[15:20:13] [Client thread/INFO]: [CHAT] [MCSG] 5  >  | 1 Votes | 50% Chance | Survival Games Ancient Japan
[15:20:13] [Client thread/INFO]: [CHAT] [81]Hydro_Mexican has joined.
[15:20:13] [Client thread/INFO]: [CHAT] [264]bananasugarbomb: he had to go
[15:20:14] [Client thread/INFO]: [CHAT] [45]WhisperingD3ath has joined.
[15:20:15] [Client thread/INFO]: [CHAT] [167]Memo1120 has joined.
[15:20:16] [Client thread/INFO]: [CHAT] [70]franco206 has joined.
[15:20:16] [Client thread/INFO]: [CHAT] [116]evilbreadstick98: oh
[15:20:19] [Client thread/INFO]: [CHAT] [69]stonekiller88 has joined.
[15:20:21] [Client thread/INFO]: [CHAT] [MCSG] You may only vote once.
[15:20:22] [Client thread/INFO]: [CHAT] [100]stellarondo has joined.
[15:20:22] [Client thread/INFO]: [CHAT] [601]XxFerchuGamerxX: vota por la dos
[15:20:24] [Client thread/INFO]: [CHAT] [116]evilbreadstick98: vote 3
[15:20:27] [Client thread/INFO]: [CHAT] [89]Milkhead5 has joined.
[15:20:30] [Client thread/INFO]: [CHAT] [164]XXXClutch has left.
[15:20:33] [Client thread/INFO]: [CHAT] [MCSG] [10] seconds until lobby ends!
[15:20:34] [Client thread/INFO]: [CHAT] [601]XxFerchuGamerxX: v 2
[15:20:36] [Client thread/INFO]: [CHAT] [89]Deezee1804 has joined.
[15:20:37] [Client thread/INFO]: [CHAT] [601]XxFerchuGamerxX: is beat map!
[15:20:38] [Client thread/INFO]: [CHAT] [MCSG] [5] seconds until lobby ends!
[15:20:39] [Client thread/INFO]: [CHAT] [MCSG] [4] seconds until lobby ends!
[15:20:40] [Client thread/INFO]: [CHAT] [MCSG] [3] seconds until lobby ends!
[15:20:41] [Client thread/INFO]: [CHAT] [MCSG] [2] seconds until lobby ends!
[15:20:42] [Client thread/INFO]: [CHAT] [MCSG] [1] second until lobby ends!
[15:20:43] [Client thread/INFO]: [CHAT] [MCSG] Map name: Demon's Breeze
[15:20:43] [Client thread/INFO]: [CHAT] [MCSG] Map author: Jstame and DatCrew
[15:20:43] [Client thread/INFO]: [CHAT] [MCSG] Map link: http://bit.ly/mcsg-demons-breeze
[15:20:43] [Client thread/INFO]: [CHAT] [MCSG] Please wait [30] seconds before the games begin.
[15:20:44] [Client thread/INFO]: [CHAT] [MCSG] [30] seconds until the games begin!
[15:20:48] [Client thread/INFO]: [CHAT] [0]9|Memo1120: gla!!! :D
[15:20:48] [Client thread/INFO]: [CHAT] [0]3|XxFerchuGamerxX: team say 123
[15:20:48] [Client thread/INFO]: [CHAT] [0]8|franco206: mireda!
[15:20:56] [Client thread/INFO]: [CHAT] [0]3|XxFerchuGamerxX: quien es mireda
[15:20:57] [Client thread/INFO]: [CHAT] [0]8|franco206: #@%&!
[15:20:57] [Client thread/INFO]: [CHAT] [0]6|stonekiller88: anyone team?
[15:20:59] [Client thread/INFO]: [CHAT] [0]8|evilbreadstick98: im taking my rotue
[15:20:59] [Client thread/INFO]: [CHAT] [0]3|XxFerchuGamerxX: team say 123
[15:20:59] [Client thread/INFO]: [CHAT] [0]8|franco206: tu
[15:21:00] [Client thread/INFO]: [CHAT] [0]8|franco206: mama
[15:21:02] [Client thread/INFO]: [CHAT] [0]8|franco206: 123
[15:21:04] [Client thread/INFO]: [CHAT] [MCSG] [10] seconds until the games begin!
[15:21:05] [Client thread/INFO]: [CHAT] [0]3|XxFerchuGamerxX: <d
[15:21:05] [Client thread/INFO]: [CHAT] [0]10|MAXIMUNCRAFT33: 123
[15:21:07] [Client thread/INFO]: [CHAT] [0]3|XxFerchuGamerxX: <3
[15:21:09] [Client thread/INFO]: [CHAT] [MCSG] [5] seconds until the games begin!
[15:21:09] [Client thread/INFO]: [CHAT] [0]8|franco206: team say i crack
[15:21:09] [Client thread/INFO]: [CHAT] [0]1|bobbyjanks: team stonekiller
[15:21:10] [Client thread/INFO]: [CHAT] [MCSG] [4] seconds until the games begin!
[15:21:11] [Client thread/INFO]: [CHAT] [MCSG] [3] seconds until the games begin!
[15:21:12] [Client thread/INFO]: [CHAT] [MCSG] [2] seconds until the games begin!
[15:21:13] [Client thread/INFO]: [CHAT] [0]3|XxFerchuGamerxX: maximuncraft33 team
[15:21:13] [Client thread/INFO]: [CHAT] [MCSG] [1] second until the games begin!
[15:21:14] [Client thread/INFO]: [CHAT] [MCSG] The games have begun!
[15:21:15] [Client thread/INFO]: [CHAT] [MCSG] [30] minutes until deathmatch!
[15:21:33] [Client thread/INFO]: [CHAT] [MCSG] Only [23] tributes remain!
[15:21:33] [Client thread/INFO]: [CHAT] [MCSG] There are [1] spectators watching the game.
[15:21:33] [Client thread/INFO]: [CHAT] A cannon can be heard in the distance.
[15:21:41] [Client thread/INFO]: [CHAT] [MCSG] Only [22] tributes remain!
[15:21:41] [Client thread/INFO]: [CHAT] [MCSG] There are [2] spectators watching the game.
[15:21:41] [Client thread/INFO]: [CHAT] A cannon can be heard in the distance.
[15:21:48] [Client thread/INFO]: [CHAT] [0]10|Moonbionic: Killed by the bay
[15:21:56] [Client thread/INFO]: [CHAT] [MCSG] Only [21] tributes remain!
[15:21:56] [Client thread/INFO]: [CHAT] [MCSG] There are [3] spectators watching the game.
[15:21:56] [Client thread/INFO]: [CHAT] A cannon can be heard in the distance.
[15:22:07] [Client thread/INFO]: [CHAT] [MCSG] You have been eliminated from the games.
[15:22:07] [Client thread/INFO]: [CHAT] [MCSG] Only [20] tributes remain!
[15:22:07] [Client thread/INFO]: [CHAT] [MCSG] There are [4] spectators watching the game.
[15:22:07] [Client thread/INFO]: [CHAT] A cannon can be heard in the distance.
[15:22:07] [Client thread/INFO]: [CHAT] [MCSG] You've lost [4] points for dying!
[15:22:07] [Client thread/INFO]: [CHAT] [MCSG] Teleporting to Deezee1804.
[15:22:08] [Client thread/INFO]: [CHAT] [MCSG] Only [19] tributes remain!
[15:22:08] [Client thread/INFO]: [CHAT] [MCSG] There are [5] spectators watching the game.
[15:22:08] [Client thread/INFO]: [CHAT] A cannon can be heard in the distance.
[15:22:10] [Client thread/INFO]: [CHAT] [MCSG] Only [18] tributes remain!
[15:22:10] [Client thread/INFO]: [CHAT] [MCSG] There are [6] spectators watching the game.
[15:22:10] [Client thread/INFO]: [CHAT] A cannon can be heard in the distance.
[15:22:16] [Client thread/INFO]: [CHAT] [*] Use /hub to go back to the hub at any time!
[15:22:16] [Client thread/INFO]: [CHAT] Your game mode has been updated
[15:22:16] [Client thread/INFO]: [CHAT] [MCGamer] Welcome to the Minecraft Gamer Network!
[15:22:16] [Client thread/INFO]: [CHAT] [MCGamer] Players are now hidden - use your clock to make them visible again.
[15:22:20] [Client thread/INFO]: [CHAT] [*] Use /hub to go back to the hub at any time!
[15:22:20] [Client thread/INFO]: [CHAT] [82]bobbyjanks has joined.
[15:22:20] [Client thread/INFO]: [CHAT] [MCSG] Welcome to US: 118!
[15:22:20] [Client thread/INFO]: [CHAT] There are [1] new community polls available!
[15:22:20] [Client thread/INFO]: [CHAT] Use [/poll] to check them out and help improve the game.
[15:22:20] [Client thread/INFO]: [CHAT]                          
[15:22:25] [Client thread/INFO]: [CHAT] [22]skjols has joined.
[15:22:26] [Client thread/INFO]: [CHAT] [452]Nets9809 has joined.
[15:22:26] [Client thread/INFO]: [CHAT] [128]diggy_hole has joined.
[15:22:26] [Client thread/INFO]: [CHAT] [108]Spideyboy14 has joined.
[15:22:29] [Client thread/INFO]: [CHAT] [128]diggy_hole has left.
[15:22:32] [Client thread/INFO]: [CHAT] [270]mikespc has left.
[15:22:32] [Client thread/INFO]: [CHAT] [671]Lenin_craft has joined.
[15:22:33] [Client thread/INFO]: [CHAT] [452]Nets9809 has left.
[15:22:34] [Client thread/INFO]: [CHAT] [167]guardian785 has joined.
[15:22:34] [Client thread/INFO]: [CHAT] [386]Ancar123 has joined.
[15:22:34] [Client thread/INFO]: [CHAT] [167]FootballSTAR2414 has joined.
[15:22:35] [Client thread/INFO]: [CHAT] [12]Keltatta has joined.
[15:22:36] [Client thread/INFO]: [CHAT] [265]Popcherrios has joined.
[15:22:36] [Client thread/INFO]: [CHAT] [167]guardian785 has left.
[15:22:36] [Client thread/INFO]: [CHAT] [20]Tornadopheonix has joined.
[15:22:36] [Client thread/INFO]: [CHAT] [7]TheMiickexX has joined.
[15:22:36] [Client thread/INFO]: [CHAT] [100]Lightndarkness has joined.
[15:22:38] [Client thread/INFO]: [CHAT] [131]menticka007sk has joined.
[15:22:39] [Client thread/INFO]: [CHAT] [78]zoomex456: skype anyone?
[15:22:41] [Client thread/INFO]: [CHAT] [451]CreeperForce02 has joined.
[15:22:41] [Client thread/INFO]: [CHAT] [55]haileybailey912 has joined.
[15:22:42] [Client thread/INFO]: [CHAT] [452]Nets9809 has joined.
[15:22:44] [Client thread/INFO]: [CHAT] [29]thebarbarianfdk has joined.
[15:22:45] [Client thread/INFO]: [CHAT] [MCSG] [2] minutes until lobby ends!
[15:22:45] [Client thread/INFO]: [CHAT] [MCSG] Players waiting: [20/24]. Game requires [12] to play.
[15:22:45] [Client thread/INFO]: [CHAT] [MCSG] Vote using [/vote #].
[15:22:45] [Client thread/INFO]: [CHAT] [MCSG] Previous maps played: Survival Games Highway
[15:22:45] [Client thread/INFO]: [CHAT] [MCSG] 1  >  | 0 Votes | 0% Chance | The Survival Games 3
[15:22:45] [Client thread/INFO]: [CHAT] [MCSG] 2  >  | 0 Votes | 0% Chance | The Survival Games 5
[15:22:45] [Client thread/INFO]: [CHAT] [MCSG] 3  >  | 1 Votes | 50% Chance | Mortal Skies
[15:22:45] [Client thread/INFO]: [CHAT] [MCSG] 4  >  | 0 Votes | 0% Chance | The Eye of Horus
[15:22:45] [Client thread/INFO]: [CHAT] [MCSG] 5  >  | 1 Votes | 50% Chance | Teweran Survival Games 3: Futuristic City
[15:22:46] [Client thread/INFO]: [CHAT] [452]Nets9809 has left.
[15:22:46] [Client thread/INFO]: [CHAT] [20]colterisepic has joined.
[15:22:47] [Client thread/INFO]: [CHAT] [105]bandito_thomaso has joined.
[15:22:47] [Client thread/INFO]: [CHAT] [373]Hiro112 has joined.
[15:22:48] [Client thread/INFO]: [CHAT] [671]Lenin_craft has left.
[15:22:48] [Client thread/INFO]: [CHAT] [177]ElkosGamer has joined.
[15:22:49] [Client thread/INFO]: [CHAT] [55]haileybailey912: team anyone?
[15:22:49] [Client thread/INFO]: [CHAT] [76]smmcduff has joined.
[15:22:51] [Client thread/INFO]: [CHAT] [45]Firezglow has joined.
[15:22:54] [Client thread/INFO]: [CHAT] [MCSG] Players waiting: [24/24]. Game requires [12] to play.
[15:22:54] [Client thread/INFO]: [CHAT] [MCSG] Vote using [/vote #].
[15:22:54] [Client thread/INFO]: [CHAT] [MCSG] Previous maps played: Survival Games Highway
[15:22:54] [Client thread/INFO]: [CHAT] [MCSG] 1  >  | 0 Votes | 0% Chance | The Survival Games 3
[15:22:54] [Client thread/INFO]: [CHAT] [MCSG] 2  >  | 0 Votes | 0% Chance | The Survival Games 5
[15:22:54] [Client thread/INFO]: [CHAT] [MCSG] 3  >  | 1 Votes | 33.33% Chance | Mortal Skies
[15:22:54] [Client thread/INFO]: [CHAT] [MCSG] 4  >  | 1 Votes | 33.33% Chance | The Eye of Horus
[15:22:54] [Client thread/INFO]: [CHAT] [MCSG] 5  >  | 1 Votes | 33.33% Chance | Teweran Survival Games 3: Futuristic City
[15:22:56] [Client thread/INFO]: [CHAT] [78]zoomex456: skype team?
[15:22:57] [Client thread/INFO]: [CHAT] [29]thebarbarianfdk: ok
[15:23:01] [Client thread/INFO]: [CHAT] [MCSG] Your map now has [4] votes.
[15:23:03] [Client thread/INFO]: [CHAT] [373]Hiro112 has left.
[15:23:05] [Client thread/INFO]: [CHAT] [55]haileybailey912: sure zoom
[15:23:11] [Client thread/INFO]: [CHAT] [78]zoomex456: kk user?
[15:23:12] [Client thread/INFO]: [CHAT] [373]Hiro112 has joined.
[15:23:15] [Client thread/INFO]: [CHAT] [MCSG] [1.5] minutes until lobby ends!
[15:23:15] [Client thread/INFO]: [CHAT] [MCSG] Players waiting: [24/24]. Game requires [12] to play.
[15:23:15] [Client thread/INFO]: [CHAT] [MCSG] Vote using [/vote #].
[15:23:15] [Client thread/INFO]: [CHAT] [MCSG] Previous maps played: Survival Games Highway
[15:23:15] [Client thread/INFO]: [CHAT] [MCSG] 1  >  | 0 Votes | 0% Chance | The Survival Games 3
[15:23:15] [Client thread/INFO]: [CHAT] [MCSG] 2  >  | 0 Votes | 0% Chance | The Survival Games 5
[15:23:15] [Client thread/INFO]: [CHAT] [MCSG] 3  >  | 4 Votes | 66.67% Chance | Mortal Skies
[15:23:15] [Client thread/INFO]: [CHAT] [MCSG] 4  >  | 1 Votes | 16.67% Chance | The Eye of Horus
[15:23:15] [Client thread/INFO]: [CHAT] [MCSG] 5  >  | 1 Votes | 16.67% Chance | Teweran Survival Games 3: Futuristic City
[15:23:18] [Client thread/INFO]: [CHAT] [55]haileybailey912: my skype is haileybailey912
[15:23:19] [Client thread/INFO]: [CHAT] [76]smmcduff: jake the dog ?
[15:23:21] [Client thread/INFO]: [CHAT] [373]Hiro112 has left.
[15:23:23] [Client thread/INFO]: [CHAT] [20]Tornadopheonix has left.
[15:23:24] [Client thread/INFO]: [CHAT] [451]CreeperForce02 has left.
[15:23:24] [Client thread/INFO]: [CHAT] [55]haileybailey912: what
[15:23:24] [Client thread/INFO]: [CHAT] [78]zoomex456: kk
[15:23:27] [Client thread/INFO]: [CHAT] [3]Masher77 has joined.
[15:23:29] [Client thread/INFO]: [CHAT] [1,873]SoggyHotdog2244 has joined.
[15:23:30] [Client thread/INFO]: [CHAT] [108]Spideyboy14: https://youtube.com/user/TheSpideyVision
[15:23:33] [Client thread/INFO]: [CHAT] [82]bobbyjanks: team anyone
[15:23:34] [Client thread/INFO]: [CHAT] [3]Masher77 has left.
[15:23:35] [Client thread/INFO]: [CHAT] [7]TheMiickexX: yaaaaaaaaaaaaaaaaaaaaaaaaaaaaa
[15:23:36] [Client thread/INFO]: [CHAT] [85]TheSelfieMaster has joined.
[15:23:37] [Client thread/INFO]: [CHAT] [988]superninjaboss7 has joined.
[15:23:38] [Client thread/INFO]: [CHAT] [76]smmcduff: hi jake
[15:23:45] [Client thread/INFO]: [CHAT] [MCSG] [60] seconds until lobby ends!
[15:23:46] [Client thread/INFO]: [CHAT] [MCSG] Players waiting: [24/24]. Game requires [12] to play.
[15:23:46] [Client thread/INFO]: [CHAT] [MCSG] Vote using [/vote #].
[15:23:46] [Client thread/INFO]: [CHAT] [MCSG] Previous maps played: Survival Games Highway
[15:23:46] [Client thread/INFO]: [CHAT] [MCSG] 1  >  | 0 Votes | 0% Chance | The Survival Games 3
[15:23:46] [Client thread/INFO]: [CHAT] [MCSG] 2  >  | 0 Votes | 0% Chance | The Survival Games 5
[15:23:46] [Client thread/INFO]: [CHAT] [MCSG] 3  >  | 4 Votes | 57.14% Chance | Mortal Skies
[15:23:46] [Client thread/INFO]: [CHAT] [MCSG] 4  >  | 2 Votes | 28.57% Chance | The Eye of Horus
[15:23:46] [Client thread/INFO]: [CHAT] [MCSG] 5  >  | 1 Votes | 14.29% Chance | Teweran Survival Games 3: Futuristic City
[15:23:47] [Client thread/INFO]: [CHAT] [1873]SoggyHotdog2244: team skjols
[15:23:54] [Client thread/INFO]: [CHAT] [988]superninjaboss7: #afk
[15:24:01] [Client thread/INFO]: [CHAT] [*] Use /hub to go back to the hub at any time!
[15:24:16] [Client thread/INFO]: [CHAT] [MCSG] [30] seconds until lobby ends!
[15:24:16] [Client thread/INFO]: [CHAT] [MCSG] Players waiting: [24/24]. Game requires [12] to play.
[15:24:16] [Client thread/INFO]: [CHAT] [MCSG] Vote using [/vote #].
[15:24:16] [Client thread/INFO]: [CHAT] [MCSG] Previous maps played: Survival Games Highway
[15:24:16] [Client thread/INFO]: [CHAT] [MCSG] 1  >  | 0 Votes | 0% Chance | The Survival Games 3
[15:24:16] [Client thread/INFO]: [CHAT] [MCSG] 2  >  | 0 Votes | 0% Chance | The Survival Games 5
[15:24:16] [Client thread/INFO]: [CHAT] [MCSG] 3  >  | 5 Votes | 62.5% Chance | Mortal Skies
[15:24:16] [Client thread/INFO]: [CHAT] [MCSG] 4  >  | 2 Votes | 25% Chance | The Eye of Horus
[15:24:16] [Client thread/INFO]: [CHAT] [MCSG] 5  >  | 1 Votes | 12.5% Chance | Teweran Survival Games 3: Futuristic City
[15:24:23] [Client thread/INFO]: [CHAT] [76]smmcduff: jake team ?
[15:24:27] [Client thread/INFO]: [CHAT] [78]zoomex456: i sent it
[15:24:34] [Client thread/INFO]: [CHAT] [108]Spideyboy14: oh yeah thanks Orlando!
[15:24:36] [Client thread/INFO]: [CHAT] [MCSG] [10] seconds until lobby ends!
[15:24:41] [Client thread/INFO]: [CHAT] [MCSG] [5] seconds until lobby ends!
[15:24:42] [Client thread/INFO]: [CHAT] [MCSG] [4] seconds until lobby ends!
[15:24:43] [Client thread/INFO]: [CHAT] [MCSG] [3] seconds until lobby ends!
[15:24:44] [Client thread/INFO]: [CHAT] [MCSG] [2] seconds until lobby ends!
[15:24:45] [Client thread/INFO]: [CHAT] [MCSG] [1] second until lobby ends!
[15:24:46] [Client thread/INFO]: [CHAT] [MCSG] Map name: Mortal Skies
[15:24:46] [Client thread/INFO]: [CHAT] [MCSG] Map author: Red Forest
[15:24:46] [Client thread/INFO]: [CHAT] [MCSG] Map link: http://mcredforest.tk/
[15:24:46] [Client thread/INFO]: [CHAT] [MCSG] Please wait [30] seconds before the games begin.
[15:24:48] [Client thread/INFO]: [CHAT] [MCSG] [30] seconds until the games begin!
[15:24:50] [Client thread/INFO]: [CHAT] [0]5|Popcherrios: yw
[15:24:57] [Client thread/INFO]: [CHAT] [0]7|superninjaboss7: og
[15:25:04] [Client thread/INFO]: [CHAT] [0]3|Keltatta: to dah left!
[15:25:07] [Client thread/INFO]: [CHAT] [MCSG] [10] seconds until the games begin!
[15:25:12] [Client thread/INFO]: [CHAT] [MCSG] [5] seconds until the games begin!
[15:25:13] [Client thread/INFO]: [CHAT] [MCSG] [4] seconds until the games begin!
[15:25:14] [Client thread/INFO]: [CHAT] [MCSG] [3] seconds until the games begin!
[15:25:15] [Client thread/INFO]: [CHAT] [MCSG] [2] seconds until the games begin!
[15:25:16] [Client thread/INFO]: [CHAT] [MCSG] [1] second until the games begin!
[15:25:17] [Client thread/INFO]: [CHAT] [MCSG] The games have begun!
[15:25:18] [Client thread/INFO]: [CHAT] [MCSG] [30] minutes until deathmatch!
[15:25:23] [Client thread/INFO]: [CHAT] [MCSG] Only [23] tributes remain!
[15:25:23] [Client thread/INFO]: [CHAT] [MCSG] There are [1] spectators watching the game.
[15:25:23] [Client thread/INFO]: [CHAT] A cannon can be heard in the distance.
[15:25:25] [Client thread/INFO]: [CHAT] [MCSG] Only [23] tributes remain!
[15:25:25] [Client thread/INFO]: [CHAT] [MCSG] There are [1] spectators watching the game.
[15:25:25] [Client thread/INFO]: [CHAT] [177]ElkosGamer has left.
[15:25:28] [Client thread/INFO]: [CHAT] [MCSG] Only [22] tributes remain!
[15:25:28] [Client thread/INFO]: [CHAT] [MCSG] There are [1] spectators watching the game.
[15:25:28] [Client thread/INFO]: [CHAT] [1,873]SoggyHotdog2244 has left.
[15:25:30] [Client thread/INFO]: [CHAT] [100]bandito_thomaso has left.
[15:25:36] [Client thread/INFO]: [CHAT] [MCSG] Only [20] tributes remain!
[15:25:36] [Client thread/INFO]: [CHAT] [MCSG] There are [1] spectators watching the game.
[15:25:36] [Client thread/INFO]: [CHAT] A cannon can be heard in the distance.
[15:25:44] [Client thread/INFO]: [CHAT] [MCSG] Only [19] tributes remain!
[15:25:44] [Client thread/INFO]: [CHAT] [MCSG] There are [2] spectators watching the game.
[15:25:44] [Client thread/INFO]: [CHAT] A cannon can be heard in the distance.
[15:25:46] [Client thread/INFO]: [CHAT] [MCSG] You have been eliminated from the games.
[15:25:46] [Client thread/INFO]: [CHAT] [MCSG] Only [18] tributes remain!
[15:25:46] [Client thread/INFO]: [CHAT] [MCSG] There are [3] spectators watching the game.
[15:25:46] [Client thread/INFO]: [CHAT] A cannon can be heard in the distance.
[15:25:46] [Client thread/INFO]: [CHAT] [MCSG] Teleporting to Super_Colin.
[15:25:46] [Client thread/INFO]: [CHAT] [MCSG] You've lost [4] points for dying!
[15:25:46] [Client thread/INFO]: [CHAT] [MCSG] Only [17] tributes remain!
[15:25:46] [Client thread/INFO]: [CHAT] [MCSG] There are [4] spectators watching the game.
[15:25:46] [Client thread/INFO]: [CHAT] A cannon can be heard in the distance.
[15:25:47] [Client thread/INFO]: [CHAT] [MCSG] Teleporting to Keltatta.
[15:25:48] [Client thread/INFO]: [CHAT] [MCSG] Only [16] tributes remain!
[15:25:48] [Client thread/INFO]: [CHAT] [MCSG] There are [5] spectators watching the game.
[15:25:48] [Client thread/INFO]: [CHAT] A cannon can be heard in the distance.
[15:25:48] [Client thread/INFO]: [CHAT] [MCSG] Only [15] tributes remain!
[15:25:48] [Client thread/INFO]: [CHAT] [MCSG] There are [6] spectators watching the game.
[15:25:48] [Client thread/INFO]: [CHAT] A cannon can be heard in the distance.
[15:25:53] [Client thread/INFO]: [CHAT] [58]haileybailey912 has left.
[15:25:53] [Client thread/INFO]: [CHAT] [*] Use /hub to go back to the hub at any time!
[15:25:54] [Client thread/INFO]: [CHAT] Your game mode has been updated
[15:25:54] [Client thread/INFO]: [CHAT] [MCGamer] Welcome to the Minecraft Gamer Network!
[15:25:54] [Client thread/INFO]: [CHAT] [MCGamer] Players are now hidden - use your clock to make them visible again.
[15:26:00] [Client thread/INFO]: [CHAT] [*] Use /hub to go back to the hub at any time!
[15:26:00] [Client thread/INFO]: [CHAT] [78]bobbyjanks has joined.
[15:26:00] [Client thread/INFO]: [CHAT] [MCSG] Welcome to US: 85!
[15:26:00] [Client thread/INFO]: [CHAT] There are [1] new community polls available!
[15:26:00] [Client thread/INFO]: [CHAT] Use [/poll] to check them out and help improve the game.
[15:26:00] [Client thread/INFO]: [CHAT]                          
[15:26:01] [Client thread/INFO]: [CHAT] [2,366]RazorSlime has joined.
[15:26:04] [Client thread/INFO]: [CHAT] [MCSG] Players waiting: [3/24]. Game requires [12] to play.
[15:26:04] [Client thread/INFO]: [CHAT] [MCSG] Vote using [/vote #].
[15:26:04] [Client thread/INFO]: [CHAT] [MCSG] Previous maps played: Lobby Games
[15:26:04] [Client thread/INFO]: [CHAT] [MCSG] 1  >  | 0 Votes | 20% Chance | Survival Kingdom
[15:26:04] [Client thread/INFO]: [CHAT] [MCSG] 2  >  | 0 Votes | 20% Chance | Valleyside University
[15:26:04] [Client thread/INFO]: [CHAT] [MCSG] 3  >  | 0 Votes | 20% Chance | Origins (Requiem v2.0)
[15:26:04] [Client thread/INFO]: [CHAT] [MCSG] 4  >  | 0 Votes | 20% Chance | Teweran Survival Games 2
[15:26:04] [Client thread/INFO]: [CHAT] [MCSG] 5  >  | 0 Votes | 20% Chance | Solar Frost
[15:26:08] [Client thread/INFO]: [CHAT] [MCSG] [2] minutes until lobby ends!
[15:26:08] [Client thread/INFO]: [CHAT] [MCSG] Players waiting: [3/24]. Game requires [12] to play.
[15:26:08] [Client thread/INFO]: [CHAT] [MCSG] Vote using [/vote #].
[15:26:08] [Client thread/INFO]: [CHAT] [MCSG] Previous maps played: Lobby Games
[15:26:08] [Client thread/INFO]: [CHAT] [MCSG] 1  >  | 0 Votes | 20% Chance | Survival Kingdom
[15:26:08] [Client thread/INFO]: [CHAT] [MCSG] 2  >  | 0 Votes | 20% Chance | Valleyside University
[15:26:08] [Client thread/INFO]: [CHAT] [MCSG] 3  >  | 0 Votes | 20% Chance | Origins (Requiem v2.0)
[15:26:08] [Client thread/INFO]: [CHAT] [MCSG] 4  >  | 0 Votes | 20% Chance | Teweran Survival Games 2
[15:26:08] [Client thread/INFO]: [CHAT] [MCSG] 5  >  | 0 Votes | 20% Chance | Solar Frost
[15:26:10] [Client thread/INFO]: [CHAT] [MCSG] Your map now has [1] votes.
[15:26:12] [Client thread/INFO]: [CHAT] [309]DEVMSVM has joined.
[15:26:14] [Client thread/INFO]: [CHAT] [489]kyle199813 has joined.
[15:26:14] [Client thread/INFO]: [CHAT] [2,366]RazorSlime has left.
[15:26:16] [Client thread/INFO]: [CHAT] [88]Jigyasa13 has joined.
[15:26:17] [Client thread/INFO]: [CHAT] [74]terminator1973 has joined.
[15:26:24] [Client thread/INFO]: [CHAT] [74]terminator1973 has left.
[15:26:31] [Client thread/INFO]: [CHAT] [162]BenGoldenIsBoss has joined.
[15:26:31] [Client thread/INFO]: [CHAT] [896]CreeperGoesPro has joined.
[15:26:33] [Client thread/INFO]: [CHAT] [122]julianarvide has joined.
[15:26:38] [Client thread/INFO]: [CHAT] [MCSG] [1.5] minutes until lobby ends!
[15:26:38] [Client thread/INFO]: [CHAT] [MCSG] Players waiting: [8/24]. Game requires [12] to play.
[15:26:38] [Client thread/INFO]: [CHAT] [MCSG] Vote using [/vote #].
[15:26:38] [Client thread/INFO]: [CHAT] [MCSG] Previous maps played: Lobby Games
[15:26:38] [Client thread/INFO]: [CHAT] [MCSG] 1  >  | 0 Votes | 0% Chance | Survival Kingdom
[15:26:38] [Client thread/INFO]: [CHAT] [MCSG] 2  >  | 2 Votes | 66.67% Chance | Valleyside University
[15:26:38] [Client thread/INFO]: [CHAT] [MCSG] 3  >  | 0 Votes | 0% Chance | Origins (Requiem v2.0)
[15:26:38] [Client thread/INFO]: [CHAT] [MCSG] 4  >  | 0 Votes | 0% Chance | Teweran Survival Games 2
[15:26:38] [Client thread/INFO]: [CHAT] [MCSG] 5  >  | 1 Votes | 33.33% Chance | Solar Frost
[15:26:44] [Client thread/INFO]: [CHAT] [431]tygill34 has joined.
[15:26:45] [Client thread/INFO]: [CHAT] [88]Jigyasa13: teweran sg 1
[15:26:46] [Client thread/INFO]: [CHAT] [62]matteyv123 has joined.
[15:26:47] [Client thread/INFO]: [CHAT] [164]Yoshie123455 has joined.
[15:26:49] [Client thread/INFO]: [CHAT] [361]Ironwazzerr has joined.
[15:26:56] [Client thread/INFO]: [CHAT] [62]ptownboy619 has joined.
[15:26:56] [Client thread/INFO]: [CHAT] [62]ptownboy619 has left.
[15:26:56] [Client thread/INFO]: [CHAT] [120]Adifro has joined.
[15:26:56] [Client thread/INFO]: [CHAT] [113]carleebrayden123 has joined.
[15:26:56] [Client thread/INFO]: [CHAT] [192]McFancy_Gabe has joined.
[15:26:56] [Client thread/INFO]: [CHAT] [113]carleebrayden123 has left.
[15:26:58] [Client thread/INFO]: [CHAT] [3,673]xxSPUxx has joined.
[15:27:02] [Client thread/INFO]: [CHAT] [258]averageunicorns has joined.
[15:27:05] [Client thread/INFO]: [CHAT] [27]Tiffy55 has joined.
[15:27:07] [Client thread/INFO]: [CHAT] [156]Cookiedoesgamez has joined.
[15:27:07] [Client thread/INFO]: [CHAT] [156]Cookiedoesgamez has left.
[15:27:07] [Client thread/INFO]: [CHAT] [223]ChappyLover511 has joined.
[15:27:08] [Client thread/INFO]: [CHAT] [513]AveragePandaa has joined.
[15:27:08] [Client thread/INFO]: [CHAT] [MCSG] [60] seconds until lobby ends!
[15:27:08] [Client thread/INFO]: [CHAT] [MCSG] Players waiting: [19/24]. Game requires [12] to play.
[15:27:08] [Client thread/INFO]: [CHAT] [MCSG] Vote using [/vote #].
[15:27:08] [Client thread/INFO]: [CHAT] [MCSG] Previous maps played: Lobby Games
[15:27:08] [Client thread/INFO]: [CHAT] [MCSG] 1  >  | 0 Votes | 0% Chance | Survival Kingdom
[15:27:08] [Client thread/INFO]: [CHAT] [MCSG] 2  >  | 9 Votes | 90% Chance | Valleyside University
[15:27:08] [Client thread/INFO]: [CHAT] [MCSG] 3  >  | 0 Votes | 0% Chance | Origins (Requiem v2.0)
[15:27:08] [Client thread/INFO]: [CHAT] [MCSG] 4  >  | 0 Votes | 0% Chance | Teweran Survival Games 2
[15:27:08] [Client thread/INFO]: [CHAT] [MCSG] 5  >  | 1 Votes | 10% Chance | Solar Frost
[15:27:09] [Client thread/INFO]: [CHAT] [457]fluffyfoxes has joined.
[15:27:12] [Client thread/INFO]: [CHAT] [120]Adifro: team?
[15:27:12] [Client thread/INFO]: [CHAT] [693]vizzed512 has joined.
[15:27:16] [Client thread/INFO]: [CHAT] [258]averageunicorns: .
[15:27:19] [Client thread/INFO]: [CHAT] [223]ChappyLover511: .
[15:27:20] [Client thread/INFO]: [CHAT] [143]hayway5823 has joined.
[15:27:22] [Client thread/INFO]: [CHAT] [693]vizzed512: .
[15:27:22] [Client thread/INFO]: [CHAT] [22]anna_xx has joined.
[15:27:25] [Client thread/INFO]: [CHAT] [82]MLoggie has joined.
[15:27:29] [Client thread/INFO]: [CHAT] [27]Tiffy55 has left.
[15:27:29] [Client thread/INFO]: [CHAT] [197]banabonablejc has joined.
[15:27:37] [Client thread/INFO]: [CHAT] [197]banabonablejc has left.
[15:27:37] [Client thread/INFO]: [CHAT] [3,677]WATIII has joined.
[15:27:39] [Client thread/INFO]: [CHAT] [MCSG] [30] seconds until lobby ends!
[15:27:39] [Client thread/INFO]: [CHAT] [MCSG] Players waiting: [24/24]. Game requires [12] to play.
[15:27:39] [Client thread/INFO]: [CHAT] [MCSG] Vote using [/vote #].
[15:27:39] [Client thread/INFO]: [CHAT] [MCSG] Previous maps played: Lobby Games
[15:27:39] [Client thread/INFO]: [CHAT] [MCSG] 1  >  | 1 Votes | 6.67% Chance | Survival Kingdom
[15:27:39] [Client thread/INFO]: [CHAT] [MCSG] 2  >  | 11 Votes | 73.33% Chance | Valleyside University
[15:27:39] [Client thread/INFO]: [CHAT] [MCSG] 3  >  | 0 Votes | 0% Chance | Origins (Requiem v2.0)
[15:27:39] [Client thread/INFO]: [CHAT] [MCSG] 4  >  | 1 Votes | 6.67% Chance | Teweran Survival Games 2
[15:27:39] [Client thread/INFO]: [CHAT] [MCSG] 5  >  | 2 Votes | 13.33% Chance | Solar Frost
[15:27:53] [Client thread/INFO]: [CHAT] [192]McFancy_Gabe: watiii nice stats
[15:27:57] [Client thread/INFO]: [CHAT] [361]Ironwazzerr: hey watiii
[15:27:59] [Client thread/INFO]: [CHAT] [MCSG] [10] seconds until lobby ends!
[15:28:04] [Client thread/INFO]: [CHAT] [MCSG] [5] seconds until lobby ends!
[15:28:05] [Client thread/INFO]: [CHAT] [MCSG] [4] seconds until lobby ends!
[15:28:06] [Client thread/INFO]: [CHAT] [MCSG] [3] seconds until lobby ends!
[15:28:07] [Client thread/INFO]: [CHAT] [MCSG] [2] seconds until lobby ends!
[15:28:08] [Client thread/INFO]: [CHAT] [MCSG] [1] second until lobby ends!
[15:28:09] [Client thread/INFO]: [CHAT] [MCSG] Map name: Valleyside University
[15:28:09] [Client thread/INFO]: [CHAT] [MCSG] Map author: Kosmish
[15:28:09] [Client thread/INFO]: [CHAT] [MCSG] Map link: http://bit.ly/11F5grX
[15:28:09] [Client thread/INFO]: [CHAT] [MCSG] Please wait [30] seconds before the games begin.
[15:28:10] [Client thread/INFO]: [CHAT] [MCSG] [30] seconds until the games begin!
[15:28:12] [Client thread/INFO]: [CHAT] A cannon can be heard in the distance.
[15:28:30] [Client thread/INFO]: [CHAT] [MCSG] [10] seconds until the games begin!
[15:28:35] [Client thread/INFO]: [CHAT] [MCSG] [5] seconds until the games begin!
[15:28:36] [Client thread/INFO]: [CHAT] [MCSG] [4] seconds until the games begin!
[15:28:37] [Client thread/INFO]: [CHAT] [MCSG] [3] seconds until the games begin!
[15:28:38] [Client thread/INFO]: [CHAT] [MCSG] [2] seconds until the games begin!
[15:28:39] [Client thread/INFO]: [CHAT] [MCSG] [1] second until the games begin!
[15:28:40] [Client thread/INFO]: [CHAT] [MCSG] The games have begun!
[15:28:41] [Client thread/INFO]: [CHAT] [MCSG] [30] minutes until deathmatch!
[15:29:01] [Client thread/INFO]: [CHAT] [*] Too many players in the hub? Right-click your clock!
[15:29:08] [Client thread/INFO]: [CHAT] [3,677]WATIII has left.
[15:29:15] [Client thread/INFO]: [CHAT] [MCSG] Only [22] tributes remain!
[15:29:15] [Client thread/INFO]: [CHAT] [MCSG] There are [1] spectators watching the game.
[15:29:15] [Client thread/INFO]: [CHAT] A cannon can be heard in the distance.
[15:29:55] [Client thread/INFO]: [CHAT] [MCSG] Only [21] tributes remain!
[15:29:55] [Client thread/INFO]: [CHAT] [MCSG] There are [2] spectators watching the game.
[15:29:55] [Client thread/INFO]: [CHAT] A cannon can be heard in the distance.
[15:30:08] [Client thread/INFO]: [CHAT] [MCSG] Only [20] tributes remain!
[15:30:08] [Client thread/INFO]: [CHAT] [MCSG] There are [3] spectators watching the game.
[15:30:08] [Client thread/INFO]: [CHAT] A cannon can be heard in the distance.
[15:30:28] [Client thread/INFO]: [CHAT] [3,677]WATIII has joined.
[15:31:02] [Client thread/INFO]: [CHAT] [MCSG] Only [19] tributes remain!
[15:31:02] [Client thread/INFO]: [CHAT] [MCSG] There are [5] spectators watching the game.
[15:31:02] [Client thread/INFO]: [CHAT] A cannon can be heard in the distance.
[15:31:27] [Client thread/INFO]: [CHAT] [MCSG] Only [18] tributes remain!
[15:31:27] [Client thread/INFO]: [CHAT] [MCSG] There are [6] spectators watching the game.
[15:31:27] [Client thread/INFO]: [CHAT] A cannon can be heard in the distance.
[15:31:30] [Client thread/INFO]: [CHAT] [154]BenGoldenIsBoss has left.
[15:31:31] [Client thread/INFO]: [CHAT] [MCSG] Only [17] tributes remain!
[15:31:31] [Client thread/INFO]: [CHAT] [MCSG] There are [6] spectators watching the game.
[15:31:31] [Client thread/INFO]: [CHAT] A cannon can be heard in the distance.
[15:31:31] [Client thread/INFO]: [CHAT] [59]matteyv123 has left.
[15:31:37] [Client thread/INFO]: [CHAT] [MCSG] Only [16] tributes remain!
[15:31:37] [Client thread/INFO]: [CHAT] [MCSG] There are [6] spectators watching the game.
[15:31:37] [Client thread/INFO]: [CHAT] A cannon can be heard in the distance.
[15:31:47] [Client thread/INFO]: [CHAT] [315]DEVMSVM has left.
[15:31:50] [Client thread/INFO]: [CHAT] [116]julianarvide has left.
[15:32:25] [Client thread/INFO]: [CHAT] [MCSG] Only [15] tributes remain!
[15:32:25] [Client thread/INFO]: [CHAT] [MCSG] There are [5] spectators watching the game.
[15:32:25] [Client thread/INFO]: [CHAT] A cannon can be heard in the distance.
[15:33:09] [Client thread/INFO]: [CHAT] [410]tygill34 has left.
[15:33:41] [Client thread/INFO]: [CHAT] [MCSG] [25] minutes until deathmatch!
[15:33:54] [Client thread/INFO]: [CHAT] [MCSG] Only [14] tributes remain!
[15:33:54] [Client thread/INFO]: [CHAT] [MCSG] There are [5] spectators watching the game.
[15:33:54] [Client thread/INFO]: [CHAT] A cannon can be heard in the distance.
[15:33:58] [Client thread/INFO]: [CHAT] [MCSG] Only [13] tributes remain!
[15:33:58] [Client thread/INFO]: [CHAT] [MCSG] There are [6] spectators watching the game.
[15:33:58] [Client thread/INFO]: [CHAT] A cannon can be heard in the distance.
[15:34:01] [Client thread/INFO]: [CHAT] [*] Check out our website at http://www.mcgamer.net!
[15:34:06] [Client thread/INFO]: [CHAT] [MCSG] Only [12] tributes remain!
[15:34:06] [Client thread/INFO]: [CHAT] [MCSG] There are [7] spectators watching the game.
[15:34:06] [Client thread/INFO]: [CHAT] A cannon can be heard in the distance.
[15:34:10] [Client thread/INFO]: [CHAT] [MCSG] Only [11] tributes remain!
[15:34:10] [Client thread/INFO]: [CHAT] [MCSG] There are [8] spectators watching the game.
[15:34:10] [Client thread/INFO]: [CHAT] A cannon can be heard in the distance.
[15:34:16] [Client thread/INFO]: [CHAT] [MCSG] Only [10] tributes remain!
[15:34:16] [Client thread/INFO]: [CHAT] [MCSG] There are [9] spectators watching the game.
[15:34:16] [Client thread/INFO]: [CHAT] A cannon can be heard in the distance.
[15:34:20] [Client thread/INFO]: [CHAT] [250]averageunicorns has left.
[15:34:20] [Client thread/INFO]: [CHAT] [488]AveragePandaa has left.
[15:34:22] [Client thread/INFO]: [CHAT] [684]vizzed512 has left.
[15:34:23] [Client thread/INFO]: [CHAT] [212]ChappyLover511 has left.
[15:34:23] [Client thread/INFO]: [CHAT] [MCSG] Only [9] tributes remain!
[15:34:23] [Client thread/INFO]: [CHAT] [MCSG] There are [6] spectators watching the game.
[15:34:23] [Client thread/INFO]: [CHAT] A cannon can be heard in the distance.
[15:34:37] [Client thread/INFO]: [CHAT] [22]anna_xx has left.
[15:34:52] [Client thread/INFO]: [CHAT] [22]anna_xx has joined.
[15:35:12] [Client thread/INFO]: [CHAT] [MCSG] Only [8] tributes remain!
[15:35:12] [Client thread/INFO]: [CHAT] [MCSG] There are [7] spectators watching the game.
[15:35:12] [Client thread/INFO]: [CHAT] A cannon can be heard in the distance.
[15:35:15] [Client thread/INFO]: [CHAT] [114]Adifro has left.
[15:35:23] [Client thread/INFO]: [CHAT] [3,677]WATIII has left.
[15:35:34] [Client thread/INFO]: [CHAT] [366]Ironwazzerr has left.
[15:36:04] [Client thread/INFO]: [CHAT] [MCSG] Only [7] tributes remain!
[15:36:04] [Client thread/INFO]: [CHAT] [MCSG] There are [5] spectators watching the game.
[15:36:04] [Client thread/INFO]: [CHAT] A cannon can be heard in the distance.
[15:36:20] [Client thread/INFO]: [CHAT] [3,677]WATIII has joined.
[15:36:45] [Client thread/INFO]: [CHAT] [897]CreeperGoesPro has left.
[15:36:48] [Client thread/INFO]: [CHAT] [MCSG] Only [6] tributes remain!
[15:36:49] [Client thread/INFO]: [CHAT] [MCSG] There are [6] spectators watching the game.
[15:36:49] [Client thread/INFO]: [CHAT] A cannon can be heard in the distance.
[15:36:59] [Client thread/INFO]: [CHAT] [435]fluffyfoxes has left.
[15:37:06] [Client thread/INFO]: [CHAT] [136]hayway5823 has left.
[15:37:18] [Client thread/INFO]: [CHAT] [MCSG] Only [5] tributes remain!
[15:37:18] [Client thread/INFO]: [CHAT] [MCSG] There are [5] spectators watching the game.
[15:37:18] [Client thread/INFO]: [CHAT] A cannon can be heard in the distance.
[15:37:19] [Client thread/INFO]: [CHAT] [MCSG] Only [4] tributes remain!
[15:37:19] [Client thread/INFO]: [CHAT] [MCSG] There are [6] spectators watching the game.
[15:37:19] [Client thread/INFO]: [CHAT] A cannon can be heard in the distance.
[15:37:39] [Client thread/INFO]: [CHAT] [MCSG] You have been eliminated from the games.
[15:37:39] [Client thread/INFO]: [CHAT] [MCSG] Only [3] tributes remain!
[15:37:39] [Client thread/INFO]: [CHAT] [MCSG] There are [7] spectators watching the game.
[15:37:39] [Client thread/INFO]: [CHAT] A cannon can be heard in the distance.
[15:37:40] [Client thread/INFO]: [CHAT] [MCSG] [60] seconds until deathmatch!
[15:37:44] [Client thread/INFO]: [CHAT] [22]anna_xx has left.
[15:37:46] [Client thread/INFO]: [CHAT] [MCSG] Teleporting to xxSPUxx.
[15:37:46] [Client thread/INFO]: [CHAT] [183]McFancy_Gabe has left.
[15:37:57] [Client thread/INFO]: [CHAT] [*] Use /hub to go back to the hub at any time!
[15:37:58] [Client thread/INFO]: [CHAT] Your game mode has been updated
[15:37:58] [Client thread/INFO]: [CHAT] [MCGamer] Welcome to the Minecraft Gamer Network!
[15:37:58] [Client thread/INFO]: [CHAT] [MCGamer] Players are now hidden - use your clock to make them visible again.
[15:37:58] [Client thread/INFO]: [CHAT] [90]lexy0727: my skype is hotgirl101
[15:38:07] [Client thread/ERROR]: ########## GL ERROR ##########
[15:38:07] [Client thread/ERROR]: @ Post render
[15:38:07] [Client thread/ERROR]: 1286: Invalid framebuffer operation
[15:38:07] [Client thread/ERROR]: ########## GL ERROR ##########
[15:38:07] [Client thread/ERROR]: @ Post render
[15:38:07] [Client thread/ERROR]: 1286: Invalid framebuffer operation
[15:38:07] [Client thread/ERROR]: ########## GL ERROR ##########
[15:38:07] [Client thread/ERROR]: @ Post render
[15:38:07] [Client thread/ERROR]: 1286: Invalid framebuffer operation
[15:38:07] [Client thread/ERROR]: ########## GL ERROR ##########
[15:38:07] [Client thread/ERROR]: @ Post render
[15:38:07] [Client thread/ERROR]: 1286: Invalid framebuffer operation
[15:38:07] [Client thread/ERROR]: ########## GL ERROR ##########
[15:38:07] [Client thread/ERROR]: @ Post render
[15:38:07] [Client thread/ERROR]: 1286: Invalid framebuffer operation
[15:38:07] [Client thread/ERROR]: ########## GL ERROR ##########
[15:38:07] [Client thread/ERROR]: @ Post render
[15:38:07] [Client thread/ERROR]: 1286: Invalid framebuffer operation
[15:38:07] [Client thread/ERROR]: ########## GL ERROR ##########
[15:38:07] [Client thread/ERROR]: @ Post render
[15:38:07] [Client thread/ERROR]: 1286: Invalid framebuffer operation
[15:38:07] [Client thread/ERROR]: ########## GL ERROR ##########
[15:38:07] [Client thread/ERROR]: @ Post render
[15:38:07] [Client thread/ERROR]: 1286: Invalid framebuffer operation
[15:38:07] [Client thread/ERROR]: ########## GL ERROR ##########
[15:38:07] [Client thread/ERROR]: @ Post render
[15:38:07] [Client thread/ERROR]: 1286: Invalid framebuffer operation
[15:38:07] [Client thread/ERROR]: ########## GL ERROR ##########
[15:38:07] [Client thread/ERROR]: @ Post render
[15:38:07] [Client thread/ERROR]: 1286: Invalid framebuffer operation
[15:38:07] [Client thread/ERROR]: ########## GL ERROR ##########
[15:38:07] [Client thread/ERROR]: @ Post render
[15:38:07] [Client thread/ERROR]: 1286: Invalid framebuffer operation
[15:38:07] [Client thread/ERROR]: ########## GL ERROR ##########
[15:38:07] [Client thread/ERROR]: @ Post render
[15:38:07] [Client thread/ERROR]: 1286: Invalid framebuffer operation
[15:38:07] [Client thread/ERROR]: ########## GL ERROR ##########
[15:38:07] [Client thread/ERROR]: @ Post render
[15:38:07] [Client thread/ERROR]: 1286: Invalid framebuffer operation
[15:38:07] [Client thread/ERROR]: ########## GL ERROR ##########
[15:38:07] [Client thread/ERROR]: @ Post render
[15:38:07] [Client thread/ERROR]: 1286: Invalid framebuffer operation
[15:38:07] [Client thread/ERROR]: ########## GL ERROR ##########
[15:38:07] [Client thread/ERROR]: @ Post render
[15:38:07] [Client thread/ERROR]: 1286: Invalid framebuffer operation
[15:38:07] [Client thread/ERROR]: ########## GL ERROR ##########
[15:38:07] [Client thread/ERROR]: @ Post render
[15:38:07] [Client thread/ERROR]: 1286: Invalid framebuffer operation
[15:38:07] [Client thread/ERROR]: ########## GL ERROR ##########
[15:38:07] [Client thread/ERROR]: @ Post render
[15:38:07] [Client thread/ERROR]: 1286: Invalid framebuffer operation
[15:38:07] [Client thread/ERROR]: ########## GL ERROR ##########
[15:38:07] [Client thread/ERROR]: @ Post render
[15:38:07] [Client thread/ERROR]: 1286: Invalid framebuffer operation
[15:38:07] [Client thread/ERROR]: ########## GL ERROR ##########
[15:38:07] [Client thread/ERROR]: @ Post render
[15:38:07] [Client thread/ERROR]: 1286: Invalid framebuffer operation
[15:38:07] [Client thread/ERROR]: ########## GL ERROR ##########
[15:38:07] [Client thread/ERROR]: @ Post render
[15:38:07] [Client thread/ERROR]: 1286: Invalid framebuffer operation
[15:38:07] [Client thread/ERROR]: ########## GL ERROR ##########
[15:38:07] [Client thread/ERROR]: @ Post render
[15:38:07] [Client thread/ERROR]: 1286: Invalid framebuffer operation
[15:38:07] [Client thread/ERROR]: ########## GL ERROR ##########
[15:38:07] [Client thread/ERROR]: @ Post render
[15:38:07] [Client thread/ERROR]: 1286: Invalid framebuffer operation
[15:38:07] [Client thread/ERROR]: ########## GL ERROR ##########
[15:38:07] [Client thread/ERROR]: @ Post render
[15:38:07] [Client thread/ERROR]: 1286: Invalid framebuffer operation
[15:38:07] [Client thread/ERROR]: ########## GL ERROR ##########
[15:38:07] [Client thread/ERROR]: @ Post render
[15:38:07] [Client thread/ERROR]: 1286: Invalid framebuffer operation
[15:38:07] [Client thread/ERROR]: ########## GL ERROR ##########
[15:38:07] [Client thread/ERROR]: @ Post render
[15:38:07] [Client thread/ERROR]: 1286: Invalid framebuffer operation
[15:38:08] [Client thread/ERROR]: ########## GL ERROR ##########
[15:38:08] [Client thread/ERROR]: @ Post render
[15:38:08] [Client thread/ERROR]: 1286: Invalid framebuffer operation
[15:38:08] [Client thread/ERROR]: ########## GL ERROR ##########
[15:38:08] [Client thread/ERROR]: @ Post render
[15:38:08] [Client thread/ERROR]: 1286: Invalid framebuffer operation
[15:38:08] [Client thread/ERROR]: ########## GL ERROR ##########
[15:38:08] [Client thread/ERROR]: @ Post render
[15:38:08] [Client thread/ERROR]: 1286: Invalid framebuffer operation
[15:38:08] [Client thread/ERROR]: ########## GL ERROR ##########
[15:38:08] [Client thread/ERROR]: @ Post render
[15:38:08] [Client thread/ERROR]: 1286: Invalid framebuffer operation
[15:38:08] [Client thread/ERROR]: ########## GL ERROR ##########
[15:38:08] [Client thread/ERROR]: @ Post render
[15:38:08] [Client thread/ERROR]: 1286: Invalid framebuffer operation
[15:38:08] [Client thread/ERROR]: ########## GL ERROR ##########
[15:38:08] [Client thread/ERROR]: @ Post render
[15:38:08] [Client thread/ERROR]: 1286: Invalid framebuffer operation
[15:38:08] [Client thread/ERROR]: ########## GL ERROR ##########
[15:38:08] [Client thread/ERROR]: @ Post render
[15:38:08] [Client thread/ERROR]: 1286: Invalid framebuffer operation
[15:38:08] [Client thread/ERROR]: ########## GL ERROR ##########
[15:38:08] [Client thread/ERROR]: @ Post render
[15:38:08] [Client thread/ERROR]: 1286: Invalid framebuffer operation
[15:38:08] [Client thread/ERROR]: ########## GL ERROR ##########
[15:38:08] [Client thread/ERROR]: @ Post render
[15:38:08] [Client thread/ERROR]: 1286: Invalid framebuffer operation
[15:38:08] [Client thread/ERROR]: ########## GL ERROR ##########
[15:38:08] [Client thread/ERROR]: @ Post render
[15:38:08] [Client thread/ERROR]: 1286: Invalid framebuffer operation
[15:38:08] [Client thread/ERROR]: ########## GL ERROR ##########
[15:38:08] [Client thread/ERROR]: @ Post render
[15:38:08] [Client thread/ERROR]: 1286: Invalid framebuffer operation
[15:38:08] [Client thread/ERROR]: ########## GL ERROR ##########
[15:38:08] [Client thread/ERROR]: @ Post render
[15:38:08] [Client thread/ERROR]: 1286: Invalid framebuffer operation
[15:38:08] [Client thread/ERROR]: ########## GL ERROR ##########
[15:38:08] [Client thread/ERROR]: @ Post render
[15:38:08] [Client thread/ERROR]: 1286: Invalid framebuffer operation
[15:38:08] [Client thread/ERROR]: ########## GL ERROR ##########
[15:38:08] [Client thread/ERROR]: @ Post render
[15:38:08] [Client thread/ERROR]: 1286: Invalid framebuffer operation
[15:38:08] [Client thread/ERROR]: ########## GL ERROR ##########
[15:38:08] [Client thread/ERROR]: @ Post render
[15:38:08] [Client thread/ERROR]: 1286: Invalid framebuffer operation
[15:38:08] [Client thread/ERROR]: ########## GL ERROR ##########
[15:38:08] [Client thread/ERROR]: @ Post render
[15:38:08] [Client thread/ERROR]: 1286: Invalid framebuffer operation
[15:38:08] [Client thread/ERROR]: ########## GL ERROR ##########
[15:38:08] [Client thread/ERROR]: @ Post render
[15:38:08] [Client thread/ERROR]: 1286: Invalid framebuffer operation
[15:38:08] [Client thread/ERROR]: ########## GL ERROR ##########
[15:38:08] [Client thread/ERROR]: @ Post render
[15:38:08] [Client thread/ERROR]: 1286: Invalid framebuffer operation
[15:38:08] [Client thread/ERROR]: ########## GL ERROR ##########
[15:38:08] [Client thread/ERROR]: @ Post render
[15:38:08] [Client thread/ERROR]: 1286: Invalid framebuffer operation
[15:38:08] [Client thread/ERROR]: ########## GL ERROR ##########
[15:38:08] [Client thread/ERROR]: @ Post render
[15:38:08] [Client thread/ERROR]: 1286: Invalid framebuffer operation
[15:38:08] [Client thread/ERROR]: ########## GL ERROR ##########
[15:38:08] [Client thread/ERROR]: @ Post render
[15:38:08] [Client thread/ERROR]: 1286: Invalid framebuffer operation
[15:38:08] [Client thread/ERROR]: ########## GL ERROR ##########
[15:38:08] [Client thread/ERROR]: @ Post render
[15:38:08] [Client thread/ERROR]: 1286: Invalid framebuffer operation
[15:38:08] [Client thread/ERROR]: ########## GL ERROR ##########
[15:38:08] [Client thread/ERROR]: @ Post render
[15:38:08] [Client thread/ERROR]: 1286: Invalid framebuffer operation
[15:38:08] [Client thread/ERROR]: ########## GL ERROR ##########
[15:38:08] [Client thread/ERROR]: @ Post render
[15:38:08] [Client thread/ERROR]: 1286: Invalid framebuffer operation
[15:38:08] [Client thread/ERROR]: ########## GL ERROR ##########
[15:38:08] [Client thread/ERROR]: @ Post render
[15:38:08] [Client thread/ERROR]: 1286: Invalid framebuffer operation
[15:38:08] [Client thread/ERROR]: ########## GL ERROR ##########
[15:38:08] [Client thread/ERROR]: @ Post render
[15:38:08] [Client thread/ERROR]: 1286: Invalid framebuffer operation
[15:38:08] [Client thread/ERROR]: ########## GL ERROR ##########
[15:38:08] [Client thread/ERROR]: @ Post render
[15:38:08] [Client thread/ERROR]: 1286: Invalid framebuffer operation
[15:38:08] [Client thread/ERROR]: ########## GL ERROR ##########
[15:38:08] [Client thread/ERROR]: @ Post render
[15:38:08] [Client thread/ERROR]: 1286: Invalid framebuffer operation
[15:38:10] [Client thread/INFO]: Stopping!
