[11:20:39] [main/INFO]: Setting user: bobbyjanks
[11:20:40] [Client thread/INFO]: LWJGL Version: 2.9.1
[11:20:46] [Client thread/INFO]: Reloading ResourceManager: Default, FMLFileResourcePack:Forge Mod Loader, FMLFileResourcePack:Minecraft Forge, FMLFileResourcePack:WorldEdit, [1.7.10] Flow's HD 64x
[11:20:46] [Sound Library Loader/INFO]: Sound engine started
[11:20:50] [Client thread/INFO]: Created: 2048x1024 textures/blocks-atlas
[11:20:52] [Client thread/INFO]: Created: 1024x1024 textures/items-atlas
[11:20:52] [Client thread/INFO]: Reloading ResourceManager: Default, FMLFileResourcePack:Forge Mod Loader, FMLFileResourcePack:Minecraft Forge, FMLFileResourcePack:WorldEdit, [1.7.10] Flow's HD 64x
[11:20:52] [Client thread/INFO]: Created: 1024x1024 textures/items-atlas
[11:20:54] [Client thread/INFO]: Created: 2048x1024 textures/blocks-atlas
[11:20:55] [Sound Library Loader/INFO]: Sound engine started
[11:20:58] [Server thread/INFO]: Starting integrated minecraft server version 1.7.10
[11:20:58] [Server thread/INFO]: Generating keypair
[11:20:59] [Server thread/INFO]: Preparing start region for level 0
[11:21:00] [Server thread/INFO]: Preparing spawn area: 79%
[11:21:00] [Server thread/INFO]: Changing view distance to 16, from 10
[11:21:01] [Server thread/INFO]: bobbyjanks[local:E:70975f17] logged in with entity id 124 at (-1034.1149367908029, 78.15382134374974, -776.057422384077)
[11:21:01] [Server thread/INFO]: bobbyjanks joined the game
[11:24:23] [Server thread/INFO]: [bobbyjanks: Set the time to 1]
[11:24:23] [Client thread/INFO]: [CHAT] Set the time to 1
[11:34:55] [Server thread/INFO]: [bobbyjanks: Set the time to 1]
[11:34:55] [Client thread/INFO]: [CHAT] Set the time to 1
[12:00:42] [Server thread/INFO]: Saving and pausing game...
[12:00:42] [Server thread/INFO]: Saving chunks for level 'Planet Bobbyjanks'/Overworld
[12:00:42] [Server thread/INFO]: Saving chunks for level 'Planet Bobbyjanks'/Nether
[12:00:42] [Server thread/INFO]: Saving chunks for level 'Planet Bobbyjanks'/The End
[12:01:15] [Server thread/INFO]: Saving and pausing game...
[12:01:15] [Server thread/INFO]: Saving chunks for level 'Planet Bobbyjanks'/Overworld
[12:01:15] [Server thread/INFO]: Saving chunks for level 'Planet Bobbyjanks'/Nether
[12:01:15] [Server thread/INFO]: Saving chunks for level 'Planet Bobbyjanks'/The End
[12:01:25] [Server thread/INFO]: Saving and pausing game...
[12:01:25] [Server thread/INFO]: Saving chunks for level 'Planet Bobbyjanks'/Overworld
[12:01:25] [Server thread/INFO]: Saving chunks for level 'Planet Bobbyjanks'/Nether
[12:01:25] [Server thread/INFO]: Saving chunks for level 'Planet Bobbyjanks'/The End
[12:01:33] [Server thread/INFO]: Saving and pausing game...
[12:01:33] [Server thread/INFO]: Saving chunks for level 'Planet Bobbyjanks'/Overworld
[12:01:33] [Server thread/INFO]: Saving chunks for level 'Planet Bobbyjanks'/Nether
[12:01:33] [Server thread/INFO]: Saving chunks for level 'Planet Bobbyjanks'/The End
[12:01:48] [Server thread/INFO]: Saving and pausing game...
[12:01:48] [Server thread/INFO]: Saving chunks for level 'Planet Bobbyjanks'/Overworld
[12:01:48] [Server thread/INFO]: Saving chunks for level 'Planet Bobbyjanks'/Nether
[12:01:48] [Server thread/INFO]: Saving chunks for level 'Planet Bobbyjanks'/The End
[12:02:00] [Server thread/INFO]: Saving and pausing game...
[12:02:00] [Server thread/INFO]: Saving chunks for level 'Planet Bobbyjanks'/Overworld
[12:02:00] [Server thread/INFO]: Saving chunks for level 'Planet Bobbyjanks'/Nether
[12:02:00] [Server thread/INFO]: Saving chunks for level 'Planet Bobbyjanks'/The End
[12:02:00] [Server thread/INFO]: Saving and pausing game...
[12:02:00] [Server thread/INFO]: Saving chunks for level 'Planet Bobbyjanks'/Overworld
[12:02:00] [Server thread/INFO]: Saving chunks for level 'Planet Bobbyjanks'/Nether
[12:02:00] [Server thread/INFO]: Saving chunks for level 'Planet Bobbyjanks'/The End
[12:02:01] [Server thread/INFO]: Saving and pausing game...
[12:02:01] [Server thread/INFO]: Saving chunks for level 'Planet Bobbyjanks'/Overworld
[12:02:01] [Server thread/INFO]: Saving chunks for level 'Planet Bobbyjanks'/Nether
[12:02:01] [Server thread/INFO]: Saving chunks for level 'Planet Bobbyjanks'/The End
[12:02:15] [Server thread/INFO]: Saving and pausing game...
[12:02:15] [Server thread/INFO]: Saving chunks for level 'Planet Bobbyjanks'/Overworld
[12:02:15] [Server thread/INFO]: Saving chunks for level 'Planet Bobbyjanks'/Nether
[12:02:15] [Server thread/INFO]: Saving chunks for level 'Planet Bobbyjanks'/The End
[12:02:15] [Server thread/INFO]: Saving and pausing game...
[12:02:15] [Server thread/INFO]: Saving chunks for level 'Planet Bobbyjanks'/Overworld
[12:02:15] [Server thread/INFO]: Saving chunks for level 'Planet Bobbyjanks'/Nether
[12:02:15] [Server thread/INFO]: Saving chunks for level 'Planet Bobbyjanks'/The End
[12:02:16] [Server thread/INFO]: Saving and pausing game...
[12:02:16] [Server thread/INFO]: Saving chunks for level 'Planet Bobbyjanks'/Overworld
[12:02:16] [Server thread/INFO]: Saving chunks for level 'Planet Bobbyjanks'/Nether
[12:02:16] [Server thread/INFO]: Saving chunks for level 'Planet Bobbyjanks'/The End
[12:02:17] [Server thread/INFO]: Saving and pausing game...
[12:02:17] [Server thread/INFO]: Saving chunks for level 'Planet Bobbyjanks'/Overworld
[12:02:17] [Server thread/INFO]: Saving chunks for level 'Planet Bobbyjanks'/Nether
[12:02:17] [Server thread/INFO]: Saving chunks for level 'Planet Bobbyjanks'/The End
[12:02:30] [Server thread/INFO]: Saving and pausing game...
[12:02:30] [Server thread/INFO]: Saving chunks for level 'Planet Bobbyjanks'/Overworld
[12:02:30] [Server thread/INFO]: Saving chunks for level 'Planet Bobbyjanks'/Nether
[12:02:30] [Server thread/INFO]: Saving chunks for level 'Planet Bobbyjanks'/The End
[12:03:12] [Server thread/INFO]: [bobbyjanks: Teleported bobbyjanks to -499.5,65.5,-1299.5]
[12:03:12] [Client thread/INFO]: [CHAT] Teleported bobbyjanks to -499.5,65.5,-1299.5
[12:04:57] [Server thread/INFO]: Saving and pausing game...
[12:04:57] [Server thread/INFO]: Saving chunks for level 'Planet Bobbyjanks'/Overworld
[12:04:57] [Server thread/INFO]: Saving chunks for level 'Planet Bobbyjanks'/Nether
[12:04:57] [Server thread/INFO]: Saving chunks for level 'Planet Bobbyjanks'/The End
[12:04:58] [Server thread/INFO]: Stopping server
[12:04:58] [Server thread/INFO]: Saving players
[12:04:58] [Server thread/INFO]: Saving worlds
[12:04:58] [Server thread/INFO]: Saving chunks for level 'Planet Bobbyjanks'/Overworld
[12:04:58] [Server thread/INFO]: Saving chunks for level 'Planet Bobbyjanks'/Nether
[12:04:58] [Server thread/INFO]: Saving chunks for level 'Planet Bobbyjanks'/The End
[12:05:00] [Client thread/INFO]: Stopping!
