[00:04:51] [Client thread/INFO]: [CHAT] §dFirst position set to (-579.0, 63.0, -1470.0) (574112).
[00:05:26] [Client thread/INFO]: [CHAT] §dSecond position set to (-938.0, 63.0, -1470.0) (360).
[00:05:27] [Client thread/INFO]: [CHAT] §dSecond position set to (-938.0, 63.0, -1471.0) (720).
[00:05:28] [Client thread/INFO]: [CHAT] §dSecond position set to (-938.0, 63.0, -1470.0) (360).
[00:05:31] [Client thread/INFO]: [CHAT] §dSecond position set to (-938.0, 63.0, -1469.0) (720).
[00:05:31] [Client thread/INFO]: [CHAT] §dSecond position set to (-938.0, 63.0, -1470.0) (360).
[00:06:07] [Server thread/INFO]: [bobbyjanks: Teleported bobbyjanks to -499.5,80.5,-799.5]
[00:06:07] [Client thread/INFO]: [CHAT] Teleported bobbyjanks to -499.5,80.5,-799.5
[00:06:32] [Client thread/INFO]: [CHAT] §dFirst position set to (-372.0, 63.0, -836.0) (360045).
[00:07:00] [Client thread/INFO]: [CHAT] §dSecond position set to (-372.0, 63.0, -554.0) (283).
[00:08:48] [Server thread/INFO]: Saving and pausing game...
[00:08:48] [Server thread/INFO]: Saving chunks for level 'Planet Bobbyjanks'/Overworld
[00:08:48] [Server thread/INFO]: Saving chunks for level 'Planet Bobbyjanks'/Nether
[00:08:48] [Server thread/INFO]: Saving chunks for level 'Planet Bobbyjanks'/The End
[00:08:49] [Server thread/INFO]: Stopping server
[00:08:49] [Server thread/INFO]: Saving players
[00:08:49] [Server thread/INFO]: Saving worlds
[00:08:49] [Server thread/INFO]: Saving chunks for level 'Planet Bobbyjanks'/Overworld
[00:08:49] [Server thread/INFO]: Saving chunks for level 'Planet Bobbyjanks'/Nether
[00:08:49] [Server thread/INFO]: Saving chunks for level 'Planet Bobbyjanks'/The End
[00:08:51] [Client thread/INFO]: Stopping!
