[09:23:11] [main/INFO]: Setting user: bobbyjanks
[09:23:12] [Client thread/INFO]: LWJGL Version: 2.9.1
[09:23:16] [Client thread/INFO]: Reloading ResourceManager: Default, FMLFileResourcePack:Forge Mod Loader, FMLFileResourcePack:Minecraft Forge, FMLFileResourcePack:WorldEdit, [1.7.10] Flow's HD 64x
[09:23:17] [Sound Library Loader/INFO]: Sound engine started
[09:23:19] [Client thread/INFO]: Created: 2048x1024 textures/blocks-atlas
[09:23:19] [Client thread/INFO]: Created: 1024x1024 textures/items-atlas
[09:23:19] [Client thread/INFO]: Reloading ResourceManager: Default, FMLFileResourcePack:Forge Mod Loader, FMLFileResourcePack:Minecraft Forge, FMLFileResourcePack:WorldEdit, [1.7.10] Flow's HD 64x
[09:23:19] [Client thread/INFO]: Created: 1024x1024 textures/items-atlas
[09:23:21] [Client thread/INFO]: Created: 2048x1024 textures/blocks-atlas
[09:23:22] [Sound Library Loader/INFO]: Sound engine started
[09:24:59] [Server thread/INFO]: Starting integrated minecraft server version 1.7.10
[09:24:59] [Server thread/INFO]: Generating keypair
[09:24:59] [Server thread/INFO]: Preparing start region for level 0
[09:25:00] [Server thread/INFO]: Preparing spawn area: 83%
[09:25:00] [Server thread/INFO]: Changing view distance to 16, from 10
[09:25:01] [Server thread/INFO]: bobbyjanks[local:E:37244137] logged in with entity id 124 at (-663.9432464672971, 69.04101330461933, -1302.3199258361096)
[09:25:01] [Server thread/INFO]: bobbyjanks joined the game
[09:25:14] [pool-2-thread-1/WARN]: Couldn't look up profile properties for com.mojang.authlib.GameProfile@19d0736[id=e8537636-227e-40be-af7a-9d3e3b7e9748,name=bobbyjanks,properties={},legacy=false]
com.mojang.authlib.exceptions.AuthenticationUnavailableException: Cannot contact authentication server
	at com.mojang.authlib.yggdrasil.YggdrasilAuthenticationService.makeRequest(YggdrasilAuthenticationService.java:71) ~[YggdrasilAuthenticationService.class:?]
	at com.mojang.authlib.yggdrasil.YggdrasilMinecraftSessionService.fillGameProfile(YggdrasilMinecraftSessionService.java:158) [YggdrasilMinecraftSessionService.class:?]
	at com.mojang.authlib.yggdrasil.YggdrasilMinecraftSessionService$1.load(YggdrasilMinecraftSessionService.java:53) [YggdrasilMinecraftSessionService$1.class:?]
	at com.mojang.authlib.yggdrasil.YggdrasilMinecraftSessionService$1.load(YggdrasilMinecraftSessionService.java:50) [YggdrasilMinecraftSessionService$1.class:?]
	at com.google.common.cache.LocalCache$LoadingValueReference.loadFuture(LocalCache.java:3524) [guava-16.0.jar:?]
	at com.google.common.cache.LocalCache$Segment.loadSync(LocalCache.java:2317) [guava-16.0.jar:?]
	at com.google.common.cache.LocalCache$Segment.lockedGetOrLoad(LocalCache.java:2280) [guava-16.0.jar:?]
	at com.google.common.cache.LocalCache$Segment.get(LocalCache.java:2195) [guava-16.0.jar:?]
	at com.google.common.cache.LocalCache.get(LocalCache.java:3934) [guava-16.0.jar:?]
	at com.google.common.cache.LocalCache.getOrLoad(LocalCache.java:3938) [guava-16.0.jar:?]
	at com.google.common.cache.LocalCache$LocalLoadingCache.get(LocalCache.java:4821) [guava-16.0.jar:?]
	at com.google.common.cache.LocalCache$LocalLoadingCache.getUnchecked(LocalCache.java:4827) [guava-16.0.jar:?]
	at com.mojang.authlib.yggdrasil.YggdrasilMinecraftSessionService.fillProfileProperties(YggdrasilMinecraftSessionService.java:148) [YggdrasilMinecraftSessionService.class:?]
	at net.minecraft.client.resources.SkinManager$3.run(SourceFile:106) [brm.class:?]
	at java.util.concurrent.Executors$RunnableAdapter.call(Unknown Source) [?:1.7.0_55]
	at java.util.concurrent.FutureTask.run(Unknown Source) [?:1.7.0_55]
	at java.util.concurrent.ThreadPoolExecutor.runWorker(Unknown Source) [?:1.7.0_55]
	at java.util.concurrent.ThreadPoolExecutor$Worker.run(Unknown Source) [?:1.7.0_55]
	at java.lang.Thread.run(Unknown Source) [?:1.7.0_55]
Caused by: java.net.UnknownHostException: sessionserver.mojang.com
	at java.net.AbstractPlainSocketImpl.connect(Unknown Source) ~[?:1.7.0_55]
	at java.net.PlainSocketImpl.connect(Unknown Source) ~[?:1.7.0_55]
	at java.net.SocksSocketImpl.connect(Unknown Source) ~[?:1.7.0_55]
	at java.net.Socket.connect(Unknown Source) ~[?:1.7.0_55]
	at sun.security.ssl.SSLSocketImpl.connect(Unknown Source) ~[?:1.7.0_55]
	at sun.net.NetworkClient.doConnect(Unknown Source) ~[?:1.7.0_55]
	at sun.net.www.http.HttpClient.openServer(Unknown Source) ~[?:1.7.0_55]
	at sun.net.www.http.HttpClient.openServer(Unknown Source) ~[?:1.7.0_55]
	at sun.net.www.protocol.https.HttpsClient.<init>(Unknown Source) ~[?:1.7.0_55]
	at sun.net.www.protocol.https.HttpsClient.New(Unknown Source) ~[?:1.7.0_55]
	at sun.net.www.protocol.https.AbstractDelegateHttpsURLConnection.getNewHttpClient(Unknown Source) ~[?:1.7.0_55]
	at sun.net.www.protocol.http.HttpURLConnection.plainConnect(Unknown Source) ~[?:1.7.0_55]
	at sun.net.www.protocol.https.AbstractDelegateHttpsURLConnection.connect(Unknown Source) ~[?:1.7.0_55]
	at sun.net.www.protocol.http.HttpURLConnection.getInputStream(Unknown Source) ~[?:1.7.0_55]
	at sun.net.www.protocol.https.HttpsURLConnectionImpl.getInputStream(Unknown Source) ~[?:1.7.0_55]
	at com.mojang.authlib.HttpAuthenticationService.performGetRequest(HttpAuthenticationService.java:126) ~[HttpAuthenticationService.class:?]
	at com.mojang.authlib.yggdrasil.YggdrasilAuthenticationService.makeRequest(YggdrasilAuthenticationService.java:54) ~[YggdrasilAuthenticationService.class:?]
	... 18 more
[09:46:17] [Server thread/INFO]: Saving and pausing game...
[09:46:17] [Server thread/INFO]: Saving chunks for level 'Planet Bobbyjanks'/Overworld
[09:46:17] [Server thread/INFO]: Saving chunks for level 'Planet Bobbyjanks'/Nether
[09:46:17] [Server thread/INFO]: Saving chunks for level 'Planet Bobbyjanks'/The End
[09:46:46] [Server thread/INFO]: [bobbyjanks: Teleported bobbyjanks to 0.5,65.5,-449.5]
[09:46:46] [Client thread/INFO]: [CHAT] Teleported bobbyjanks to 0.5,65.5,-449.5
[10:05:53] [Client thread/INFO]: [CHAT] §dLeft click: select pos #1; Right click: select pos #2
[10:05:55] [Client thread/INFO]: [CHAT] §dFirst position set to (-121.0, 67.0, -708.0).
[10:06:03] [Client thread/INFO]: [CHAT] §dSecond position set to (-121.0, 67.0, -759.0) (52).
[10:10:24] [Server thread/INFO]: [bobbyjanks: Set the time to 1]
[10:10:24] [Client thread/INFO]: [CHAT] Set the time to 1
[10:17:35] [Client thread/INFO]: [CHAT] §dFirst position set to (-124.0, 63.0, -704.0) (1120).
[10:17:41] [Client thread/INFO]: [CHAT] §dSecond position set to (-132.0, 63.0, -747.0) (396).
[10:17:49] [Client thread/INFO]: [CHAT] §d351 block(s) have been changed.
[10:20:34] [Client thread/INFO]: [CHAT] §dFirst position set to (-132.0, 67.0, -759.0) (65).
[10:20:41] [Client thread/INFO]: [CHAT] §dSecond position set to (-122.0, 67.0, -708.0) (572).
[10:20:47] [Client thread/INFO]: [CHAT] §d572 block(s) have been changed.
[10:20:51] [Client thread/INFO]: [CHAT] §d572 block(s) have been changed.
[10:32:32] [Client thread/INFO]: [CHAT] §dFirst position set to (-131.0, 68.0, -712.0) (100).
[10:32:40] [Client thread/INFO]: [CHAT] §dSecond position set to (-131.0, 68.0, -751.0) (40).
[10:40:15] [Client thread/INFO]: [CHAT] §dFirst position set to (-130.0, 71.0, -748.0) (32).
[10:40:21] [Client thread/INFO]: [CHAT] §dSecond position set to (-124.0, 71.0, -717.0) (224).
[10:40:26] [Client thread/INFO]: [CHAT] §d222 block(s) have been changed.
[10:52:41] [Server thread/INFO]: [bobbyjanks: Teleported bobbyjanks to -509.5,65.5,-1299.5]
[10:52:41] [Client thread/INFO]: [CHAT] Teleported bobbyjanks to -509.5,65.5,-1299.5
[10:56:33] [Server thread/INFO]: Saving and pausing game...
[10:56:33] [Server thread/INFO]: Saving chunks for level 'Planet Bobbyjanks'/Overworld
[10:56:33] [Server thread/INFO]: Saving chunks for level 'Planet Bobbyjanks'/Nether
[10:56:33] [Server thread/INFO]: Saving chunks for level 'Planet Bobbyjanks'/The End
[10:56:34] [Server thread/INFO]: Saving and pausing game...
[10:56:34] [Server thread/INFO]: Saving chunks for level 'Planet Bobbyjanks'/Overworld
[10:56:34] [Server thread/INFO]: Saving chunks for level 'Planet Bobbyjanks'/Nether
[10:56:34] [Server thread/INFO]: Saving chunks for level 'Planet Bobbyjanks'/The End
[10:56:36] [Server thread/INFO]: Saving and pausing game...
[10:56:36] [Server thread/INFO]: Saving chunks for level 'Planet Bobbyjanks'/Overworld
[10:56:36] [Server thread/INFO]: Saving chunks for level 'Planet Bobbyjanks'/Nether
[10:56:36] [Server thread/INFO]: Saving chunks for level 'Planet Bobbyjanks'/The End
[10:56:37] [Server thread/INFO]: Saving and pausing game...
[10:56:37] [Server thread/INFO]: Saving chunks for level 'Planet Bobbyjanks'/Overworld
[10:56:37] [Server thread/INFO]: Saving chunks for level 'Planet Bobbyjanks'/Nether
[10:56:37] [Server thread/INFO]: Saving chunks for level 'Planet Bobbyjanks'/The End
[10:56:57] [Server thread/INFO]: Saving and pausing game...
[10:56:57] [Server thread/INFO]: Saving chunks for level 'Planet Bobbyjanks'/Overworld
[10:56:57] [Server thread/INFO]: Saving chunks for level 'Planet Bobbyjanks'/Nether
[10:56:57] [Server thread/INFO]: Saving chunks for level 'Planet Bobbyjanks'/The End
[10:58:30] [Server thread/INFO]: Saving and pausing game...
[10:58:30] [Server thread/INFO]: Saving chunks for level 'Planet Bobbyjanks'/Overworld
[10:58:30] [Server thread/INFO]: Saving chunks for level 'Planet Bobbyjanks'/Nether
[10:58:30] [Server thread/INFO]: Saving chunks for level 'Planet Bobbyjanks'/The End
[10:58:35] [Server thread/INFO]: Saving and pausing game...
[10:58:35] [Server thread/INFO]: Saving chunks for level 'Planet Bobbyjanks'/Overworld
[10:58:35] [Server thread/INFO]: Saving chunks for level 'Planet Bobbyjanks'/Nether
[10:58:35] [Server thread/INFO]: Saving chunks for level 'Planet Bobbyjanks'/The End
[10:58:38] [Server thread/INFO]: Saving and pausing game...
[10:58:38] [Server thread/INFO]: Saving chunks for level 'Planet Bobbyjanks'/Overworld
[10:58:38] [Server thread/INFO]: Saving chunks for level 'Planet Bobbyjanks'/Nether
[10:58:38] [Server thread/INFO]: Saving chunks for level 'Planet Bobbyjanks'/The End
[10:58:41] [Server thread/INFO]: Saving and pausing game...
[10:58:41] [Server thread/INFO]: Saving chunks for level 'Planet Bobbyjanks'/Overworld
[10:58:41] [Server thread/INFO]: Saving chunks for level 'Planet Bobbyjanks'/Nether
[10:58:41] [Server thread/INFO]: Saving chunks for level 'Planet Bobbyjanks'/The End
[10:58:41] [Server thread/INFO]: Saving and pausing game...
[10:58:41] [Server thread/INFO]: Saving chunks for level 'Planet Bobbyjanks'/Overworld
[10:58:41] [Server thread/INFO]: Saving chunks for level 'Planet Bobbyjanks'/Nether
[10:58:41] [Server thread/INFO]: Saving chunks for level 'Planet Bobbyjanks'/The End
[10:58:42] [Server thread/INFO]: Saving and pausing game...
[10:58:42] [Server thread/INFO]: Saving chunks for level 'Planet Bobbyjanks'/Overworld
[10:58:42] [Server thread/INFO]: Saving chunks for level 'Planet Bobbyjanks'/Nether
[10:58:42] [Server thread/INFO]: Saving chunks for level 'Planet Bobbyjanks'/The End
[10:58:49] [Server thread/INFO]: Saving and pausing game...
[10:58:49] [Server thread/INFO]: Saving chunks for level 'Planet Bobbyjanks'/Overworld
[10:58:49] [Server thread/INFO]: Saving chunks for level 'Planet Bobbyjanks'/Nether
[10:58:49] [Server thread/INFO]: Saving chunks for level 'Planet Bobbyjanks'/The End
[10:58:52] [Server thread/INFO]: Saving and pausing game...
[10:58:52] [Server thread/INFO]: Saving chunks for level 'Planet Bobbyjanks'/Overworld
[10:58:52] [Server thread/INFO]: Saving chunks for level 'Planet Bobbyjanks'/Nether
[10:58:52] [Server thread/INFO]: Saving chunks for level 'Planet Bobbyjanks'/The End
[11:00:15] [Server thread/INFO]: Saving and pausing game...
[11:00:15] [Server thread/INFO]: Saving chunks for level 'Planet Bobbyjanks'/Overworld
[11:00:15] [Server thread/INFO]: Saving chunks for level 'Planet Bobbyjanks'/Nether
[11:00:15] [Server thread/INFO]: Saving chunks for level 'Planet Bobbyjanks'/The End
[11:00:17] [Server thread/INFO]: Saving and pausing game...
[11:00:17] [Server thread/INFO]: Saving chunks for level 'Planet Bobbyjanks'/Overworld
[11:00:17] [Server thread/INFO]: Saving chunks for level 'Planet Bobbyjanks'/Nether
[11:00:17] [Server thread/INFO]: Saving chunks for level 'Planet Bobbyjanks'/The End
[11:00:18] [Server thread/INFO]: Saving and pausing game...
[11:00:18] [Server thread/INFO]: Saving chunks for level 'Planet Bobbyjanks'/Overworld
[11:00:18] [Server thread/INFO]: Saving chunks for level 'Planet Bobbyjanks'/Nether
[11:00:18] [Server thread/INFO]: Saving chunks for level 'Planet Bobbyjanks'/The End
[11:00:27] [Server thread/INFO]: Saving and pausing game...
[11:00:27] [Server thread/INFO]: Saving chunks for level 'Planet Bobbyjanks'/Overworld
[11:00:27] [Server thread/INFO]: Saving chunks for level 'Planet Bobbyjanks'/Nether
[11:00:27] [Server thread/INFO]: Saving chunks for level 'Planet Bobbyjanks'/The End
[11:00:28] [Server thread/INFO]: Saving and pausing game...
[11:00:28] [Server thread/INFO]: Saving chunks for level 'Planet Bobbyjanks'/Overworld
[11:00:28] [Server thread/INFO]: Saving chunks for level 'Planet Bobbyjanks'/Nether
[11:00:28] [Server thread/INFO]: Saving chunks for level 'Planet Bobbyjanks'/The End
[11:00:31] [Server thread/INFO]: Saving and pausing game...
[11:00:31] [Server thread/INFO]: Saving chunks for level 'Planet Bobbyjanks'/Overworld
[11:00:31] [Server thread/INFO]: Saving chunks for level 'Planet Bobbyjanks'/Nether
[11:00:31] [Server thread/INFO]: Saving chunks for level 'Planet Bobbyjanks'/The End
[11:00:36] [Server thread/INFO]: Saving and pausing game...
[11:00:36] [Server thread/INFO]: Saving chunks for level 'Planet Bobbyjanks'/Overworld
[11:00:36] [Server thread/INFO]: Saving chunks for level 'Planet Bobbyjanks'/Nether
[11:00:36] [Server thread/INFO]: Saving chunks for level 'Planet Bobbyjanks'/The End
[11:00:41] [Server thread/INFO]: Saving and pausing game...
[11:00:41] [Server thread/INFO]: Saving chunks for level 'Planet Bobbyjanks'/Overworld
[11:00:41] [Server thread/INFO]: Saving chunks for level 'Planet Bobbyjanks'/Nether
[11:00:41] [Server thread/INFO]: Saving chunks for level 'Planet Bobbyjanks'/The End
[11:00:44] [Server thread/INFO]: Saving and pausing game...
[11:00:44] [Server thread/INFO]: Saving chunks for level 'Planet Bobbyjanks'/Overworld
[11:00:44] [Server thread/INFO]: Saving chunks for level 'Planet Bobbyjanks'/Nether
[11:00:44] [Server thread/INFO]: Saving chunks for level 'Planet Bobbyjanks'/The End
[11:10:39] [Server thread/INFO]: Saving and pausing game...
[11:10:39] [Server thread/INFO]: Saving chunks for level 'Planet Bobbyjanks'/Overworld
[11:10:39] [Server thread/INFO]: Saving chunks for level 'Planet Bobbyjanks'/Nether
[11:10:39] [Server thread/INFO]: Saving chunks for level 'Planet Bobbyjanks'/The End
[11:10:42] [Server thread/INFO]: Saving and pausing game...
[11:10:42] [Server thread/INFO]: Saving chunks for level 'Planet Bobbyjanks'/Overworld
[11:10:42] [Server thread/INFO]: Saving chunks for level 'Planet Bobbyjanks'/Nether
[11:10:42] [Server thread/INFO]: Saving chunks for level 'Planet Bobbyjanks'/The End
[11:10:49] [Server thread/INFO]: Saving and pausing game...
[11:10:49] [Server thread/INFO]: Saving chunks for level 'Planet Bobbyjanks'/Overworld
[11:10:49] [Server thread/INFO]: Saving chunks for level 'Planet Bobbyjanks'/Nether
[11:10:49] [Server thread/INFO]: Saving chunks for level 'Planet Bobbyjanks'/The End
[11:10:50] [Server thread/INFO]: Saving and pausing game...
[11:10:50] [Server thread/INFO]: Saving chunks for level 'Planet Bobbyjanks'/Overworld
[11:10:50] [Server thread/INFO]: Saving chunks for level 'Planet Bobbyjanks'/Nether
[11:10:50] [Server thread/INFO]: Saving chunks for level 'Planet Bobbyjanks'/The End
[11:11:20] [Server thread/INFO]: Saving and pausing game...
[11:11:20] [Server thread/INFO]: Saving chunks for level 'Planet Bobbyjanks'/Overworld
[11:11:20] [Server thread/INFO]: Saving chunks for level 'Planet Bobbyjanks'/Nether
[11:11:20] [Server thread/INFO]: Saving chunks for level 'Planet Bobbyjanks'/The End
[11:11:25] [Server thread/INFO]: Saving and pausing game...
[11:11:25] [Server thread/INFO]: Saving chunks for level 'Planet Bobbyjanks'/Overworld
[11:11:25] [Server thread/INFO]: Saving chunks for level 'Planet Bobbyjanks'/Nether
[11:11:25] [Server thread/INFO]: Saving chunks for level 'Planet Bobbyjanks'/The End
[11:11:25] [Server thread/INFO]: Saving and pausing game...
[11:11:25] [Server thread/INFO]: Saving chunks for level 'Planet Bobbyjanks'/Overworld
[11:11:26] [Server thread/INFO]: Saving chunks for level 'Planet Bobbyjanks'/Nether
[11:11:26] [Server thread/INFO]: Saving chunks for level 'Planet Bobbyjanks'/The End
[11:11:32] [Server thread/INFO]: Saving and pausing game...
[11:11:32] [Server thread/INFO]: Saving chunks for level 'Planet Bobbyjanks'/Overworld
[11:11:32] [Server thread/INFO]: Saving chunks for level 'Planet Bobbyjanks'/Nether
[11:11:32] [Server thread/INFO]: Saving chunks for level 'Planet Bobbyjanks'/The End
[11:11:32] [Server thread/INFO]: Saving and pausing game...
[11:11:32] [Server thread/INFO]: Saving chunks for level 'Planet Bobbyjanks'/Overworld
[11:11:32] [Server thread/INFO]: Saving chunks for level 'Planet Bobbyjanks'/Nether
[11:11:32] [Server thread/INFO]: Saving chunks for level 'Planet Bobbyjanks'/The End
[11:11:33] [Server thread/INFO]: Saving and pausing game...
[11:11:33] [Server thread/INFO]: Saving chunks for level 'Planet Bobbyjanks'/Overworld
[11:11:33] [Server thread/INFO]: Saving chunks for level 'Planet Bobbyjanks'/Nether
[11:11:33] [Server thread/INFO]: Saving chunks for level 'Planet Bobbyjanks'/The End
[11:11:37] [Server thread/INFO]: Saving and pausing game...
[11:11:37] [Server thread/INFO]: Saving chunks for level 'Planet Bobbyjanks'/Overworld
[11:11:37] [Server thread/INFO]: Saving chunks for level 'Planet Bobbyjanks'/Nether
[11:11:37] [Server thread/INFO]: Saving chunks for level 'Planet Bobbyjanks'/The End
[11:13:55] [Server thread/INFO]: Saving and pausing game...
[11:13:55] [Server thread/INFO]: Saving chunks for level 'Planet Bobbyjanks'/Overworld
[11:13:55] [Server thread/INFO]: Saving chunks for level 'Planet Bobbyjanks'/Nether
[11:13:55] [Server thread/INFO]: Saving chunks for level 'Planet Bobbyjanks'/The End
[11:13:58] [Server thread/INFO]: Saving and pausing game...
[11:13:58] [Server thread/INFO]: Saving chunks for level 'Planet Bobbyjanks'/Overworld
[11:13:58] [Server thread/INFO]: Saving chunks for level 'Planet Bobbyjanks'/Nether
[11:13:58] [Server thread/INFO]: Saving chunks for level 'Planet Bobbyjanks'/The End
[11:14:08] [Server thread/INFO]: Saving and pausing game...
[11:14:08] [Server thread/INFO]: Saving chunks for level 'Planet Bobbyjanks'/Overworld
[11:14:08] [Server thread/INFO]: Saving chunks for level 'Planet Bobbyjanks'/Nether
[11:14:08] [Server thread/INFO]: Saving chunks for level 'Planet Bobbyjanks'/The End
[11:14:08] [Server thread/INFO]: Saving and pausing game...
[11:14:08] [Server thread/INFO]: Saving chunks for level 'Planet Bobbyjanks'/Overworld
[11:14:08] [Server thread/INFO]: Saving chunks for level 'Planet Bobbyjanks'/Nether
[11:14:08] [Server thread/INFO]: Saving chunks for level 'Planet Bobbyjanks'/The End
[11:14:09] [Server thread/INFO]: Saving and pausing game...
[11:14:09] [Server thread/INFO]: Saving chunks for level 'Planet Bobbyjanks'/Overworld
[11:14:09] [Server thread/INFO]: Saving chunks for level 'Planet Bobbyjanks'/Nether
[11:14:09] [Server thread/INFO]: Saving chunks for level 'Planet Bobbyjanks'/The End
[11:16:10] [Server thread/INFO]: Saving and pausing game...
[11:16:10] [Server thread/INFO]: Saving chunks for level 'Planet Bobbyjanks'/Overworld
[11:16:10] [Server thread/INFO]: Saving chunks for level 'Planet Bobbyjanks'/Nether
[11:16:10] [Server thread/INFO]: Saving chunks for level 'Planet Bobbyjanks'/The End
[11:16:11] [Server thread/INFO]: Saving and pausing game...
[11:16:11] [Server thread/INFO]: Saving chunks for level 'Planet Bobbyjanks'/Overworld
[11:16:11] [Server thread/INFO]: Saving chunks for level 'Planet Bobbyjanks'/Nether
[11:16:11] [Server thread/INFO]: Saving chunks for level 'Planet Bobbyjanks'/The End
[11:16:13] [Server thread/INFO]: Saving and pausing game...
[11:16:13] [Server thread/INFO]: Saving chunks for level 'Planet Bobbyjanks'/Overworld
[11:16:13] [Server thread/INFO]: Saving chunks for level 'Planet Bobbyjanks'/Nether
[11:16:13] [Server thread/INFO]: Saving chunks for level 'Planet Bobbyjanks'/The End
[11:16:18] [Server thread/INFO]: Saving and pausing game...
[11:16:18] [Server thread/INFO]: Saving chunks for level 'Planet Bobbyjanks'/Overworld
[11:16:18] [Server thread/INFO]: Saving chunks for level 'Planet Bobbyjanks'/Nether
[11:16:18] [Server thread/INFO]: Saving chunks for level 'Planet Bobbyjanks'/The End
[11:16:22] [Server thread/INFO]: Saving and pausing game...
[11:16:22] [Server thread/INFO]: Saving chunks for level 'Planet Bobbyjanks'/Overworld
[11:16:22] [Server thread/INFO]: Saving chunks for level 'Planet Bobbyjanks'/Nether
[11:16:22] [Server thread/INFO]: Saving chunks for level 'Planet Bobbyjanks'/The End
[11:16:27] [Server thread/INFO]: Saving and pausing game...
[11:16:27] [Server thread/INFO]: Saving chunks for level 'Planet Bobbyjanks'/Overworld
[11:16:27] [Server thread/INFO]: Saving chunks for level 'Planet Bobbyjanks'/Nether
[11:16:27] [Server thread/INFO]: Saving chunks for level 'Planet Bobbyjanks'/The End
[11:22:58] [Server thread/INFO]: [bobbyjanks: Teleported bobbyjanks to -509.5,65.5,-1299.5]
[11:22:58] [Client thread/INFO]: [CHAT] Teleported bobbyjanks to -509.5,65.5,-1299.5
[11:45:05] [Server thread/INFO]: Saving and pausing game...
[11:45:05] [Server thread/INFO]: Saving chunks for level 'Planet Bobbyjanks'/Overworld
[11:45:05] [Server thread/INFO]: Saving chunks for level 'Planet Bobbyjanks'/Nether
[11:45:05] [Server thread/INFO]: Saving chunks for level 'Planet Bobbyjanks'/The End
[11:45:06] [Server thread/INFO]: Saving and pausing game...
[11:45:06] [Server thread/INFO]: Saving chunks for level 'Planet Bobbyjanks'/Overworld
[11:45:06] [Server thread/INFO]: Saving chunks for level 'Planet Bobbyjanks'/Nether
[11:45:06] [Server thread/INFO]: Saving chunks for level 'Planet Bobbyjanks'/The End
[11:48:11] [Client thread/INFO]: [CHAT] §dLeft click: select pos #1; Right click: select pos #2
[11:48:19] [Client thread/INFO]: [CHAT] §dSecond position set to (-731.0, 63.0, -984.0) (1284066).
[11:48:31] [Client thread/INFO]: [CHAT] §dFirst position set to (-748.0, 63.0, -980.0) (90).
[11:48:35] [Client thread/INFO]: [CHAT] §d90 block(s) have been changed.
[11:51:42] [Server thread/INFO]: Saving and pausing game...
[11:51:42] [Server thread/INFO]: Saving chunks for level 'Planet Bobbyjanks'/Overworld
[11:51:42] [Server thread/INFO]: Saving chunks for level 'Planet Bobbyjanks'/Nether
[11:51:42] [Server thread/INFO]: Saving chunks for level 'Planet Bobbyjanks'/The End
[11:55:22] [Server thread/INFO]: Saving and pausing game...
[11:55:22] [Server thread/INFO]: Saving chunks for level 'Planet Bobbyjanks'/Overworld
[11:55:22] [Server thread/INFO]: Saving chunks for level 'Planet Bobbyjanks'/Nether
[11:55:22] [Server thread/INFO]: Saving chunks for level 'Planet Bobbyjanks'/The End
[11:55:24] [Server thread/INFO]: Saving and pausing game...
[11:55:24] [Server thread/INFO]: Saving chunks for level 'Planet Bobbyjanks'/Overworld
[11:55:24] [Server thread/INFO]: Saving chunks for level 'Planet Bobbyjanks'/Nether
[11:55:24] [Server thread/INFO]: Saving chunks for level 'Planet Bobbyjanks'/The End
[11:55:29] [Server thread/INFO]: Saving and pausing game...
[11:55:29] [Server thread/INFO]: Saving chunks for level 'Planet Bobbyjanks'/Overworld
[11:55:29] [Server thread/INFO]: Saving chunks for level 'Planet Bobbyjanks'/Nether
[11:55:29] [Server thread/INFO]: Saving chunks for level 'Planet Bobbyjanks'/The End
[11:55:37] [Server thread/INFO]: Saving and pausing game...
[11:55:37] [Server thread/INFO]: Saving chunks for level 'Planet Bobbyjanks'/Overworld
[11:55:37] [Server thread/INFO]: Saving chunks for level 'Planet Bobbyjanks'/Nether
[11:55:37] [Server thread/INFO]: Saving chunks for level 'Planet Bobbyjanks'/The End
[11:58:06] [Client thread/INFO]: [CHAT] You can only sleep at night
[11:58:09] [Client thread/INFO]: [CHAT] You can only sleep at night
[12:18:47] [Server thread/INFO]: Saving and pausing game...
[12:18:47] [Server thread/INFO]: Saving chunks for level 'Planet Bobbyjanks'/Overworld
[12:18:47] [Server thread/INFO]: Saving chunks for level 'Planet Bobbyjanks'/Nether
[12:18:47] [Server thread/INFO]: Saving chunks for level 'Planet Bobbyjanks'/The End
[12:18:48] [Server thread/INFO]: Saving and pausing game...
[12:18:48] [Server thread/INFO]: Saving chunks for level 'Planet Bobbyjanks'/Overworld
[12:18:48] [Server thread/INFO]: Saving chunks for level 'Planet Bobbyjanks'/Nether
[12:18:48] [Server thread/INFO]: Saving chunks for level 'Planet Bobbyjanks'/The End
[12:18:50] [Server thread/INFO]: Saving and pausing game...
[12:18:50] [Server thread/INFO]: Saving chunks for level 'Planet Bobbyjanks'/Overworld
[12:18:50] [Server thread/INFO]: Saving chunks for level 'Planet Bobbyjanks'/Nether
[12:18:50] [Server thread/INFO]: Saving chunks for level 'Planet Bobbyjanks'/The End
[12:18:55] [Server thread/INFO]: Saving and pausing game...
[12:18:55] [Server thread/INFO]: Saving chunks for level 'Planet Bobbyjanks'/Overworld
[12:18:55] [Server thread/INFO]: Saving chunks for level 'Planet Bobbyjanks'/Nether
[12:18:55] [Server thread/INFO]: Saving chunks for level 'Planet Bobbyjanks'/The End
[12:18:56] [Server thread/INFO]: Saving and pausing game...
[12:18:56] [Server thread/INFO]: Saving chunks for level 'Planet Bobbyjanks'/Overworld
[12:18:56] [Server thread/INFO]: Saving chunks for level 'Planet Bobbyjanks'/Nether
[12:18:56] [Server thread/INFO]: Saving chunks for level 'Planet Bobbyjanks'/The End
[12:18:57] [Server thread/INFO]: Saving and pausing game...
[12:18:57] [Server thread/INFO]: Saving chunks for level 'Planet Bobbyjanks'/Overworld
[12:18:57] [Server thread/INFO]: Saving chunks for level 'Planet Bobbyjanks'/Nether
[12:18:57] [Server thread/INFO]: Saving chunks for level 'Planet Bobbyjanks'/The End
[12:20:49] [Server thread/INFO]: [bobbyjanks: Set the time to 1]
[12:20:49] [Client thread/INFO]: [CHAT] Set the time to 1
[12:22:58] [Client thread/INFO]: [CHAT] §dFirst position set to (-7.0, 58.0, -1254.0) (1178850).
[12:23:35] [Client thread/INFO]: [CHAT] §dSecond position set to (204.0, 63.0, -993.0) (333264).
[12:23:44] [Client thread/INFO]: [CHAT] §d333264 block(s) have been changed.
[12:23:52] [Server thread/WARN]: Can't keep up! Did the system time change, or is the server overloaded? Running 7916ms behind, skipping 158 tick(s)
[12:24:13] [Server thread/WARN]: Can't keep up! Did the system time change, or is the server overloaded? Running 7070ms behind, skipping 141 tick(s)
[12:25:14] [Client thread/INFO]: [CHAT] §dFirst position set to (164.0, 57.0, -1170.0) (51086).
[12:25:32] [Client thread/INFO]: [CHAT] §dSecond position set to (108.0, 63.0, -1132.0) (15561).
[12:25:37] [Client thread/INFO]: [CHAT] §d13332 block(s) have been changed.
[12:25:48] [Client thread/INFO]: [CHAT] §dFirst position set to (151.0, 63.0, -1132.0) (44).
[12:25:54] [Client thread/INFO]: [CHAT] §dSecond position set to (164.0, 58.0, -1163.0) (2688).
[12:25:56] [Client thread/INFO]: [CHAT] §dSecond position set to (164.0, 58.0, -1156.0) (2100).
[12:26:01] [Client thread/INFO]: [CHAT] §d2100 block(s) have been changed.
[12:26:05] [Client thread/INFO]: [CHAT] §dFirst position set to (150.0, 63.0, -1151.0) (540).
[12:26:06] [Client thread/INFO]: [CHAT] §dSecond position set to (156.0, 58.0, -1157.0) (294).
[12:26:08] [Client thread/INFO]: [CHAT] §d216 block(s) have been changed.
[12:26:13] [Client thread/INFO]: [CHAT] §dUndo successful.
[12:26:16] [Client thread/INFO]: [CHAT] §d216 block(s) have been changed.
[12:26:31] [Client thread/INFO]: [CHAT] §dFirst position set to (145.0, 63.0, -1136.0) (1584).
[12:26:37] [Client thread/INFO]: [CHAT] §dSecond position set to (110.0, 63.0, -1168.0) (1188).
[12:26:41] [Client thread/INFO]: [CHAT] §d1188 block(s) have been changed.
[12:27:01] [Client thread/INFO]: [CHAT] §d1188 block(s) have been changed.
[12:32:39] [Client thread/INFO]: [CHAT] §dFirst position set to (167.0, 64.0, -1173.0) (696).
[12:32:51] [Client thread/INFO]: [CHAT] §dSecond position set to (108.0, 64.0, -1132.0) (2520).
[12:32:51] [Client thread/INFO]: [CHAT] §dFirst position set to (108.0, 64.0, -1132.0) (1).
[12:32:51] [Client thread/INFO]: [CHAT] §dFirst position set to (108.0, 63.0, -1132.0) (2).
[12:33:06] [Client thread/INFO]: [CHAT] §dFirst position set to (167.0, 64.0, -1173.0) (2520).
[12:33:10] [Client thread/INFO]: [CHAT] §d2520 block(s) have been changed.
[12:33:50] [Client thread/INFO]: [CHAT] §dFirst position set to (121.0, 64.0, -1201.0) (980).
[12:34:22] [Client thread/INFO]: [CHAT] §dSecond position set to (309.0, 74.0, -1345.0) (301455).
[12:34:27] [Client thread/INFO]: [CHAT] §d6509 block(s) have been changed.
[12:34:30] [Server thread/WARN]: Can't keep up! Did the system time change, or is the server overloaded? Running 3404ms behind, skipping 68 tick(s)
[12:34:47] [Client thread/INFO]: [CHAT] §dFirst position set to (288.0, 63.0, -1324.0) (5808).
[12:34:54] [Client thread/INFO]: [CHAT] §dSecond position set to (308.0, 57.0, -1344.0) (3087).
[12:34:59] [Client thread/INFO]: [CHAT] §d1841 block(s) have been changed.
[12:35:04] [Client thread/INFO]: [CHAT] §d36 block(s) have been changed.
[12:35:21] [Client thread/INFO]: [CHAT] §dFirst position set to (162.0, 75.0, -1286.0) (164787).
[12:35:32] [Client thread/INFO]: [CHAT] §dFirst position set to (204.0, 63.0, -1255.0) (66150).
[12:35:42] [Client thread/INFO]: [CHAT] §dSecond position set to (115.0, 63.0, -1308.0) (4860).
[12:35:48] [Client thread/INFO]: [CHAT] §d376 block(s) have been changed.
[12:41:28] [Client thread/INFO]: [CHAT] §dFirst position set to (100.0, 63.0, -1135.0) (2784).
[12:41:45] [Client thread/INFO]: [CHAT] §dSecond position set to (68.0, 63.0, -1189.0) (1815).
[12:42:03] [Client thread/INFO]: [CHAT] §d1815 block(s) have been changed.
[12:43:26] [Server thread/INFO]: Saving and pausing game...
[12:43:26] [Server thread/INFO]: Saving chunks for level 'Planet Bobbyjanks'/Overworld
[12:43:26] [Server thread/INFO]: Saving chunks for level 'Planet Bobbyjanks'/Nether
[12:43:26] [Server thread/INFO]: Saving chunks for level 'Planet Bobbyjanks'/The End
[12:43:27] [Server thread/INFO]: Stopping server
[12:43:27] [Server thread/INFO]: Saving players
[12:43:27] [Server thread/INFO]: Saving worlds
[12:43:27] [Server thread/INFO]: Saving chunks for level 'Planet Bobbyjanks'/Overworld
[12:43:27] [Server thread/INFO]: Saving chunks for level 'Planet Bobbyjanks'/Nether
[12:43:27] [Server thread/INFO]: Saving chunks for level 'Planet Bobbyjanks'/The End
[12:43:29] [Client thread/INFO]: Stopping!
