[13:36:35] [main/INFO]: Setting user: bobbyjanks
[13:36:36] [Client thread/INFO]: LWJGL Version: 2.9.1
[13:36:56] [Client thread/INFO]: Reloading ResourceManager: Default, FMLFileResourcePack:Forge Mod Loader, FMLFileResourcePack:Minecraft Forge, FMLFileResourcePack:WorldEdit
[13:36:57] [Sound Library Loader/INFO]: Sound engine started
[13:36:58] [Client thread/INFO]: Created: 512x256 textures/blocks-atlas
[13:36:58] [Client thread/INFO]: Created: 256x256 textures/items-atlas
[13:36:58] [Client thread/INFO]: Reloading ResourceManager: Default, FMLFileResourcePack:Forge Mod Loader, FMLFileResourcePack:Minecraft Forge, FMLFileResourcePack:WorldEdit
[13:36:58] [Client thread/INFO]: Created: 256x256 textures/items-atlas
[13:36:58] [Client thread/INFO]: Created: 512x256 textures/blocks-atlas
[13:36:59] [Sound Library Loader/INFO]: Sound engine started
[13:37:03] [Server thread/INFO]: Starting integrated minecraft server version 1.7.10
[13:37:03] [Server thread/INFO]: Generating keypair
[13:37:05] [Server thread/INFO]: Preparing start region for level 0
[13:37:06] [Server thread/INFO]: Preparing spawn area: 2%
[13:37:07] [Server thread/INFO]: Preparing spawn area: 10%
[13:37:08] [Server thread/INFO]: Preparing spawn area: 21%
[13:37:09] [Server thread/INFO]: Preparing spawn area: 48%
[13:37:10] [Server thread/INFO]: Preparing spawn area: 58%
[13:37:11] [Server thread/INFO]: Preparing spawn area: 77%
[13:37:12] [Server thread/INFO]: Changing view distance to 15, from 10
[13:37:14] [Server thread/INFO]: bobbyjanks[local:E:25bbd71b] logged in with entity id 1 at (-576.2190373748782, 69.85509705489818, -1306.6800757920157)
[13:37:14] [Server thread/INFO]: bobbyjanks joined the game
[13:37:23] [Server thread/WARN]: Can't keep up! Did the system time change, or is the server overloaded? Running 9223ms behind, skipping 184 tick(s)
[13:38:36] [Server thread/INFO]: Saving and pausing game...
[13:38:36] [Server thread/INFO]: Saving chunks for level 'Planet Bobbyjanks'/Overworld
[13:38:36] [Server thread/INFO]: Saving chunks for level 'Planet Bobbyjanks'/Nether
[13:38:36] [Server thread/INFO]: Saving chunks for level 'Planet Bobbyjanks'/The End
[13:38:37] [Server thread/INFO]: Stopping server
[13:38:37] [Server thread/INFO]: Saving players
[13:38:37] [Server thread/INFO]: Saving worlds
[13:38:37] [Server thread/INFO]: Saving chunks for level 'Planet Bobbyjanks'/Overworld
[13:38:37] [Server thread/INFO]: Saving chunks for level 'Planet Bobbyjanks'/Nether
[13:38:37] [Server thread/INFO]: Saving chunks for level 'Planet Bobbyjanks'/The End
[13:38:38] [Client thread/INFO]: Stopping!
