[21:03:13] [main/INFO]: Setting user: bobbyjanks
[21:03:14] [Client thread/INFO]: LWJGL Version: 2.9.1
[21:03:22] [Client thread/INFO]: Reloading ResourceManager: Default, FMLFileResourcePack:Forge Mod Loader, FMLFileResourcePack:Minecraft Forge, FMLFileResourcePack:WorldEdit, [1.7.10] Flow's HD 64x
[21:03:23] [Sound Library Loader/INFO]: Sound engine started
[21:03:24] [Client thread/INFO]: Created: 16x16 textures/blocks-atlas
[21:03:24] [Client thread/INFO]: Created: 16x16 textures/items-atlas
[21:03:24] [Client thread/INFO]: Reloading ResourceManager: Default, FMLFileResourcePack:Forge Mod Loader, FMLFileResourcePack:Minecraft Forge, FMLFileResourcePack:WorldEdit, [1.7.10] Flow's HD 64x
[21:03:25] [Client thread/INFO]: Created: 1024x1024 textures/items-atlas
[21:03:27] [Client thread/INFO]: Created: 2048x1024 textures/blocks-atlas
[21:03:28] [Sound Library Loader/INFO]: Sound engine started
[21:05:23] [Server thread/INFO]: Starting integrated minecraft server version 1.7.10
[21:05:23] [Server thread/INFO]: Generating keypair
[21:05:23] [Server thread/INFO]: Preparing start region for level 0
[21:05:24] [Server thread/INFO]: Preparing spawn area: 77%
[21:05:25] [Server thread/INFO]: Changing view distance to 16, from 10
[21:05:26] [Server thread/INFO]: bobbyjanks[local:E:ee12c30b] logged in with entity id 3 at (-577.3194649910307, 101.77882134367731, -1350.9863771011435)
[21:05:26] [Server thread/INFO]: bobbyjanks joined the game
[21:05:29] [Server thread/WARN]: Can't keep up! Did the system time change, or is the server overloaded? Running 2314ms behind, skipping 46 tick(s)
[21:10:58] [Client thread/INFO]: [CHAT] §dFirst position set to (-521.0, 64.0, -1304.0).
[21:11:01] [Client thread/INFO]: [CHAT] §dSecond position set to (-533.0, 69.0, -1304.0) (78).
[21:11:06] [Client thread/INFO]: [CHAT] §d40 block(s) have been changed.
[21:11:07] [Client thread/INFO]: [CHAT] §dFirst position set to (-534.0, 69.0, -1304.0) (2).
[21:11:11] [Client thread/INFO]: [CHAT] §dSecond position set to (-534.0, 64.0, -1285.0) (120).
[21:11:12] [Client thread/INFO]: [CHAT] §d95 block(s) have been changed.
[21:15:20] [Client thread/INFO]: [CHAT] §dFirst position set to (-520.0, 67.0, -1302.0) (1080).
[21:15:23] [Client thread/INFO]: [CHAT] §dSecond position set to (-520.0, 64.0, -1285.0) (72).
[21:15:27] [Client thread/INFO]: [CHAT] §d45 block(s) have been changed.
[21:22:11] [Server thread/INFO]: Saving and pausing game...
[21:22:11] [Server thread/INFO]: Saving chunks for level 'Planet Bobbyjanks'/Overworld
[21:22:11] [Server thread/INFO]: Saving chunks for level 'Planet Bobbyjanks'/Nether
[21:22:11] [Server thread/INFO]: Saving chunks for level 'Planet Bobbyjanks'/The End
[21:34:58] [Server thread/INFO]: Saving and pausing game...
[21:34:58] [Server thread/INFO]: Saving chunks for level 'Planet Bobbyjanks'/Overworld
[21:34:58] [Server thread/INFO]: Saving chunks for level 'Planet Bobbyjanks'/Nether
[21:34:58] [Server thread/INFO]: Saving chunks for level 'Planet Bobbyjanks'/The End
[21:35:01] [Server thread/INFO]: Saving and pausing game...
[21:35:01] [Server thread/INFO]: Saving chunks for level 'Planet Bobbyjanks'/Overworld
[21:35:01] [Server thread/INFO]: Saving chunks for level 'Planet Bobbyjanks'/Nether
[21:35:01] [Server thread/INFO]: Saving chunks for level 'Planet Bobbyjanks'/The End
[21:42:00] [Server thread/INFO]: Saving and pausing game...
[21:42:00] [Server thread/INFO]: Saving chunks for level 'Planet Bobbyjanks'/Overworld
[21:42:00] [Server thread/INFO]: Saving chunks for level 'Planet Bobbyjanks'/Nether
[21:42:00] [Server thread/INFO]: Saving chunks for level 'Planet Bobbyjanks'/The End
[21:47:37] [Client thread/INFO]: [CHAT] §dFirst position set to (-534.0, 75.0, -1304.0) (3600).
[21:47:40] [Client thread/INFO]: [CHAT] §dSecond position set to (-522.0, 71.0, -1304.0) (65).
[21:47:46] [Client thread/INFO]: [CHAT] §d40 block(s) have been changed.
[21:54:56] [Client thread/INFO]: [CHAT] §dFirst position set to (-541.0, 75.0, -1284.0) (2100).
[21:55:03] [Client thread/INFO]: [CHAT] §dFirst position set to (-541.0, 75.0, -1285.0) (2000).
[21:55:51] [Client thread/INFO]: [CHAT] §dSecond position set to (-520.0, 70.0, -1304.0) (2640).
[21:56:21] [Client thread/INFO]: [CHAT] §d2640 block(s) were copied.
[21:56:35] [Client thread/INFO]: [CHAT] §dThe clipboard has been pasted at (-541.0, 77.0, -1277.0)
[21:56:57] [Client thread/INFO]: [CHAT] §dThe clipboard has been pasted at (-541.0, 83.0, -1277.0)
[21:57:11] [Client thread/INFO]: [CHAT] §dThe clipboard has been pasted at (-541.0, 89.0, -1277.0)
[22:04:46] [Server thread/INFO]: Saving and pausing game...
[22:04:46] [Server thread/INFO]: Saving chunks for level 'Planet Bobbyjanks'/Overworld
[22:04:46] [Server thread/INFO]: Saving chunks for level 'Planet Bobbyjanks'/Nether
[22:04:46] [Server thread/INFO]: Saving chunks for level 'Planet Bobbyjanks'/The End
[22:04:47] [Server thread/INFO]: Stopping server
[22:04:47] [Server thread/INFO]: Saving players
[22:04:47] [Server thread/INFO]: Saving worlds
[22:04:47] [Server thread/INFO]: Saving chunks for level 'Planet Bobbyjanks'/Overworld
[22:04:47] [Server thread/INFO]: Saving chunks for level 'Planet Bobbyjanks'/Nether
[22:04:47] [Server thread/INFO]: Saving chunks for level 'Planet Bobbyjanks'/The End
[22:04:48] [Client thread/INFO]: Stopping!
