[15:24:52] [main/INFO]: Setting user: bobbyjanks
[15:24:53] [Client thread/INFO]: LWJGL Version: 2.9.1
[15:25:01] [Client thread/INFO]: Reloading ResourceManager: Default, FMLFileResourcePack:Forge Mod Loader, FMLFileResourcePack:Minecraft Forge, FMLFileResourcePack:WorldEdit, [1.7.10] Flow's HD 64x
[15:25:02] [Sound Library Loader/INFO]: Sound engine started
[15:25:02] [Client thread/INFO]: Created: 16x16 textures/blocks-atlas
[15:25:02] [Client thread/INFO]: Created: 16x16 textures/items-atlas
[15:25:02] [Client thread/INFO]: Reloading ResourceManager: Default, FMLFileResourcePack:Forge Mod Loader, FMLFileResourcePack:Minecraft Forge, FMLFileResourcePack:WorldEdit, [1.7.10] Flow's HD 64x
[15:25:02] [Client thread/INFO]: Created: 1024x1024 textures/items-atlas
[15:25:03] [Client thread/INFO]: Created: 2048x1024 textures/blocks-atlas
[15:25:04] [Sound Library Loader/INFO]: Sound engine started
[15:25:07] [Server thread/INFO]: Starting integrated minecraft server version 1.7.10
[15:25:07] [Server thread/INFO]: Generating keypair
[15:25:07] [Server thread/INFO]: Preparing start region for level 0
[15:25:08] [Server thread/INFO]: Changing view distance to 16, from 10
[15:25:10] [Server thread/INFO]: bobbyjanks[local:E:1fe25196] logged in with entity id 0 at (-566.2937185709962, 80.35490920878888, -1634.926886540614)
[15:25:10] [Server thread/INFO]: bobbyjanks joined the game
[15:33:38] [Client thread/INFO]: [CHAT] §dFirst position set to (-663.0, 59.0, -1114.0).
[15:33:42] [Client thread/INFO]: [CHAT] §dSecond position set to (-656.0, 59.0, -1120.0) (56).
[15:33:49] [Client thread/INFO]: [CHAT] §d56 block(s) have been changed.
[15:33:52] [Client thread/INFO]: [CHAT] §dFirst position set to (-652.0, 59.0, -1102.0) (95).
[15:33:54] [Client thread/INFO]: [CHAT] §dSecond position set to (-639.0, 59.0, -1115.0) (196).
[15:33:55] [Client thread/INFO]: [CHAT] §d196 block(s) have been changed.
[15:34:04] [Client thread/INFO]: [CHAT] §dSecond position set to (-574.0, 59.0, -1112.0) (869).
[15:34:05] [Client thread/INFO]: [CHAT] §d715 block(s) have been changed.
[15:34:08] [Client thread/INFO]: [CHAT] §dFirst position set to (-574.0, 59.0, -1113.0) (2).
[15:34:10] [Client thread/INFO]: [CHAT] §dSecond position set to (-591.0, 59.0, -1120.0) (144).
[15:34:11] [Client thread/INFO]: [CHAT] §d144 block(s) have been changed.
[15:34:14] [Client thread/INFO]: [CHAT] §dSecond position set to (-608.0, 59.0, -1117.0) (175).
[15:34:16] [Client thread/INFO]: [CHAT] §d85 block(s) have been changed.
[15:34:38] [Client thread/INFO]: [CHAT] §dFirst position set to (-454.0, 59.0, -1114.0) (620).
[15:34:46] [Client thread/INFO]: [CHAT] §dSecond position set to (-516.0, 59.0, -1151.0) (2394).
[15:34:47] [Client thread/INFO]: [CHAT] §d2394 block(s) have been changed.
[15:34:50] [Client thread/INFO]: [CHAT] §dSecond position set to (-534.0, 59.0, -1144.0) (2511).
[15:34:51] [Client thread/INFO]: [CHAT] §d558 block(s) have been changed.
[15:34:53] [Client thread/INFO]: [CHAT] §dSecond position set to (-546.0, 59.0, -1139.0) (2418).
[15:34:55] [Client thread/INFO]: [CHAT] §d312 block(s) have been changed.
[15:34:56] [Client thread/INFO]: [CHAT] §dSecond position set to (-557.0, 59.0, -1134.0) (2184).
[15:34:58] [Client thread/INFO]: [CHAT] §d231 block(s) have been changed.
[15:35:03] [Client thread/INFO]: [CHAT] §dSecond position set to (-523.0, 59.0, -1148.0) (2450).
[15:35:05] [Client thread/INFO]: [CHAT] §d28 block(s) have been changed.
[15:35:08] [Client thread/INFO]: [CHAT] §dSecond position set to (-499.0, 59.0, -1161.0) (2208).
[15:35:09] [Client thread/INFO]: [CHAT] §d460 block(s) have been changed.
[15:35:12] [Client thread/INFO]: [CHAT] §dSecond position set to (-484.0, 59.0, -1168.0) (1705).
[15:35:13] [Client thread/INFO]: [CHAT] §d217 block(s) have been changed.
[15:35:16] [Client thread/INFO]: [CHAT] §dSecond position set to (-472.0, 59.0, -1176.0) (1197).
[15:35:17] [Client thread/INFO]: [CHAT] §d152 block(s) have been changed.
[15:35:20] [Client thread/INFO]: [CHAT] §dSecond position set to (-459.0, 59.0, -1185.0) (432).
[15:35:21] [Client thread/INFO]: [CHAT] §d54 block(s) have been changed.
[15:35:26] [Client thread/INFO]: [CHAT] §dSecond position set to (-464.0, 59.0, -1180.0) (737).
[15:35:27] [Client thread/INFO]: [CHAT] §d20 block(s) have been changed.
[15:35:30] [Client thread/INFO]: [CHAT] §dFirst position set to (-438.0, 59.0, -1175.0) (162).
[15:35:33] [Client thread/INFO]: [CHAT] §dSecond position set to (-452.0, 59.0, -1201.0) (405).
[15:35:35] [Client thread/INFO]: [CHAT] §d405 block(s) have been changed.
[15:35:53] [Client thread/INFO]: [CHAT] §dFirst position set to (-438.0, 59.0, -1202.0) (30).
[15:35:56] [Client thread/INFO]: [CHAT] §dSecond position set to (-451.0, 59.0, -1229.0) (392).
[15:35:58] [Client thread/INFO]: [CHAT] §d392 block(s) have been changed.
[15:36:00] [Client thread/INFO]: [CHAT] §dFirst position set to (-438.0, 59.0, -1230.0) (28).
[15:36:15] [Client thread/INFO]: [CHAT] §dSecond position set to (-452.0, 59.0, -1306.0) (1155).
[15:36:17] [Client thread/INFO]: [CHAT] §d1155 block(s) have been changed.
[15:36:19] [Client thread/INFO]: [CHAT] §dFirst position set to (-453.0, 59.0, -1306.0) (2).
[15:36:22] [Client thread/INFO]: [CHAT] §dSecond position set to (-464.0, 59.0, -1290.0) (204).
[15:36:23] [Client thread/INFO]: [CHAT] §d204 block(s) have been changed.
[15:36:26] [Client thread/INFO]: [CHAT] §dSecond position set to (-461.0, 59.0, -1271.0) (324).
[15:36:28] [Client thread/INFO]: [CHAT] §d171 block(s) have been changed.
[15:36:30] [Client thread/INFO]: [CHAT] §dFirst position set to (-453.0, 59.0, -1270.0) (18).
[15:36:32] [Client thread/INFO]: [CHAT] §dSecond position set to (-458.0, 59.0, -1256.0) (90).
[15:36:34] [Client thread/INFO]: [CHAT] §d90 block(s) have been changed.
[15:36:35] [Client thread/INFO]: [CHAT] §dFirst position set to (-453.0, 59.0, -1255.0) (12).
[15:36:37] [Client thread/INFO]: [CHAT] §dSecond position set to (-456.0, 59.0, -1247.0) (36).
[15:36:40] [Client thread/INFO]: [CHAT] §d36 block(s) have been changed.
[15:36:53] [Client thread/INFO]: [CHAT] §dFirst position set to (-466.0, 59.0, -1347.0) (1111).
[15:36:55] [Client thread/INFO]: [CHAT] §dSecond position set to (-471.0, 59.0, -1332.0) (96).
[15:36:56] [Client thread/INFO]: [CHAT] §d96 block(s) have been changed.
[15:36:59] [Client thread/INFO]: [CHAT] §dSecond position set to (-469.0, 59.0, -1318.0) (120).
[15:37:00] [Client thread/INFO]: [CHAT] §d56 block(s) have been changed.
[15:37:04] [Client thread/INFO]: [CHAT] §dFirst position set to (-466.0, 59.0, -1348.0) (124).
[15:37:06] [Client thread/INFO]: [CHAT] §dSecond position set to (-471.0, 59.0, -1365.0) (108).
[15:37:07] [Client thread/INFO]: [CHAT] §d108 block(s) have been changed.
[15:37:11] [Client thread/INFO]: [CHAT] §dSecond position set to (-470.0, 59.0, -1390.0) (215).
[15:37:13] [Client thread/INFO]: [CHAT] §d125 block(s) have been changed.
[15:37:30] [Client thread/INFO]: [CHAT] §dFirst position set to (-466.0, 59.0, -1428.0) (195).
[15:37:33] [Client thread/INFO]: [CHAT] §dSecond position set to (-482.0, 59.0, -1410.0) (323).
[15:37:34] [Client thread/INFO]: [CHAT] §d323 block(s) have been changed.
[15:37:36] [Client thread/INFO]: [CHAT] §dSecond position set to (-475.0, 59.0, -1400.0) (290).
[15:37:38] [Client thread/INFO]: [CHAT] §d100 block(s) have been changed.
[15:37:39] [Client thread/INFO]: [CHAT] §dSecond position set to (-472.0, 59.0, -1392.0) (259).
[15:37:41] [Client thread/INFO]: [CHAT] §d56 block(s) have been changed.
[15:37:45] [Client thread/INFO]: [CHAT] §dSecond position set to (-489.0, 59.0, -1421.0) (192).
[15:37:46] [Client thread/INFO]: [CHAT] §d56 block(s) have been changed.
[15:37:57] [Client thread/INFO]: [CHAT] §dFirst position set to (-477.0, 59.0, -1469.0) (637).
[15:38:02] [Client thread/INFO]: [CHAT] §dSecond position set to (-507.0, 59.0, -1450.0) (620).
[15:38:03] [Client thread/INFO]: [CHAT] §d620 block(s) have been changed.
[15:38:05] [Client thread/INFO]: [CHAT] §dSecond position set to (-499.0, 59.0, -1435.0) (805).
[15:38:07] [Client thread/INFO]: [CHAT] §d345 block(s) have been changed.
[15:38:09] [Client thread/INFO]: [CHAT] §dSecond position set to (-494.0, 59.0, -1429.0) (738).
[15:38:11] [Client thread/INFO]: [CHAT] §d108 block(s) have been changed.
[15:38:14] [Client thread/INFO]: [CHAT] §dSecond position set to (-504.0, 59.0, -1443.0) (756).
[15:38:16] [Client thread/INFO]: [CHAT] §d35 block(s) have been changed.
[15:38:21] [Client thread/INFO]: [CHAT] §dSecond position set to (-508.0, 59.0, -1493.0) (800).
[15:38:22] [Client thread/INFO]: [CHAT] §dSecond position set to (-508.0, 59.0, -1492.0) (768).
[15:38:22] [Client thread/INFO]: [CHAT] §dSecond position set to (-509.0, 58.0, -1493.0) (1650).
[15:38:22] [Client thread/INFO]: [CHAT] §dSecond position set to (-508.0, 59.0, -1493.0) (800).
[15:38:24] [Client thread/INFO]: [CHAT] §d769 block(s) have been changed.
[15:38:28] [Client thread/INFO]: [CHAT] §dSecond position set to (-503.0, 59.0, -1516.0) (1296).
[15:38:34] [Client thread/INFO]: [CHAT] §d621 block(s) have been changed.
[15:38:40] [Client thread/INFO]: [CHAT] §dFirst position set to (-477.0, 59.0, -1517.0) (54).
[15:38:43] [Client thread/INFO]: [CHAT] §dSecond position set to (-490.0, 59.0, -1533.0) (238).
[15:38:44] [Client thread/INFO]: [CHAT] §d238 block(s) have been changed.
[15:38:47] [Client thread/INFO]: [CHAT] §dSecond position set to (-499.0, 59.0, -1522.0) (138).
[15:38:49] [Client thread/INFO]: [CHAT] §d54 block(s) have been changed.
[15:38:53] [Client thread/INFO]: [CHAT] §dSecond position set to (-494.0, 59.0, -1527.0) (198).
[15:38:54] [Client thread/INFO]: [CHAT] §d20 block(s) have been changed.
[15:38:58] [Client thread/INFO]: [CHAT] §dFirst position set to (-477.0, 59.0, -1534.0) (144).
[15:39:00] [Client thread/INFO]: [CHAT] §dSecond position set to (-483.0, 59.0, -1538.0) (35).
[15:39:01] [Client thread/INFO]: [CHAT] §d35 block(s) have been changed.
[15:39:41] [Client thread/INFO]: [CHAT] §dFirst position set to (-472.0, 59.0, -1539.0) (24).
[15:39:42] [Client thread/INFO]: [CHAT] §dSecond position set to (-477.0, 59.0, -1542.0) (24).
[15:39:44] [Client thread/INFO]: [CHAT] §d24 block(s) have been changed.
[15:39:46] [Client thread/INFO]: [CHAT] §dFirst position set to (-453.0, 59.0, -1543.0) (50).
[15:39:48] [Client thread/INFO]: [CHAT] §dSecond position set to (-463.0, 59.0, -1551.0) (99).
[15:39:49] [Client thread/INFO]: [CHAT] §d99 block(s) have been changed.
[15:39:52] [Client thread/INFO]: [CHAT] §dFirst position set to (-441.0, 59.0, -1555.0) (115).
[15:39:54] [Client thread/INFO]: [CHAT] §dSecond position set to (-449.0, 59.0, -1559.0) (45).
[15:39:56] [Client thread/INFO]: [CHAT] §d45 block(s) have been changed.
[15:39:59] [Client thread/INFO]: [CHAT] §dFirst position set to (-419.0, 59.0, -1557.0) (93).
[15:40:01] [Client thread/INFO]: [CHAT] §dSecond position set to (-433.0, 59.0, -1567.0) (165).
[15:40:02] [Client thread/INFO]: [CHAT] §d165 block(s) have been changed.
[15:40:04] [Client thread/INFO]: [CHAT] §dSecond position set to (-442.0, 59.0, -1562.0) (144).
[15:40:05] [Client thread/INFO]: [CHAT] §d48 block(s) have been changed.
[15:40:09] [Client thread/INFO]: [CHAT] §dFirst position set to (-419.0, 59.0, -1568.0) (168).
[15:40:11] [Client thread/INFO]: [CHAT] §dSecond position set to (-425.0, 59.0, -1572.0) (35).
[15:40:13] [Client thread/INFO]: [CHAT] §d35 block(s) have been changed.
[15:40:16] [Client thread/INFO]: [CHAT] §dFirst position set to (-404.0, 59.0, -1579.0) (176).
[15:40:17] [Client thread/INFO]: [CHAT] §dSecond position set to (-411.0, 59.0, -1581.0) (24).
[15:40:20] [Client thread/INFO]: [CHAT] Unknown command. Try /help for a list of commands
[15:40:22] [Client thread/INFO]: [CHAT] §d24 block(s) have been changed.
[15:40:25] [Client thread/INFO]: [CHAT] §dFirst position set to (-365.0, 59.0, -1581.0) (47).
[15:40:28] [Client thread/INFO]: [CHAT] §dSecond position set to (-384.0, 59.0, -1594.0) (280).
[15:40:31] [Client thread/INFO]: [CHAT] §d280 block(s) have been changed.
[15:40:34] [Client thread/INFO]: [CHAT] §dSecond position set to (-396.0, 59.0, -1588.0) (256).
[15:40:35] [Client thread/INFO]: [CHAT] §d96 block(s) have been changed.
[15:40:38] [Client thread/INFO]: [CHAT] §dSecond position set to (-402.0, 59.0, -1584.0) (152).
[15:40:40] [Client thread/INFO]: [CHAT] §d24 block(s) have been changed.
[15:40:42] [Client thread/INFO]: [CHAT] §dSecond position set to (-374.0, 59.0, -1601.0) (210).
[15:40:44] [Client thread/INFO]: [CHAT] §d70 block(s) have been changed.
[15:40:46] [Client thread/INFO]: [CHAT] §dSecond position set to (-369.0, 59.0, -1606.0) (130).
[15:40:47] [Client thread/INFO]: [CHAT] §d25 block(s) have been changed.
[15:40:49] [Client thread/INFO]: [CHAT] §dFirst position set to (-355.0, 59.0, -1609.0) (60).
[15:40:51] [Client thread/INFO]: [CHAT] §dSecond position set to (-360.0, 59.0, -1611.0) (18).
[15:40:52] [Client thread/INFO]: [CHAT] §d18 block(s) have been changed.
[15:40:55] [Client thread/INFO]: [CHAT] §dFirst position set to (-344.0, 59.0, -1616.0) (102).
[15:40:57] [Client thread/INFO]: [CHAT] §dSecond position set to (-349.0, 59.0, -1620.0) (30).
[15:40:59] [Client thread/INFO]: [CHAT] §d30 block(s) have been changed.
[15:41:02] [Client thread/INFO]: [CHAT] §dFirst position set to (-331.0, 59.0, -1623.0) (76).
[15:41:03] [Client thread/INFO]: [CHAT] §dSecond position set to (-338.0, 59.0, -1628.0) (48).
[15:41:05] [Client thread/INFO]: [CHAT] §d48 block(s) have been changed.
[15:41:07] [Client thread/INFO]: [CHAT] §dFirst position set to (-320.0, 59.0, -1632.0) (95).
[15:41:09] [Client thread/INFO]: [CHAT] §dSecond position set to (-326.0, 59.0, -1636.0) (35).
[15:41:10] [Client thread/INFO]: [CHAT] §d35 block(s) have been changed.
[15:41:12] [Client thread/INFO]: [CHAT] §dFirst position set to (-312.0, 59.0, -1640.0) (75).
[15:41:13] [Client thread/INFO]: [CHAT] §dSecond position set to (-315.0, 59.0, -1644.0) (20).
[15:41:14] [Client thread/INFO]: [CHAT] §d20 block(s) have been changed.
[15:41:20] [Client thread/INFO]: [CHAT] §dFirst position set to (-280.0, 59.0, -1645.0) (72).
[15:41:23] [Client thread/INFO]: [CHAT] §dSecond position set to (-298.0, 59.0, -1663.0) (361).
[15:41:24] [Client thread/INFO]: [CHAT] §d361 block(s) have been changed.
[15:41:27] [Client thread/INFO]: [CHAT] §dSecond position set to (-307.0, 59.0, -1654.0) (280).
[15:41:28] [Client thread/INFO]: [CHAT] §dSecond position set to (-308.0, 59.0, -1654.0) (290).
[15:41:29] [Client thread/INFO]: [CHAT] §d100 block(s) have been changed.
[15:41:31] [Client thread/INFO]: [CHAT] §dSecond position set to (-311.0, 59.0, -1648.0) (128).
[15:41:33] [Client thread/INFO]: [CHAT] §d12 block(s) have been changed.
[15:41:34] [Client thread/INFO]: [CHAT] §dSecond position set to (-303.0, 59.0, -1658.0) (336).
[15:41:35] [Client thread/INFO]: [CHAT] §d20 block(s) have been changed.
[15:41:39] [Client thread/INFO]: [CHAT] §dFirst position set to (-280.0, 59.0, -1664.0) (168).
[15:41:41] [Client thread/INFO]: [CHAT] §dSecond position set to (-291.0, 59.0, -1673.0) (120).
[15:41:43] [Client thread/INFO]: [CHAT] §d120 block(s) have been changed.
[15:41:45] [Client thread/INFO]: [CHAT] §dSecond position set to (-287.0, 59.0, -1681.0) (144).
[15:41:46] [Client thread/INFO]: [CHAT] §d64 block(s) have been changed.
[15:41:49] [Client thread/INFO]: [CHAT] §dFirst position set to (-275.0, 59.0, -1674.0) (104).
[15:41:52] [Client thread/INFO]: [CHAT] §dSecond position set to (-283.0, 59.0, -1690.0) (153).
[15:41:53] [Client thread/INFO]: [CHAT] §d121 block(s) have been changed.
[15:41:55] [Client thread/INFO]: [CHAT] §dFirst position set to (-275.0, 59.0, -1691.0) (18).
[15:41:57] [Client thread/INFO]: [CHAT] §dSecond position set to (-280.0, 59.0, -1705.0) (90).
[15:41:59] [Client thread/INFO]: [CHAT] §d90 block(s) have been changed.
[15:42:00] [Client thread/INFO]: [CHAT] §dFirst position set to (-275.0, 59.0, -1706.0) (12).
[15:42:03] [Client thread/INFO]: [CHAT] §dSecond position set to (-279.0, 59.0, -1720.0) (75).
[15:42:04] [Client thread/INFO]: [CHAT] §d75 block(s) have been changed.
[15:42:06] [Client thread/INFO]: [CHAT] §dFirst position set to (-275.0, 59.0, -1721.0) (10).
[15:42:08] [Client thread/INFO]: [CHAT] §dSecond position set to (-277.0, 59.0, -1731.0) (33).
[15:42:09] [Client thread/INFO]: [CHAT] §d33 block(s) have been changed.
[15:42:16] [Client thread/INFO]: [CHAT] §dFirst position set to (-275.0, 59.0, -1785.0) (165).
[15:42:18] [Client thread/INFO]: [CHAT] §dSecond position set to (-282.0, 59.0, -1770.0) (128).
[15:42:20] [Client thread/INFO]: [CHAT] §d128 block(s) have been changed.
[15:42:24] [Client thread/INFO]: [CHAT] §dSecond position set to (-279.0, 59.0, -1752.0) (170).
[15:42:26] [Client thread/INFO]: [CHAT] §d90 block(s) have been changed.
[15:42:28] [Client thread/INFO]: [CHAT] §dSecond position set to (-277.0, 59.0, -1743.0) (129).
[15:42:30] [Client thread/INFO]: [CHAT] §d27 block(s) have been changed.
[15:43:00] [Client thread/INFO]: [CHAT] §dFirst position set to (-284.0, 59.0, -1995.0) (2024).
[15:43:06] [Client thread/INFO]: [CHAT] §dSecond position set to (-305.0, 59.0, -1948.0) (1056).
[15:43:07] [Client thread/INFO]: [CHAT] §d1056 block(s) have been changed.
[15:43:11] [Client thread/INFO]: [CHAT] §dSecond position set to (-300.0, 59.0, -1915.0) (1377).
[15:43:12] [Client thread/INFO]: [CHAT] §d561 block(s) have been changed.
[15:43:15] [Client thread/INFO]: [CHAT] §dSecond position set to (-295.0, 59.0, -1886.0) (1320).
[15:43:17] [Client thread/INFO]: [CHAT] §d348 block(s) have been changed.
[15:43:20] [Client thread/INFO]: [CHAT] §dSecond position set to (-292.0, 59.0, -1857.0) (1251).
[15:43:21] [Client thread/INFO]: [CHAT] §d261 block(s) have been changed.
[15:43:23] [Client thread/INFO]: [CHAT] §dSecond position set to (-290.0, 59.0, -1847.0) (1043).
[15:43:24] [Client thread/INFO]: [CHAT] §d70 block(s) have been changed.
[15:43:26] [Client thread/INFO]: [CHAT] §dSecond position set to (-288.0, 59.0, -1830.0) (830).
[15:43:27] [Client thread/INFO]: [CHAT] §dSecond position set to (-289.0, 59.0, -1830.0) (996).
[15:43:29] [Client thread/INFO]: [CHAT] §d102 block(s) have been changed.
[15:43:31] [Client thread/INFO]: [CHAT] §dSecond position set to (-287.0, 59.0, -1811.0) (740).
[15:43:33] [Client thread/INFO]: [CHAT] §d76 block(s) have been changed.
[15:43:45] [Client thread/INFO]: [CHAT] §dSecond position set to (-303.0, 59.0, -1940.0) (1120).
[15:43:47] [Client thread/INFO]: [CHAT] §d24 block(s) have been changed.
[15:43:51] [Client thread/INFO]: [CHAT] §dSecond position set to (-318.0, 59.0, -1970.0) (910).
[15:43:52] [Client thread/INFO]: [CHAT] §d338 block(s) have been changed.
[15:43:56] [Client thread/INFO]: [CHAT] §dSecond position set to (-338.0, 59.0, -1982.0) (770).
[15:43:57] [Client thread/INFO]: [CHAT] §d280 block(s) have been changed.
[15:44:00] [Client thread/INFO]: [CHAT] §dSecond position set to (-351.0, 59.0, -1987.0) (612).
[15:44:01] [Client thread/INFO]: [CHAT] §d117 block(s) have been changed.
[15:44:04] [Client thread/INFO]: [CHAT] §dFirst position set to (-356.0, 59.0, -2001.0) (90).
[15:44:06] [Client thread/INFO]: [CHAT] §dSecond position set to (-370.0, 59.0, -1993.0) (135).
[15:44:08] [Client thread/INFO]: [CHAT] §d135 block(s) have been changed.
[15:45:32] [Client thread/INFO]: [CHAT] §dFirst position set to (-371.0, 59.0, -2001.0) (18).
[15:45:34] [Client thread/INFO]: [CHAT] §dSecond position set to (-384.0, 59.0, -1996.0) (84).
[15:45:36] [Client thread/INFO]: [CHAT] §d84 block(s) have been changed.
[15:45:37] [Client thread/INFO]: [CHAT] §dFirst position set to (-385.0, 59.0, -2001.0) (12).
[15:45:39] [Client thread/INFO]: [CHAT] §dSecond position set to (-392.0, 59.0, -1998.0) (32).
[15:45:40] [Client thread/INFO]: [CHAT] §d32 block(s) have been changed.
[15:46:18] [Client thread/INFO]: [CHAT] §dFirst position set to (-389.0, 59.0, -2012.0) (60).
[15:46:21] [Client thread/INFO]: [CHAT] §dSecond position set to (-407.0, 59.0, -2001.0) (228).
[15:46:22] [Client thread/INFO]: [CHAT] §d224 block(s) have been changed.
[15:46:24] [Client thread/INFO]: [CHAT] §dFirst position set to (-408.0, 59.0, -2012.0) (24).
[15:46:27] [Client thread/INFO]: [CHAT] §dSecond position set to (-429.0, 59.0, -2006.0) (154).
[15:46:28] [Client thread/INFO]: [CHAT] §d154 block(s) have been changed.
[15:47:18] [Client thread/INFO]: [CHAT] §dFirst position set to (-430.0, 59.0, -2012.0) (14).
[15:47:21] [Client thread/INFO]: [CHAT] §dSecond position set to (-442.0, 59.0, -2009.0) (52).
[15:47:22] [Client thread/INFO]: [CHAT] §d52 block(s) have been changed.
[15:47:44] [Client thread/INFO]: [CHAT] §dFirst position set to (-455.0, 59.0, -2063.0) (770).
[15:47:50] [Client thread/INFO]: [CHAT] §dSecond position set to (-471.0, 59.0, -2021.0) (731).
[15:47:51] [Client thread/INFO]: [CHAT] §d731 block(s) have been changed.
[15:47:54] [Client thread/INFO]: [CHAT] §dSecond position set to (-486.0, 59.0, -2029.0) (1120).
[15:47:55] [Client thread/INFO]: [CHAT] §d525 block(s) have been changed.
[15:47:58] [Client thread/INFO]: [CHAT] §dSecond position set to (-502.0, 59.0, -2036.0) (1344).
[15:47:59] [Client thread/INFO]: [CHAT] §d448 block(s) have been changed.
[15:48:01] [Client thread/INFO]: [CHAT] §dSecond position set to (-515.0, 59.0, -2041.0) (1403).
[15:48:02] [Client thread/INFO]: [CHAT] §d299 block(s) have been changed.
[15:48:04] [Client thread/INFO]: [CHAT] §dSecond position set to (-530.0, 59.0, -2045.0) (1444).
[15:48:05] [Client thread/INFO]: [CHAT] §d285 block(s) have been changed.
[15:48:07] [Client thread/INFO]: [CHAT] §dSecond position set to (-541.0, 59.0, -2047.0) (1479).
[15:48:08] [Client thread/INFO]: [CHAT] §d187 block(s) have been changed.
[15:48:11] [Client thread/INFO]: [CHAT] §dSecond position set to (-558.0, 59.0, -2056.0) (832).
[15:48:13] [Client thread/INFO]: [CHAT] §d136 block(s) have been changed.
[15:48:15] [Client thread/INFO]: [CHAT] §dSecond position set to (-551.0, 59.0, -2050.0) (1358).
[15:48:16] [Client thread/INFO]: [CHAT] §d60 block(s) have been changed.
[16:06:04] [Server thread/INFO]: Saving and pausing game...
[16:06:04] [Server thread/INFO]: Saving chunks for level 'Planet Bobbyjanks'/Overworld
[16:06:04] [Server thread/INFO]: Saving chunks for level 'Planet Bobbyjanks'/Nether
[16:06:05] [Server thread/INFO]: Saving chunks for level 'Planet Bobbyjanks'/The End
[16:26:11] [Client thread/INFO]: [CHAT] §dFirst position set to (-281.0, 58.0, -1784.0) (144714).
[16:26:11] [Client thread/INFO]: [CHAT] §dFirst position set to (-281.0, 58.0, -1785.0) (144172).
[16:26:15] [Client thread/INFO]: [CHAT] §dSecond position set to (-284.0, 58.0, -1814.0) (120).
[16:26:20] [Client thread/INFO]: [CHAT] §d87 block(s) have been changed.
[16:28:28] [Server thread/INFO]: [bobbyjanks: Given Speed (ID 1) * 200 to bobbyjanks for 10 seconds]
[16:28:28] [Client thread/INFO]: [CHAT] Given Speed (ID 1) * 200 to bobbyjanks for 10 seconds
[16:28:45] [Client thread/INFO]: [CHAT] §dFirst position set to (-663.0, 58.0, -1114.0) (266380).
[16:28:46] [Client thread/INFO]: [CHAT] §dSecond position set to (-659.0, 58.0, -1117.0) (20).
[16:28:51] [Client thread/INFO]: [CHAT] §d20 block(s) have been changed.
[16:28:53] [Client thread/INFO]: [CHAT] §dFirst position set to (-652.0, 58.0, -1102.0) (128).
[16:28:56] [Client thread/INFO]: [CHAT] §dSecond position set to (-635.0, 58.0, -1107.0) (108).
[16:28:57] [Client thread/INFO]: [CHAT] §d108 block(s) have been changed.
[16:28:59] [Client thread/INFO]: [CHAT] §dFirst position set to (-634.0, 58.0, -1102.0) (12).
[16:29:03] [Client thread/INFO]: [CHAT] §dSecond position set to (-615.0, 58.0, -1106.0) (100).
[16:29:04] [Client thread/INFO]: [CHAT] §d100 block(s) have been changed.
[16:29:06] [Client thread/INFO]: [CHAT] §dFirst position set to (-614.0, 58.0, -1102.0) (10).
[16:29:11] [Client thread/INFO]: [CHAT] §dSecond position set to (-574.0, 58.0, -1107.0) (246).
[16:29:13] [Client thread/INFO]: [CHAT] §d246 block(s) have been changed.
[16:29:14] [Client thread/INFO]: [CHAT] §dFirst position set to (-574.0, 58.0, -1108.0) (2).
[16:29:17] [Client thread/INFO]: [CHAT] §dSecond position set to (-590.0, 58.0, -1113.0) (102).
[16:29:18] [Client thread/INFO]: [CHAT] Unknown command. Try /help for a list of commands
[16:29:20] [Client thread/INFO]: [CHAT] §d102 block(s) have been changed.
[16:29:22] [Client thread/INFO]: [CHAT] §dSecond position set to (-579.0, 58.0, -1117.0) (60).
[16:29:24] [Client thread/INFO]: [CHAT] §d24 block(s) have been changed.
[16:29:39] [Client thread/INFO]: [CHAT] §dFirst position set to (-454.0, 58.0, -1114.0) (504).
[16:29:52] [Client thread/INFO]: [CHAT] §dSecond position set to (-558.0, 58.0, -1127.0) (1470).
[16:29:53] [Client thread/INFO]: [CHAT] §d1470 block(s) have been changed.
[16:29:55] [Client thread/INFO]: [CHAT] §dSecond position set to (-545.0, 58.0, -1134.0) (1932).
[16:29:56] [Client thread/INFO]: [CHAT] Unknown command. Try /help for a list of commands
[16:29:58] [Client thread/INFO]: [CHAT] §d644 block(s) have been changed.
[16:30:00] [Client thread/INFO]: [CHAT] §dSecond position set to (-532.0, 58.0, -1140.0) (2133).
[16:30:02] [Client thread/INFO]: [CHAT] §d474 block(s) have been changed.
[16:30:04] [Client thread/INFO]: [CHAT] §dSecond position set to (-515.0, 58.0, -1147.0) (2108).
[16:30:05] [Client thread/INFO]: [CHAT] §d434 block(s) have been changed.
[16:30:08] [Client thread/INFO]: [CHAT] §dSecond position set to (-497.0, 58.0, -1156.0) (1892).
[16:30:09] [Client thread/INFO]: [CHAT] §d396 block(s) have been changed.
[16:30:11] [Client thread/INFO]: [CHAT] §dSecond position set to (-486.0, 58.0, -1162.0) (1617).
[16:30:13] [Client thread/INFO]: [CHAT] §d198 block(s) have been changed.
[16:30:16] [Client thread/INFO]: [CHAT] §dSecond position set to (-468.0, 58.0, -1172.0) (885).
[16:30:17] [Client thread/INFO]: [CHAT] §d150 block(s) have been changed.
[16:30:19] [Client thread/INFO]: [CHAT] §dSecond position set to (-458.0, 58.0, -1180.0) (335).
[16:30:20] [Client thread/INFO]: [CHAT] §d40 block(s) have been changed.
[16:30:24] [Client thread/INFO]: [CHAT] §dFirst position set to (-438.0, 58.0, -1175.0) (126).
[16:30:26] [Client thread/INFO]: [CHAT] §dSecond position set to (-451.0, 58.0, -1189.0) (210).
[16:30:28] [Client thread/INFO]: [CHAT] §d210 block(s) have been changed.
[16:30:31] [Client thread/INFO]: [CHAT] §dSecond position set to (-444.0, 58.0, -1206.0) (224).
[16:30:32] [Client thread/INFO]: [CHAT] §d119 block(s) have been changed.
[16:30:34] [Client thread/INFO]: [CHAT] §dFirst position set to (-438.0, 58.0, -1207.0) (14).
[16:30:44] [Client thread/INFO]: [CHAT] §dSecond position set to (-442.0, 58.0, -1306.0) (500).
[16:30:46] [Client thread/INFO]: [CHAT] §d500 block(s) have been changed.
[16:30:47] [Client thread/INFO]: [CHAT] §dFirst position set to (-443.0, 58.0, -1306.0) (2).
[16:30:50] [Client thread/INFO]: [CHAT] §dSecond position set to (-460.0, 58.0, -1296.0) (198).
[16:30:51] [Client thread/INFO]: [CHAT] §d198 block(s) have been changed.
[16:30:57] [Client thread/INFO]: [CHAT] §dSecond position set to (-453.0, 58.0, -1270.0) (407).
[16:30:59] [Client thread/INFO]: [CHAT] §d286 block(s) have been changed.
[16:31:01] [Client thread/INFO]: [CHAT] §dSecond position set to (-450.0, 58.0, -1253.0) (432).
[16:31:02] [Client thread/INFO]: [CHAT] §d136 block(s) have been changed.
[16:31:04] [Client thread/INFO]: [CHAT] §dSecond position set to (-448.0, 58.0, -1239.0) (408).
[16:31:06] [Client thread/INFO]: [CHAT] §d84 block(s) have been changed.
[16:31:08] [Client thread/INFO]: [CHAT] §dSecond position set to (-445.0, 58.0, -1223.0) (252).
[16:31:10] [Client thread/INFO]: [CHAT] §d48 block(s) have been changed.
[16:31:16] [Client thread/INFO]: [CHAT] §dFirst position set to (-454.0, 58.0, -1295.0) (730).
[16:31:18] [Client thread/INFO]: [CHAT] §dSecond position set to (-458.0, 58.0, -1288.0) (40).
[16:31:19] [Client thread/INFO]: [CHAT] §d40 block(s) have been changed.
[16:31:33] [Client thread/INFO]: [CHAT] §dFirst position set to (-466.0, 58.0, -1428.0) (1269).
[16:31:37] [Client thread/INFO]: [CHAT] §dSecond position set to (-473.0, 58.0, -1407.0) (176).
[16:31:38] [Client thread/INFO]: [CHAT] §d176 block(s) have been changed.
[16:31:40] [Client thread/INFO]: [CHAT] §dSecond position set to (-482.0, 58.0, -1420.0) (153).
[16:31:41] [Client thread/INFO]: [CHAT] §d81 block(s) have been changed.
[16:31:50] [Client thread/INFO]: [CHAT] §dFirst position set to (-477.0, 58.0, -1475.0) (336).
[16:31:55] [Client thread/INFO]: [CHAT] §dSecond position set to (-500.0, 58.0, -1448.0) (672).
[16:31:57] [Client thread/INFO]: [CHAT] §d672 block(s) have been changed.
[16:32:00] [Client thread/INFO]: [CHAT] §dSecond position set to (-491.0, 58.0, -1432.0) (660).
[16:32:01] [Client thread/INFO]: [CHAT] §d240 block(s) have been changed.
[16:32:03] [Client thread/INFO]: [CHAT] §dSecond position set to (-486.0, 58.0, -1426.0) (500).
[16:32:05] [Client thread/INFO]: [CHAT] §d42 block(s) have been changed.
[16:32:08] [Client thread/INFO]: [CHAT] §dSecond position set to (-496.0, 58.0, -1440.0) (720).
[16:32:10] [Client thread/INFO]: [CHAT] §d40 block(s) have been changed.
[16:32:12] [Client thread/INFO]: [CHAT] §dSecond position set to (-505.0, 58.0, -1463.0) (377).
[16:32:14] [Client thread/INFO]: [CHAT] §d65 block(s) have been changed.
[16:32:19] [Client thread/INFO]: [CHAT] §dSecond position set to (-504.0, 58.0, -1487.0) (364).
[16:32:20] [Client thread/INFO]: [CHAT] §d336 block(s) have been changed.
[16:32:28] [Client thread/INFO]: [CHAT] §dSecond position set to (-500.0, 58.0, -1508.0) (816).
[16:32:29] [Client thread/INFO]: [CHAT] §d504 block(s) have been changed.
[16:32:33] [Client thread/INFO]: [CHAT] §dSecond position set to (-490.0, 58.0, -1525.0) (714).
[16:32:34] [Client thread/INFO]: [CHAT] §d238 block(s) have been changed.
[16:32:37] [Client thread/INFO]: [CHAT] §dSecond position set to (-482.0, 58.0, -1533.0) (354).
[16:32:39] [Client thread/INFO]: [CHAT] §d48 block(s) have been changed.
[16:32:43] [Client thread/INFO]: [CHAT] §dFirst position set to (-453.0, 58.0, -1543.0) (330).
[16:32:45] [Client thread/INFO]: [CHAT] §dSecond position set to (-459.0, 58.0, -1549.0) (49).
[16:32:46] [Client thread/INFO]: [CHAT] §d49 block(s) have been changed.
[16:32:49] [Client thread/INFO]: [CHAT] §dFirst position set to (-441.0, 58.0, -1555.0) (133).
[16:32:50] [Client thread/INFO]: [CHAT] §dSecond position set to (-445.0, 58.0, -1556.0) (10).
[16:32:53] [Client thread/INFO]: [CHAT] §d10 block(s) have been changed.
[16:32:54] [Client thread/INFO]: [CHAT] §dFirst position set to (-419.0, 58.0, -1557.0) (54).
[16:32:56] [Client thread/INFO]: [CHAT] §dSecond position set to (-429.0, 58.0, -1565.0) (99).
[16:32:58] [Client thread/INFO]: [CHAT] §d99 block(s) have been changed.
[16:33:00] [Client thread/INFO]: [CHAT] §dSecond position set to (-434.0, 58.0, -1562.0) (96).
[16:33:01] [Client thread/INFO]: [CHAT] §d30 block(s) have been changed.
[16:33:03] [Client thread/INFO]: [CHAT] §dSecond position set to (-424.0, 58.0, -1568.0) (72).
[16:33:05] [Client thread/INFO]: [CHAT] §d18 block(s) have been changed.
[16:33:11] [Client thread/INFO]: [CHAT] §dFirst position set to (-365.0, 58.0, -1581.0) (840).
[16:33:14] [Client thread/INFO]: [CHAT] §dSecond position set to (-383.0, 58.0, -1589.0) (171).
[16:33:15] [Client thread/INFO]: [CHAT] §d171 block(s) have been changed.
[16:33:17] [Client thread/INFO]: [CHAT] §dSecond position set to (-374.0, 58.0, -1596.0) (160).
[16:33:18] [Client thread/INFO]: [CHAT] §d70 block(s) have been changed.
[16:33:25] [Client thread/INFO]: [CHAT] §dFirst position set to (-331.0, 58.0, -1623.0) (1232).
[16:33:26] [Client thread/INFO]: [CHAT] §dSecond position set to (-334.0, 58.0, -1626.0) (16).
[16:33:28] [Client thread/INFO]: [CHAT] §d16 block(s) have been changed.
[16:33:34] [Client thread/INFO]: [CHAT] §dFirst position set to (-280.0, 58.0, -1645.0) (1100).
[16:33:36] [Client thread/INFO]: [CHAT] §dSecond position set to (-295.0, 58.0, -1660.0) (256).
[16:33:38] [Client thread/INFO]: [CHAT] §d256 block(s) have been changed.
[16:33:40] [Client thread/INFO]: [CHAT] §dSecond position set to (-286.0, 58.0, -1674.0) (210).
[16:33:42] [Client thread/INFO]: [CHAT] §d98 block(s) have been changed.
[16:33:45] [Client thread/INFO]: [CHAT] §dFirst position set to (-275.0, 58.0, -1674.0) (12).
[16:33:46] [Client thread/INFO]: [CHAT] §dSecond position set to (-281.0, 58.0, -1683.0) (70).
[16:33:48] [Client thread/INFO]: [CHAT] §d68 block(s) have been changed.
[16:33:50] [Client thread/INFO]: [CHAT] §dSecond position set to (-277.0, 58.0, -1694.0) (63).
[16:33:51] [Client thread/INFO]: [CHAT] §d33 block(s) have been changed.
[16:34:00] [Client thread/INFO]: [CHAT] §dFirst position set to (-275.0, 58.0, -1785.0) (276).
[16:34:03] [Client thread/INFO]: [CHAT] §dSecond position set to (-278.0, 58.0, -1770.0) (64).
[16:34:04] [Client thread/INFO]: [CHAT] §d64 block(s) have been changed.
[16:34:10] [Client thread/INFO]: [CHAT] §dFirst position set to (-281.0, 58.0, -1814.0) (180).
[16:34:13] [Client thread/INFO]: [CHAT] §dSecond position set to (-283.0, 58.0, -1799.0) (48).
[16:34:14] [Client thread/INFO]: [CHAT] §d48 block(s) have been changed.
[16:34:34] [Client thread/INFO]: [CHAT] §dFirst position set to (-284.0, 58.0, -1995.0) (394).
[16:34:38] [Client thread/INFO]: [CHAT] §dSecond position set to (-310.0, 58.0, -1966.0) (810).
[16:34:42] [Client thread/INFO]: [CHAT] §d810 block(s) have been changed.
[16:34:44] [Client thread/INFO]: [CHAT] §dSecond position set to (-302.0, 58.0, -1951.0) (855).
[16:34:45] [Client thread/INFO]: [CHAT] §d285 block(s) have been changed.
[16:34:48] [Client thread/INFO]: [CHAT] §dSecond position set to (-298.0, 58.0, -1928.0) (1020).
[16:34:50] [Client thread/INFO]: [CHAT] §d345 block(s) have been changed.
[16:34:53] [Client thread/INFO]: [CHAT] §dSecond position set to (-293.0, 58.0, -1903.0) (930).
[16:34:54] [Client thread/INFO]: [CHAT] §d250 block(s) have been changed.
[16:34:57] [Client thread/INFO]: [CHAT] §dSecond position set to (-291.0, 58.0, -1878.0) (944).
[16:34:58] [Client thread/INFO]: [CHAT] Unknown command. Try /help for a list of commands
[16:35:00] [Client thread/INFO]: [CHAT] §d200 block(s) have been changed.
[16:35:03] [Client thread/INFO]: [CHAT] §dSecond position set to (-288.0, 58.0, -1854.0) (710).
[16:35:04] [Client thread/INFO]: [CHAT] §d120 block(s) have been changed.
[16:35:07] [Client thread/INFO]: [CHAT] §dSecond position set to (-286.0, 58.0, -1830.0) (498).
[16:35:09] [Client thread/INFO]: [CHAT] §d72 block(s) have been changed.
[16:35:26] [Client thread/INFO]: [CHAT] §dFirst position set to (-311.0, 58.0, -1995.0) (4316).
[16:35:29] [Client thread/INFO]: [CHAT] §dSecond position set to (-324.0, 58.0, -1979.0) (238).
[16:35:30] [Client thread/INFO]: [CHAT] §d238 block(s) have been changed.
[16:35:34] [Client thread/INFO]: [CHAT] §dSecond position set to (-340.0, 58.0, -1987.0) (270).
[16:35:36] [Client thread/INFO]: [CHAT] §d144 block(s) have been changed.
[16:35:38] [Client thread/INFO]: [CHAT] §dSecond position set to (-352.0, 58.0, -1991.0) (210).
[16:35:40] [Client thread/INFO]: [CHAT] §d60 block(s) have been changed.
[16:35:42] [Client thread/INFO]: [CHAT] §dFirst position set to (-356.0, 58.0, -2001.0) (55).
[16:35:45] [Client thread/INFO]: [CHAT] §dSecond position set to (-368.0, 58.0, -1997.0) (65).
[16:35:46] [Client thread/INFO]: [CHAT] §d65 block(s) have been changed.
[16:35:48] [Client thread/INFO]: [CHAT] §dSecond position set to (-378.0, 58.0, -1999.0) (69).
[16:35:49] [Client thread/INFO]: [CHAT] §d30 block(s) have been changed.
[16:35:51] [Client thread/INFO]: [CHAT] §dFirst position set to (-389.0, 58.0, -2012.0) (168).
[16:35:54] [Client thread/INFO]: [CHAT] §dSecond position set to (-405.0, 58.0, -2006.0) (119).
[16:35:55] [Client thread/INFO]: [CHAT] §d119 block(s) have been changed.
[16:35:57] [Client thread/INFO]: [CHAT] §dSecond position set to (-422.0, 58.0, -2008.0) (170).
[16:35:59] [Client thread/INFO]: [CHAT] §d85 block(s) have been changed.
[16:36:07] [Client thread/INFO]: [CHAT] §dFirst position set to (-455.0, 58.0, -2063.0) (1904).
[16:36:12] [Client thread/INFO]: [CHAT] §dSecond position set to (-480.0, 58.0, -2031.0) (858).
[16:36:13] [Client thread/INFO]: [CHAT] §d858 block(s) have been changed.
[16:37:12] [Client thread/INFO]: [CHAT] §dFirst position set to (-481.0, 58.0, -2063.0) (66).
[16:37:15] [Client thread/INFO]: [CHAT] §dSecond position set to (-496.0, 58.0, -2038.0) (416).
[16:37:17] [Client thread/INFO]: [CHAT] §d416 block(s) have been changed.
[16:37:21] [Client thread/INFO]: [CHAT] §dSecond position set to (-520.0, 58.0, -2047.0) (680).
[16:37:22] [Client thread/INFO]: [CHAT] §d408 block(s) have been changed.
[16:37:24] [Client thread/INFO]: [CHAT] §dSecond position set to (-538.0, 58.0, -2052.0) (696).
[16:37:25] [Client thread/INFO]: [CHAT] §d216 block(s) have been changed.
[16:37:28] [Client thread/INFO]: [CHAT] §dSecond position set to (-554.0, 58.0, -2058.0) (444).
[16:37:30] [Client thread/INFO]: [CHAT] §d96 block(s) have been changed.
[16:37:47] [Server thread/INFO]: Saving and pausing game...
[16:37:47] [Server thread/INFO]: Saving chunks for level 'Planet Bobbyjanks'/Overworld
[16:37:47] [Server thread/INFO]: Saving chunks for level 'Planet Bobbyjanks'/Nether
[16:37:47] [Server thread/INFO]: Saving chunks for level 'Planet Bobbyjanks'/The End
[16:37:47] [Server thread/INFO]: Stopping server
[16:37:47] [Server thread/INFO]: Saving players
[16:37:47] [Server thread/INFO]: Saving worlds
[16:37:47] [Server thread/INFO]: Saving chunks for level 'Planet Bobbyjanks'/Overworld
[16:37:47] [Server thread/INFO]: Saving chunks for level 'Planet Bobbyjanks'/Nether
[16:37:47] [Server thread/INFO]: Saving chunks for level 'Planet Bobbyjanks'/The End
[16:37:48] [Client thread/INFO]: Stopping!
