[20:28:35] [main/INFO]: Setting user: bobbyjanks
[20:28:36] [Client thread/INFO]: LWJGL Version: 2.9.1
[20:28:41] [Client thread/INFO]: Reloading ResourceManager: Default, FMLFileResourcePack:Forge Mod Loader, FMLFileResourcePack:Minecraft Forge, FMLFileResourcePack:WorldEdit, [1.7.10] Flow's HD 64x
[20:28:42] [Sound Library Loader/INFO]: Sound engine started
[20:28:47] [Client thread/INFO]: Created: 2048x1024 textures/blocks-atlas
[20:28:49] [Client thread/INFO]: Created: 1024x1024 textures/items-atlas
[20:28:49] [Client thread/INFO]: Reloading ResourceManager: Default, FMLFileResourcePack:Forge Mod Loader, FMLFileResourcePack:Minecraft Forge, FMLFileResourcePack:WorldEdit, [1.7.10] Flow's HD 64x
[20:28:49] [Client thread/INFO]: Created: 1024x1024 textures/items-atlas
[20:28:50] [Client thread/INFO]: Created: 2048x1024 textures/blocks-atlas
[20:28:51] [Sound Library Loader/INFO]: Sound engine started
[20:28:58] [Server thread/INFO]: Starting integrated minecraft server version 1.7.10
[20:28:58] [Server thread/INFO]: Generating keypair
[20:28:59] [Server thread/INFO]: Preparing start region for level 0
[20:29:00] [Server thread/INFO]: Preparing spawn area: 72%
[20:29:00] [Server thread/INFO]: Changing view distance to 15, from 10
[20:29:00] [Server thread/INFO]: bobbyjanks[local:E:37e6cac3] logged in with entity id 0 at (-564.7335855566179, 90.23101469872302, -1850.794883235585)
[20:29:00] [Server thread/INFO]: bobbyjanks joined the game
[20:32:57] [Server thread/WARN]: Can't keep up! Did the system time change, or is the server overloaded? Running 12422ms behind, skipping 248 tick(s)
[20:43:01] [Client thread/INFO]: [CHAT] §dLeft click: select pos #1; Right click: select pos #2
[20:49:05] [Client thread/INFO]: [CHAT] §dFirst position set to (-586.0, 64.0, -1931.0).
[20:49:10] [Client thread/INFO]: [CHAT] §dSecond position set to (-616.0, 64.0, -1945.0) (465).
[20:49:14] [Client thread/INFO]: [CHAT] §d420 block(s) have been changed.
[20:49:26] [Client thread/INFO]: [CHAT] §dFirst position set to (-586.0, 64.0, -1945.0) (31).
[20:49:29] [Client thread/INFO]: [CHAT] §dSecond position set to (-586.0, 64.0, -1931.0) (15).
[20:49:36] [Client thread/INFO]: [CHAT] §dFirst position set to (-616.0, 64.0, -1931.0) (31).
[20:49:39] [Client thread/INFO]: [CHAT] §dSecond position set to (-616.0, 64.0, -1945.0) (15).
[20:49:42] [Client thread/INFO]: [CHAT] §d15 block(s) have been changed.
[20:53:05] [Client thread/INFO]: [CHAT] §dFirst position set to (-615.0, 68.0, -1942.0) (40).
[20:53:17] [Client thread/INFO]: [CHAT] §dSecond position set to (-586.0, 65.0, -1942.0) (120).
[20:53:23] [Client thread/INFO]: [CHAT] §d115 block(s) have been changed.
[20:54:30] [Client thread/INFO]: [CHAT] §dFirst position set to (-615.0, 67.0, -1943.0) (180).
[20:54:33] [Client thread/INFO]: [CHAT] §dSecond position set to (-605.0, 65.0, -1943.0) (33).
[20:56:59] [Client thread/INFO]: [CHAT] §dFirst position set to (-604.0, 65.0, -1946.0) (8).
[20:57:01] [Client thread/INFO]: [CHAT] §dSecond position set to (-586.0, 63.0, -1946.0) (57).
[20:57:05] [Client thread/INFO]: [CHAT] §d45 block(s) have been changed.
[20:57:22] [Client thread/INFO]: [CHAT] §dSecond position set to (-615.0, 63.0, -1946.0) (36).
[20:57:23] [Client thread/INFO]: [CHAT] §d33 block(s) have been changed.
[20:59:29] [Client thread/INFO]: [CHAT] §dFirst position set to (-615.0, 69.0, -1946.0) (7).
[20:59:35] [Client thread/INFO]: [CHAT] §dSecond position set to (-586.0, 69.0, -1942.0) (150).
[20:59:40] [Client thread/INFO]: [CHAT] §d144 block(s) have been changed.
[21:01:20] [Client thread/INFO]: [CHAT] §dFirst position set to (-616.0, 64.0, -1948.0) (1302).
[21:01:27] [Client thread/INFO]: [CHAT] §dSecond position set to (-616.0, 70.0, -1931.0) (126).
[21:01:31] [Client thread/INFO]: [CHAT] §dSecond position set to (-616.0, 69.0, -1931.0) (108).
[21:01:34] [Client thread/INFO]: [CHAT] §d101 block(s) have been changed.
[21:03:05] [Client thread/INFO]: [CHAT] §dFirst position set to (-617.0, 64.0, -1959.0) (348).
[21:03:07] [Client thread/INFO]: [CHAT] §dSecond position set to (-617.0, 66.0, -1949.0) (33).
[21:03:10] [Client thread/INFO]: [CHAT] §d20 block(s) have been changed.
[21:03:22] [Client thread/INFO]: [CHAT] §dFirst position set to (-617.0, 65.0, -1959.0) (22).
[21:03:33] [Client thread/INFO]: [CHAT] §dFirst position set to (-617.0, 64.0, -1949.0) (3).
[21:03:34] [Client thread/INFO]: [CHAT] §dSecond position set to (-617.0, 64.0, -1959.0) (11).
[21:04:27] [Client thread/INFO]: [CHAT] §dFirst position set to (-615.0, 63.0, -1958.0) (12).
[21:04:29] [Client thread/INFO]: [CHAT] §dSecond position set to (-616.0, 69.0, -1950.0) (126).
[21:04:32] [Client thread/INFO]: [CHAT] §d119 block(s) have been changed.
[21:17:07] [Client thread/INFO]: [CHAT] §dFirst position set to (-598.0, 63.0, -1962.0) (1729).
[21:17:11] [Client thread/INFO]: [CHAT] §dSecond position set to (-604.0, 63.0, -1952.0) (77).
[21:17:14] [Client thread/INFO]: [CHAT] §d71 block(s) have been changed.
[21:18:31] [Client thread/INFO]: [CHAT] §dFirst position set to (-597.0, 69.0, -1956.0) (280).
[21:18:41] [Client thread/INFO]: [CHAT] §dSecond position set to (-586.0, 63.0, -1958.0) (252).
[21:18:49] [Client thread/INFO]: [CHAT] §d234 block(s) have been changed.
[21:21:51] [Client thread/INFO]: [CHAT] §dFirst position set to (-587.0, 64.0, -1956.0) (12).
[21:21:53] [Client thread/INFO]: [CHAT] §dSecond position set to (-594.0, 68.0, -1956.0) (40).
[21:21:57] [Client thread/INFO]: [CHAT] §d40 block(s) were copied.
[21:22:18] [Client thread/INFO]: [CHAT] §dFirst position set to (-597.0, 69.0, -1956.0) (8).
[21:22:20] [Client thread/INFO]: [CHAT] §dSecond position set to (-586.0, 69.0, -1946.0) (132).
[21:22:22] [Client thread/INFO]: [CHAT] §d108 block(s) have been changed.
[21:24:40] [Client thread/INFO]: [CHAT] §dFirst position set to (-584.0, 63.0, -1947.0) (42).
[21:24:45] [Client thread/INFO]: [CHAT] §dSecond position set to (-598.0, 63.0, -1952.0) (90).
[21:24:46] [Client thread/INFO]: [CHAT] §dSecond position set to (-598.0, 63.0, -1955.0) (135).
[21:24:49] [Client thread/INFO]: [CHAT] §d131 block(s) have been changed.
[21:34:20] [Client thread/INFO]: [CHAT] §dFirst position set to (-596.0, 73.0, -1957.0) (99).
[21:34:23] [Client thread/INFO]: [CHAT] §dSecond position set to (-596.0, 70.0, -1942.0) (64).
[21:34:31] [Client thread/INFO]: [CHAT] §d59 block(s) have been changed.
[21:34:50] [Client thread/INFO]: [CHAT] §dSecond position set to (-585.0, 70.0, -1957.0) (48).
[21:34:51] [Client thread/INFO]: [CHAT] §d43 block(s) have been changed.
[21:35:17] [Client thread/INFO]: [CHAT] §dFirst position set to (-585.0, 73.0, -1957.0) (4).
[21:35:23] [Client thread/INFO]: [CHAT] §dSecond position set to (-585.0, 70.0, -1942.0) (64).
[21:35:25] [Client thread/INFO]: [CHAT] §d59 block(s) have been changed.
[21:36:20] [Client thread/INFO]: [CHAT] §dFirst position set to (-583.0, 74.0, -1940.0) (45).
[21:36:23] [Client thread/INFO]: [CHAT] §dSecond position set to (-598.0, 74.0, -1959.0) (320).
[21:36:34] [Client thread/INFO]: [CHAT] §d302 block(s) have been changed.
[21:39:08] [Client thread/INFO]: [CHAT] §dFirst position set to (-597.0, 75.0, -1943.0) (68).
[21:39:13] [Client thread/INFO]: [CHAT] §dSecond position set to (-583.0, 75.0, -1941.0) (45).
[21:39:16] [Client thread/INFO]: [CHAT] §d41 block(s) have been changed.
[21:40:04] [Server thread/INFO]: Saving and pausing game...
[21:40:04] [Server thread/INFO]: Saving chunks for level 'Planet Bobbyjanks'/Overworld
[21:40:04] [Server thread/INFO]: Saving chunks for level 'Planet Bobbyjanks'/Nether
[21:40:04] [Server thread/INFO]: Saving chunks for level 'Planet Bobbyjanks'/The End
[21:40:11] [Server thread/INFO]: Saving and pausing game...
[21:40:11] [Server thread/INFO]: Saving chunks for level 'Planet Bobbyjanks'/Overworld
[21:40:11] [Server thread/INFO]: Saving chunks for level 'Planet Bobbyjanks'/Nether
[21:40:11] [Server thread/INFO]: Saving chunks for level 'Planet Bobbyjanks'/The End
[21:40:14] [Server thread/INFO]: Saving and pausing game...
[21:40:14] [Server thread/INFO]: Saving chunks for level 'Planet Bobbyjanks'/Overworld
[21:40:14] [Server thread/INFO]: Saving chunks for level 'Planet Bobbyjanks'/Nether
[21:40:14] [Server thread/INFO]: Saving chunks for level 'Planet Bobbyjanks'/The End
[21:40:17] [Server thread/INFO]: Saving and pausing game...
[21:40:17] [Server thread/INFO]: Saving chunks for level 'Planet Bobbyjanks'/Overworld
[21:40:17] [Server thread/INFO]: Saving chunks for level 'Planet Bobbyjanks'/Nether
[21:40:17] [Server thread/INFO]: Saving chunks for level 'Planet Bobbyjanks'/The End
[21:40:25] [Client thread/INFO]: [CHAT] §dFirst position set to (-605.0, 69.0, -1958.0) (2898).
[21:40:28] [Client thread/INFO]: [CHAT] §dSecond position set to (-598.0, 69.0, -1947.0) (96).
[21:40:32] [Client thread/INFO]: [CHAT] §d96 block(s) have been changed.
[21:41:20] [Server thread/INFO]: Saving and pausing game...
[21:41:20] [Server thread/INFO]: Saving chunks for level 'Planet Bobbyjanks'/Overworld
[21:41:20] [Server thread/INFO]: Saving chunks for level 'Planet Bobbyjanks'/Nether
[21:41:20] [Server thread/INFO]: Saving chunks for level 'Planet Bobbyjanks'/The End
[21:41:23] [Server thread/INFO]: Saving and pausing game...
[21:41:23] [Server thread/INFO]: Saving chunks for level 'Planet Bobbyjanks'/Overworld
[21:41:23] [Server thread/INFO]: Saving chunks for level 'Planet Bobbyjanks'/Nether
[21:41:23] [Server thread/INFO]: Saving chunks for level 'Planet Bobbyjanks'/The End
[21:41:24] [Server thread/INFO]: Saving and pausing game...
[21:41:24] [Server thread/INFO]: Saving chunks for level 'Planet Bobbyjanks'/Overworld
[21:41:24] [Server thread/INFO]: Saving chunks for level 'Planet Bobbyjanks'/Nether
[21:41:24] [Server thread/INFO]: Saving chunks for level 'Planet Bobbyjanks'/The End
[21:41:24] [Server thread/INFO]: Saving and pausing game...
[21:41:24] [Server thread/INFO]: Saving chunks for level 'Planet Bobbyjanks'/Overworld
[21:41:24] [Server thread/INFO]: Saving chunks for level 'Planet Bobbyjanks'/Nether
[21:41:24] [Server thread/INFO]: Saving chunks for level 'Planet Bobbyjanks'/The End
[21:41:25] [Server thread/INFO]: Saving and pausing game...
[21:41:25] [Server thread/INFO]: Saving chunks for level 'Planet Bobbyjanks'/Overworld
[21:41:25] [Server thread/INFO]: Saving chunks for level 'Planet Bobbyjanks'/Nether
[21:41:25] [Server thread/INFO]: Saving chunks for level 'Planet Bobbyjanks'/The End
[21:41:27] [Server thread/INFO]: Saving and pausing game...
[21:41:27] [Server thread/INFO]: Saving chunks for level 'Planet Bobbyjanks'/Overworld
[21:41:27] [Server thread/INFO]: Saving chunks for level 'Planet Bobbyjanks'/Nether
[21:41:27] [Server thread/INFO]: Saving chunks for level 'Planet Bobbyjanks'/The End
[21:41:28] [Server thread/INFO]: Saving and pausing game...
[21:41:28] [Server thread/INFO]: Saving chunks for level 'Planet Bobbyjanks'/Overworld
[21:41:28] [Server thread/INFO]: Saving chunks for level 'Planet Bobbyjanks'/Nether
[21:41:28] [Server thread/INFO]: Saving chunks for level 'Planet Bobbyjanks'/The End
[21:41:29] [Server thread/INFO]: Saving and pausing game...
[21:41:29] [Server thread/INFO]: Saving chunks for level 'Planet Bobbyjanks'/Overworld
[21:41:29] [Server thread/INFO]: Saving chunks for level 'Planet Bobbyjanks'/Nether
[21:41:29] [Server thread/INFO]: Saving chunks for level 'Planet Bobbyjanks'/The End
[21:42:03] [Server thread/INFO]: Saving and pausing game...
[21:42:03] [Server thread/INFO]: Saving chunks for level 'Planet Bobbyjanks'/Overworld
[21:42:03] [Server thread/INFO]: Saving chunks for level 'Planet Bobbyjanks'/Nether
[21:42:03] [Server thread/INFO]: Saving chunks for level 'Planet Bobbyjanks'/The End
[21:42:04] [Server thread/INFO]: Saving and pausing game...
[21:42:04] [Server thread/INFO]: Saving chunks for level 'Planet Bobbyjanks'/Overworld
[21:42:04] [Server thread/INFO]: Saving chunks for level 'Planet Bobbyjanks'/Nether
[21:42:04] [Server thread/INFO]: Saving chunks for level 'Planet Bobbyjanks'/The End
[21:42:05] [Server thread/INFO]: Saving and pausing game...
[21:42:05] [Server thread/INFO]: Saving chunks for level 'Planet Bobbyjanks'/Overworld
[21:42:05] [Server thread/INFO]: Saving chunks for level 'Planet Bobbyjanks'/Nether
[21:42:05] [Server thread/INFO]: Saving chunks for level 'Planet Bobbyjanks'/The End
[21:42:07] [Server thread/INFO]: Saving and pausing game...
[21:42:07] [Server thread/INFO]: Saving chunks for level 'Planet Bobbyjanks'/Overworld
[21:42:07] [Server thread/INFO]: Saving chunks for level 'Planet Bobbyjanks'/Nether
[21:42:07] [Server thread/INFO]: Saving chunks for level 'Planet Bobbyjanks'/The End
[21:42:08] [Server thread/INFO]: Saving and pausing game...
[21:42:08] [Server thread/INFO]: Saving chunks for level 'Planet Bobbyjanks'/Overworld
[21:42:08] [Server thread/INFO]: Saving chunks for level 'Planet Bobbyjanks'/Nether
[21:42:08] [Server thread/INFO]: Saving chunks for level 'Planet Bobbyjanks'/The End
[21:42:08] [Server thread/INFO]: Saving and pausing game...
[21:42:08] [Server thread/INFO]: Saving chunks for level 'Planet Bobbyjanks'/Overworld
[21:42:08] [Server thread/INFO]: Saving chunks for level 'Planet Bobbyjanks'/Nether
[21:42:08] [Server thread/INFO]: Saving chunks for level 'Planet Bobbyjanks'/The End
[21:42:09] [Server thread/INFO]: Saving and pausing game...
[21:42:09] [Server thread/INFO]: Saving chunks for level 'Planet Bobbyjanks'/Overworld
[21:42:09] [Server thread/INFO]: Saving chunks for level 'Planet Bobbyjanks'/Nether
[21:42:09] [Server thread/INFO]: Saving chunks for level 'Planet Bobbyjanks'/The End
[21:42:09] [Server thread/INFO]: Saving and pausing game...
[21:42:09] [Server thread/INFO]: Saving chunks for level 'Planet Bobbyjanks'/Overworld
[21:42:09] [Server thread/INFO]: Saving chunks for level 'Planet Bobbyjanks'/Nether
[21:42:09] [Server thread/INFO]: Saving chunks for level 'Planet Bobbyjanks'/The End
[21:42:09] [Server thread/INFO]: Saving and pausing game...
[21:42:09] [Server thread/INFO]: Saving chunks for level 'Planet Bobbyjanks'/Overworld
[21:42:09] [Server thread/INFO]: Saving chunks for level 'Planet Bobbyjanks'/Nether
[21:42:09] [Server thread/INFO]: Saving chunks for level 'Planet Bobbyjanks'/The End
[21:42:11] [Server thread/INFO]: Saving and pausing game...
[21:42:11] [Server thread/INFO]: Saving chunks for level 'Planet Bobbyjanks'/Overworld
[21:42:11] [Server thread/INFO]: Saving chunks for level 'Planet Bobbyjanks'/Nether
[21:42:11] [Server thread/INFO]: Saving chunks for level 'Planet Bobbyjanks'/The End
[21:42:11] [Server thread/INFO]: Saving and pausing game...
[21:42:11] [Server thread/INFO]: Saving chunks for level 'Planet Bobbyjanks'/Overworld
[21:42:11] [Server thread/INFO]: Saving chunks for level 'Planet Bobbyjanks'/Nether
[21:42:11] [Server thread/INFO]: Saving chunks for level 'Planet Bobbyjanks'/The End
[21:42:11] [Server thread/INFO]: Saving and pausing game...
[21:42:11] [Server thread/INFO]: Saving chunks for level 'Planet Bobbyjanks'/Overworld
[21:42:11] [Server thread/INFO]: Saving chunks for level 'Planet Bobbyjanks'/Nether
[21:42:11] [Server thread/INFO]: Saving chunks for level 'Planet Bobbyjanks'/The End
[21:42:11] [Server thread/INFO]: Saving and pausing game...
[21:42:11] [Server thread/INFO]: Saving chunks for level 'Planet Bobbyjanks'/Overworld
[21:42:11] [Server thread/INFO]: Saving chunks for level 'Planet Bobbyjanks'/Nether
[21:42:11] [Server thread/INFO]: Saving chunks for level 'Planet Bobbyjanks'/The End
[21:42:20] [Server thread/INFO]: Saving and pausing game...
[21:42:20] [Server thread/INFO]: Saving chunks for level 'Planet Bobbyjanks'/Overworld
[21:42:20] [Server thread/INFO]: Saving chunks for level 'Planet Bobbyjanks'/Nether
[21:42:20] [Server thread/INFO]: Saving chunks for level 'Planet Bobbyjanks'/The End
[21:42:23] [Server thread/INFO]: Saving and pausing game...
[21:42:23] [Server thread/INFO]: Saving chunks for level 'Planet Bobbyjanks'/Overworld
[21:42:23] [Server thread/INFO]: Saving chunks for level 'Planet Bobbyjanks'/Nether
[21:42:23] [Server thread/INFO]: Saving chunks for level 'Planet Bobbyjanks'/The End
[21:42:24] [Server thread/INFO]: Saving and pausing game...
[21:42:24] [Server thread/INFO]: Saving chunks for level 'Planet Bobbyjanks'/Overworld
[21:42:24] [Server thread/INFO]: Saving chunks for level 'Planet Bobbyjanks'/Nether
[21:42:24] [Server thread/INFO]: Saving chunks for level 'Planet Bobbyjanks'/The End
[21:42:25] [Server thread/INFO]: Saving and pausing game...
[21:42:25] [Server thread/INFO]: Saving chunks for level 'Planet Bobbyjanks'/Overworld
[21:42:25] [Server thread/INFO]: Saving chunks for level 'Planet Bobbyjanks'/Nether
[21:42:25] [Server thread/INFO]: Saving chunks for level 'Planet Bobbyjanks'/The End
[21:42:25] [Server thread/INFO]: Saving and pausing game...
[21:42:25] [Server thread/INFO]: Saving chunks for level 'Planet Bobbyjanks'/Overworld
[21:42:25] [Server thread/INFO]: Saving chunks for level 'Planet Bobbyjanks'/Nether
[21:42:25] [Server thread/INFO]: Saving chunks for level 'Planet Bobbyjanks'/The End
[21:42:26] [Server thread/INFO]: Saving and pausing game...
[21:42:26] [Server thread/INFO]: Saving chunks for level 'Planet Bobbyjanks'/Overworld
[21:42:26] [Server thread/INFO]: Saving chunks for level 'Planet Bobbyjanks'/Nether
[21:42:26] [Server thread/INFO]: Saving chunks for level 'Planet Bobbyjanks'/The End
[21:42:27] [Server thread/INFO]: Saving and pausing game...
[21:42:27] [Server thread/INFO]: Saving chunks for level 'Planet Bobbyjanks'/Overworld
[21:42:27] [Server thread/INFO]: Saving chunks for level 'Planet Bobbyjanks'/Nether
[21:42:27] [Server thread/INFO]: Saving chunks for level 'Planet Bobbyjanks'/The End
[21:42:27] [Server thread/INFO]: Saving and pausing game...
[21:42:27] [Server thread/INFO]: Saving chunks for level 'Planet Bobbyjanks'/Overworld
[21:42:27] [Server thread/INFO]: Saving chunks for level 'Planet Bobbyjanks'/Nether
[21:42:27] [Server thread/INFO]: Saving chunks for level 'Planet Bobbyjanks'/The End
[21:42:27] [Server thread/INFO]: Saving and pausing game...
[21:42:27] [Server thread/INFO]: Saving chunks for level 'Planet Bobbyjanks'/Overworld
[21:42:27] [Server thread/INFO]: Saving chunks for level 'Planet Bobbyjanks'/Nether
[21:42:27] [Server thread/INFO]: Saving chunks for level 'Planet Bobbyjanks'/The End
[21:42:29] [Server thread/INFO]: Saving and pausing game...
[21:42:29] [Server thread/INFO]: Saving chunks for level 'Planet Bobbyjanks'/Overworld
[21:42:29] [Server thread/INFO]: Saving chunks for level 'Planet Bobbyjanks'/Nether
[21:42:29] [Server thread/INFO]: Saving chunks for level 'Planet Bobbyjanks'/The End
[21:42:30] [Server thread/INFO]: Saving and pausing game...
[21:42:30] [Server thread/INFO]: Saving chunks for level 'Planet Bobbyjanks'/Overworld
[21:42:30] [Server thread/INFO]: Saving chunks for level 'Planet Bobbyjanks'/Nether
[21:42:30] [Server thread/INFO]: Saving chunks for level 'Planet Bobbyjanks'/The End
[21:42:35] [Server thread/INFO]: Saving and pausing game...
[21:42:35] [Server thread/INFO]: Saving chunks for level 'Planet Bobbyjanks'/Overworld
[21:42:35] [Server thread/INFO]: Saving chunks for level 'Planet Bobbyjanks'/Nether
[21:42:35] [Server thread/INFO]: Saving chunks for level 'Planet Bobbyjanks'/The End
[21:42:36] [Server thread/INFO]: Saving and pausing game...
[21:42:36] [Server thread/INFO]: Saving chunks for level 'Planet Bobbyjanks'/Overworld
[21:42:36] [Server thread/INFO]: Saving chunks for level 'Planet Bobbyjanks'/Nether
[21:42:36] [Server thread/INFO]: Saving chunks for level 'Planet Bobbyjanks'/The End
[21:42:36] [Server thread/INFO]: Saving and pausing game...
[21:42:36] [Server thread/INFO]: Saving chunks for level 'Planet Bobbyjanks'/Overworld
[21:42:36] [Server thread/INFO]: Saving chunks for level 'Planet Bobbyjanks'/Nether
[21:42:36] [Server thread/INFO]: Saving chunks for level 'Planet Bobbyjanks'/The End
[21:42:37] [Server thread/INFO]: Saving and pausing game...
[21:42:37] [Server thread/INFO]: Saving chunks for level 'Planet Bobbyjanks'/Overworld
[21:42:37] [Server thread/INFO]: Saving chunks for level 'Planet Bobbyjanks'/Nether
[21:42:37] [Server thread/INFO]: Saving chunks for level 'Planet Bobbyjanks'/The End
[21:42:37] [Server thread/INFO]: Saving and pausing game...
[21:42:37] [Server thread/INFO]: Saving chunks for level 'Planet Bobbyjanks'/Overworld
[21:42:37] [Server thread/INFO]: Saving chunks for level 'Planet Bobbyjanks'/Nether
[21:42:37] [Server thread/INFO]: Saving chunks for level 'Planet Bobbyjanks'/The End
[21:42:39] [Server thread/INFO]: Saving and pausing game...
[21:42:39] [Server thread/INFO]: Saving chunks for level 'Planet Bobbyjanks'/Overworld
[21:42:39] [Server thread/INFO]: Saving chunks for level 'Planet Bobbyjanks'/Nether
[21:42:39] [Server thread/INFO]: Saving chunks for level 'Planet Bobbyjanks'/The End
[21:42:39] [Server thread/INFO]: Saving and pausing game...
[21:42:39] [Server thread/INFO]: Saving chunks for level 'Planet Bobbyjanks'/Overworld
[21:42:39] [Server thread/INFO]: Saving chunks for level 'Planet Bobbyjanks'/Nether
[21:42:39] [Server thread/INFO]: Saving chunks for level 'Planet Bobbyjanks'/The End
[21:42:39] [Server thread/INFO]: Saving and pausing game...
[21:42:39] [Server thread/INFO]: Saving chunks for level 'Planet Bobbyjanks'/Overworld
[21:42:39] [Server thread/INFO]: Saving chunks for level 'Planet Bobbyjanks'/Nether
[21:42:39] [Server thread/INFO]: Saving chunks for level 'Planet Bobbyjanks'/The End
[21:42:40] [Server thread/INFO]: Saving and pausing game...
[21:42:40] [Server thread/INFO]: Saving chunks for level 'Planet Bobbyjanks'/Overworld
[21:42:40] [Server thread/INFO]: Saving chunks for level 'Planet Bobbyjanks'/Nether
[21:42:40] [Server thread/INFO]: Saving chunks for level 'Planet Bobbyjanks'/The End
[21:42:41] [Server thread/INFO]: Saving and pausing game...
[21:42:41] [Server thread/INFO]: Saving chunks for level 'Planet Bobbyjanks'/Overworld
[21:42:41] [Server thread/INFO]: Saving chunks for level 'Planet Bobbyjanks'/Nether
[21:42:41] [Server thread/INFO]: Saving chunks for level 'Planet Bobbyjanks'/The End
[21:42:41] [Server thread/INFO]: Saving and pausing game...
[21:42:41] [Server thread/INFO]: Saving chunks for level 'Planet Bobbyjanks'/Overworld
[21:42:41] [Server thread/INFO]: Saving chunks for level 'Planet Bobbyjanks'/Nether
[21:42:41] [Server thread/INFO]: Saving chunks for level 'Planet Bobbyjanks'/The End
[21:42:41] [Server thread/INFO]: Saving and pausing game...
[21:42:41] [Server thread/INFO]: Saving chunks for level 'Planet Bobbyjanks'/Overworld
[21:42:41] [Server thread/INFO]: Saving chunks for level 'Planet Bobbyjanks'/Nether
[21:42:41] [Server thread/INFO]: Saving chunks for level 'Planet Bobbyjanks'/The End
[21:42:58] [Server thread/INFO]: Saving and pausing game...
[21:42:58] [Server thread/INFO]: Saving chunks for level 'Planet Bobbyjanks'/Overworld
[21:42:58] [Server thread/INFO]: Saving chunks for level 'Planet Bobbyjanks'/Nether
[21:42:58] [Server thread/INFO]: Saving chunks for level 'Planet Bobbyjanks'/The End
[21:42:59] [Server thread/INFO]: Saving and pausing game...
[21:42:59] [Server thread/INFO]: Saving chunks for level 'Planet Bobbyjanks'/Overworld
[21:42:59] [Server thread/INFO]: Saving chunks for level 'Planet Bobbyjanks'/Nether
[21:42:59] [Server thread/INFO]: Saving chunks for level 'Planet Bobbyjanks'/The End
[21:43:00] [Server thread/INFO]: Saving and pausing game...
[21:43:00] [Server thread/INFO]: Saving chunks for level 'Planet Bobbyjanks'/Overworld
[21:43:00] [Server thread/INFO]: Saving chunks for level 'Planet Bobbyjanks'/Nether
[21:43:00] [Server thread/INFO]: Saving chunks for level 'Planet Bobbyjanks'/The End
[21:43:01] [Server thread/INFO]: Saving and pausing game...
[21:43:01] [Server thread/INFO]: Saving chunks for level 'Planet Bobbyjanks'/Overworld
[21:43:01] [Server thread/INFO]: Saving chunks for level 'Planet Bobbyjanks'/Nether
[21:43:01] [Server thread/INFO]: Saving chunks for level 'Planet Bobbyjanks'/The End
[21:43:02] [Server thread/INFO]: Saving and pausing game...
[21:43:02] [Server thread/INFO]: Saving chunks for level 'Planet Bobbyjanks'/Overworld
[21:43:02] [Server thread/INFO]: Saving chunks for level 'Planet Bobbyjanks'/Nether
[21:43:02] [Server thread/INFO]: Saving chunks for level 'Planet Bobbyjanks'/The End
[21:43:04] [Server thread/INFO]: Saving and pausing game...
[21:43:04] [Server thread/INFO]: Saving chunks for level 'Planet Bobbyjanks'/Overworld
[21:43:04] [Server thread/INFO]: Saving chunks for level 'Planet Bobbyjanks'/Nether
[21:43:04] [Server thread/INFO]: Saving chunks for level 'Planet Bobbyjanks'/The End
[21:43:04] [Server thread/INFO]: Saving and pausing game...
[21:43:04] [Server thread/INFO]: Saving chunks for level 'Planet Bobbyjanks'/Overworld
[21:43:04] [Server thread/INFO]: Saving chunks for level 'Planet Bobbyjanks'/Nether
[21:43:04] [Server thread/INFO]: Saving chunks for level 'Planet Bobbyjanks'/The End
[21:43:05] [Server thread/INFO]: Saving and pausing game...
[21:43:05] [Server thread/INFO]: Saving chunks for level 'Planet Bobbyjanks'/Overworld
[21:43:05] [Server thread/INFO]: Saving chunks for level 'Planet Bobbyjanks'/Nether
[21:43:05] [Server thread/INFO]: Saving chunks for level 'Planet Bobbyjanks'/The End
[21:43:06] [Server thread/INFO]: Saving and pausing game...
[21:43:06] [Server thread/INFO]: Saving chunks for level 'Planet Bobbyjanks'/Overworld
[21:43:06] [Server thread/INFO]: Saving chunks for level 'Planet Bobbyjanks'/Nether
[21:43:06] [Server thread/INFO]: Saving chunks for level 'Planet Bobbyjanks'/The End
[21:43:15] [Server thread/INFO]: Saving and pausing game...
[21:43:15] [Server thread/INFO]: Saving chunks for level 'Planet Bobbyjanks'/Overworld
[21:43:15] [Server thread/INFO]: Saving chunks for level 'Planet Bobbyjanks'/Nether
[21:43:15] [Server thread/INFO]: Saving chunks for level 'Planet Bobbyjanks'/The End
[21:43:16] [Server thread/INFO]: Saving and pausing game...
[21:43:16] [Server thread/INFO]: Saving chunks for level 'Planet Bobbyjanks'/Overworld
[21:43:16] [Server thread/INFO]: Saving chunks for level 'Planet Bobbyjanks'/Nether
[21:43:16] [Server thread/INFO]: Saving chunks for level 'Planet Bobbyjanks'/The End
[21:43:17] [Server thread/INFO]: Saving and pausing game...
[21:43:17] [Server thread/INFO]: Saving chunks for level 'Planet Bobbyjanks'/Overworld
[21:43:17] [Server thread/INFO]: Saving chunks for level 'Planet Bobbyjanks'/Nether
[21:43:17] [Server thread/INFO]: Saving chunks for level 'Planet Bobbyjanks'/The End
[21:43:18] [Server thread/INFO]: Saving and pausing game...
[21:43:18] [Server thread/INFO]: Saving chunks for level 'Planet Bobbyjanks'/Overworld
[21:43:18] [Server thread/INFO]: Saving chunks for level 'Planet Bobbyjanks'/Nether
[21:43:18] [Server thread/INFO]: Saving chunks for level 'Planet Bobbyjanks'/The End
[21:43:18] [Server thread/INFO]: Saving and pausing game...
[21:43:18] [Server thread/INFO]: Saving chunks for level 'Planet Bobbyjanks'/Overworld
[21:43:18] [Server thread/INFO]: Saving chunks for level 'Planet Bobbyjanks'/Nether
[21:43:18] [Server thread/INFO]: Saving chunks for level 'Planet Bobbyjanks'/The End
[21:43:18] [Server thread/INFO]: Saving and pausing game...
[21:43:18] [Server thread/INFO]: Saving chunks for level 'Planet Bobbyjanks'/Overworld
[21:43:18] [Server thread/INFO]: Saving chunks for level 'Planet Bobbyjanks'/Nether
[21:43:18] [Server thread/INFO]: Saving chunks for level 'Planet Bobbyjanks'/The End
[21:43:21] [Server thread/INFO]: Saving and pausing game...
[21:43:21] [Server thread/INFO]: Saving chunks for level 'Planet Bobbyjanks'/Overworld
[21:43:21] [Server thread/INFO]: Saving chunks for level 'Planet Bobbyjanks'/Nether
[21:43:21] [Server thread/INFO]: Saving chunks for level 'Planet Bobbyjanks'/The End
[21:43:21] [Server thread/INFO]: Saving and pausing game...
[21:43:21] [Server thread/INFO]: Saving chunks for level 'Planet Bobbyjanks'/Overworld
[21:43:21] [Server thread/INFO]: Saving chunks for level 'Planet Bobbyjanks'/Nether
[21:43:21] [Server thread/INFO]: Saving chunks for level 'Planet Bobbyjanks'/The End
[21:43:22] [Server thread/INFO]: Saving and pausing game...
[21:43:22] [Server thread/INFO]: Saving chunks for level 'Planet Bobbyjanks'/Overworld
[21:43:22] [Server thread/INFO]: Saving chunks for level 'Planet Bobbyjanks'/Nether
[21:43:22] [Server thread/INFO]: Saving chunks for level 'Planet Bobbyjanks'/The End
[21:43:23] [Server thread/INFO]: Saving and pausing game...
[21:43:23] [Server thread/INFO]: Saving chunks for level 'Planet Bobbyjanks'/Overworld
[21:43:23] [Server thread/INFO]: Saving chunks for level 'Planet Bobbyjanks'/Nether
[21:43:23] [Server thread/INFO]: Saving chunks for level 'Planet Bobbyjanks'/The End
[21:43:23] [Server thread/INFO]: Saving and pausing game...
[21:43:23] [Server thread/INFO]: Saving chunks for level 'Planet Bobbyjanks'/Overworld
[21:43:23] [Server thread/INFO]: Saving chunks for level 'Planet Bobbyjanks'/Nether
[21:43:23] [Server thread/INFO]: Saving chunks for level 'Planet Bobbyjanks'/The End
[21:43:33] [Server thread/INFO]: Saving and pausing game...
[21:43:33] [Server thread/INFO]: Saving chunks for level 'Planet Bobbyjanks'/Overworld
[21:43:33] [Server thread/INFO]: Saving chunks for level 'Planet Bobbyjanks'/Nether
[21:43:33] [Server thread/INFO]: Saving chunks for level 'Planet Bobbyjanks'/The End
[21:43:33] [Server thread/INFO]: Saving and pausing game...
[21:43:33] [Server thread/INFO]: Saving chunks for level 'Planet Bobbyjanks'/Overworld
[21:43:33] [Server thread/INFO]: Saving chunks for level 'Planet Bobbyjanks'/Nether
[21:43:33] [Server thread/INFO]: Saving chunks for level 'Planet Bobbyjanks'/The End
[21:43:35] [Server thread/INFO]: Saving and pausing game...
[21:43:35] [Server thread/INFO]: Saving chunks for level 'Planet Bobbyjanks'/Overworld
[21:43:35] [Server thread/INFO]: Saving chunks for level 'Planet Bobbyjanks'/Nether
[21:43:35] [Server thread/INFO]: Saving chunks for level 'Planet Bobbyjanks'/The End
[21:43:35] [Server thread/INFO]: Saving and pausing game...
[21:43:35] [Server thread/INFO]: Saving chunks for level 'Planet Bobbyjanks'/Overworld
[21:43:35] [Server thread/INFO]: Saving chunks for level 'Planet Bobbyjanks'/Nether
[21:43:35] [Server thread/INFO]: Saving chunks for level 'Planet Bobbyjanks'/The End
[21:43:36] [Server thread/INFO]: Saving and pausing game...
[21:43:36] [Server thread/INFO]: Saving chunks for level 'Planet Bobbyjanks'/Overworld
[21:43:36] [Server thread/INFO]: Saving chunks for level 'Planet Bobbyjanks'/Nether
[21:43:36] [Server thread/INFO]: Saving chunks for level 'Planet Bobbyjanks'/The End
[21:43:36] [Server thread/INFO]: Saving and pausing game...
[21:43:36] [Server thread/INFO]: Saving chunks for level 'Planet Bobbyjanks'/Overworld
[21:43:36] [Server thread/INFO]: Saving chunks for level 'Planet Bobbyjanks'/Nether
[21:43:36] [Server thread/INFO]: Saving chunks for level 'Planet Bobbyjanks'/The End
[21:43:37] [Server thread/INFO]: Saving and pausing game...
[21:43:37] [Server thread/INFO]: Saving chunks for level 'Planet Bobbyjanks'/Overworld
[21:43:37] [Server thread/INFO]: Saving chunks for level 'Planet Bobbyjanks'/Nether
[21:43:37] [Server thread/INFO]: Saving chunks for level 'Planet Bobbyjanks'/The End
[21:43:40] [Server thread/INFO]: Saving and pausing game...
[21:43:40] [Server thread/INFO]: Saving chunks for level 'Planet Bobbyjanks'/Overworld
[21:43:40] [Server thread/INFO]: Saving chunks for level 'Planet Bobbyjanks'/Nether
[21:43:40] [Server thread/INFO]: Saving chunks for level 'Planet Bobbyjanks'/The End
[21:43:42] [Server thread/INFO]: Saving and pausing game...
[21:43:42] [Server thread/INFO]: Saving chunks for level 'Planet Bobbyjanks'/Overworld
[21:43:42] [Server thread/INFO]: Saving chunks for level 'Planet Bobbyjanks'/Nether
[21:43:42] [Server thread/INFO]: Saving chunks for level 'Planet Bobbyjanks'/The End
[21:43:43] [Server thread/INFO]: Saving and pausing game...
[21:43:43] [Server thread/INFO]: Saving chunks for level 'Planet Bobbyjanks'/Overworld
[21:43:43] [Server thread/INFO]: Saving chunks for level 'Planet Bobbyjanks'/Nether
[21:43:43] [Server thread/INFO]: Saving chunks for level 'Planet Bobbyjanks'/The End
[21:43:43] [Server thread/INFO]: Saving and pausing game...
[21:43:43] [Server thread/INFO]: Saving chunks for level 'Planet Bobbyjanks'/Overworld
[21:43:43] [Server thread/INFO]: Saving chunks for level 'Planet Bobbyjanks'/Nether
[21:43:43] [Server thread/INFO]: Saving chunks for level 'Planet Bobbyjanks'/The End
[21:43:44] [Server thread/INFO]: Saving and pausing game...
[21:43:44] [Server thread/INFO]: Saving chunks for level 'Planet Bobbyjanks'/Overworld
[21:43:44] [Server thread/INFO]: Saving chunks for level 'Planet Bobbyjanks'/Nether
[21:43:44] [Server thread/INFO]: Saving chunks for level 'Planet Bobbyjanks'/The End
[21:43:46] [Server thread/INFO]: Saving and pausing game...
[21:43:46] [Server thread/INFO]: Saving chunks for level 'Planet Bobbyjanks'/Overworld
[21:43:46] [Server thread/INFO]: Saving chunks for level 'Planet Bobbyjanks'/Nether
[21:43:46] [Server thread/INFO]: Saving chunks for level 'Planet Bobbyjanks'/The End
[21:43:46] [Server thread/INFO]: Saving and pausing game...
[21:43:46] [Server thread/INFO]: Saving chunks for level 'Planet Bobbyjanks'/Overworld
[21:43:46] [Server thread/INFO]: Saving chunks for level 'Planet Bobbyjanks'/Nether
[21:43:46] [Server thread/INFO]: Saving chunks for level 'Planet Bobbyjanks'/The End
[21:43:55] [Server thread/INFO]: Saving and pausing game...
[21:43:55] [Server thread/INFO]: Saving chunks for level 'Planet Bobbyjanks'/Overworld
[21:43:55] [Server thread/INFO]: Saving chunks for level 'Planet Bobbyjanks'/Nether
[21:43:55] [Server thread/INFO]: Saving chunks for level 'Planet Bobbyjanks'/The End
[21:43:56] [Server thread/INFO]: Saving and pausing game...
[21:43:56] [Server thread/INFO]: Saving chunks for level 'Planet Bobbyjanks'/Overworld
[21:43:56] [Server thread/INFO]: Saving chunks for level 'Planet Bobbyjanks'/Nether
[21:43:56] [Server thread/INFO]: Saving chunks for level 'Planet Bobbyjanks'/The End
[21:43:57] [Server thread/INFO]: Saving and pausing game...
[21:43:57] [Server thread/INFO]: Saving chunks for level 'Planet Bobbyjanks'/Overworld
[21:43:57] [Server thread/INFO]: Saving chunks for level 'Planet Bobbyjanks'/Nether
[21:43:57] [Server thread/INFO]: Saving chunks for level 'Planet Bobbyjanks'/The End
[21:43:58] [Server thread/INFO]: Saving and pausing game...
[21:43:58] [Server thread/INFO]: Saving chunks for level 'Planet Bobbyjanks'/Overworld
[21:43:58] [Server thread/INFO]: Saving chunks for level 'Planet Bobbyjanks'/Nether
[21:43:58] [Server thread/INFO]: Saving chunks for level 'Planet Bobbyjanks'/The End
[21:43:58] [Server thread/INFO]: Saving and pausing game...
[21:43:58] [Server thread/INFO]: Saving chunks for level 'Planet Bobbyjanks'/Overworld
[21:43:58] [Server thread/INFO]: Saving chunks for level 'Planet Bobbyjanks'/Nether
[21:43:58] [Server thread/INFO]: Saving chunks for level 'Planet Bobbyjanks'/The End
[21:43:59] [Server thread/INFO]: Saving and pausing game...
[21:43:59] [Server thread/INFO]: Saving chunks for level 'Planet Bobbyjanks'/Overworld
[21:43:59] [Server thread/INFO]: Saving chunks for level 'Planet Bobbyjanks'/Nether
[21:43:59] [Server thread/INFO]: Saving chunks for level 'Planet Bobbyjanks'/The End
[21:44:01] [Server thread/INFO]: Saving and pausing game...
[21:44:01] [Server thread/INFO]: Saving chunks for level 'Planet Bobbyjanks'/Overworld
[21:44:01] [Server thread/INFO]: Saving chunks for level 'Planet Bobbyjanks'/Nether
[21:44:01] [Server thread/INFO]: Saving chunks for level 'Planet Bobbyjanks'/The End
[21:44:01] [Server thread/INFO]: Saving and pausing game...
[21:44:01] [Server thread/INFO]: Saving chunks for level 'Planet Bobbyjanks'/Overworld
[21:44:01] [Server thread/INFO]: Saving chunks for level 'Planet Bobbyjanks'/Nether
[21:44:01] [Server thread/INFO]: Saving chunks for level 'Planet Bobbyjanks'/The End
[21:44:01] [Server thread/INFO]: Saving and pausing game...
[21:44:01] [Server thread/INFO]: Saving chunks for level 'Planet Bobbyjanks'/Overworld
[21:44:01] [Server thread/INFO]: Saving chunks for level 'Planet Bobbyjanks'/Nether
[21:44:01] [Server thread/INFO]: Saving chunks for level 'Planet Bobbyjanks'/The End
[21:44:01] [Server thread/INFO]: Saving and pausing game...
[21:44:01] [Server thread/INFO]: Saving chunks for level 'Planet Bobbyjanks'/Overworld
[21:44:01] [Server thread/INFO]: Saving chunks for level 'Planet Bobbyjanks'/Nether
[21:44:01] [Server thread/INFO]: Saving chunks for level 'Planet Bobbyjanks'/The End
[21:44:02] [Server thread/INFO]: Saving and pausing game...
[21:44:02] [Server thread/INFO]: Saving chunks for level 'Planet Bobbyjanks'/Overworld
[21:44:02] [Server thread/INFO]: Saving chunks for level 'Planet Bobbyjanks'/Nether
[21:44:02] [Server thread/INFO]: Saving chunks for level 'Planet Bobbyjanks'/The End
[21:44:03] [Server thread/INFO]: Saving and pausing game...
[21:44:03] [Server thread/INFO]: Saving chunks for level 'Planet Bobbyjanks'/Overworld
[21:44:03] [Server thread/INFO]: Saving chunks for level 'Planet Bobbyjanks'/Nether
[21:44:03] [Server thread/INFO]: Saving chunks for level 'Planet Bobbyjanks'/The End
[21:44:04] [Server thread/INFO]: Saving and pausing game...
[21:44:04] [Server thread/INFO]: Saving chunks for level 'Planet Bobbyjanks'/Overworld
[21:44:04] [Server thread/INFO]: Saving chunks for level 'Planet Bobbyjanks'/Nether
[21:44:04] [Server thread/INFO]: Saving chunks for level 'Planet Bobbyjanks'/The End
[21:44:09] [Server thread/INFO]: Saving and pausing game...
[21:44:09] [Server thread/INFO]: Saving chunks for level 'Planet Bobbyjanks'/Overworld
[21:44:09] [Server thread/INFO]: Saving chunks for level 'Planet Bobbyjanks'/Nether
[21:44:09] [Server thread/INFO]: Saving chunks for level 'Planet Bobbyjanks'/The End
[21:44:11] [Server thread/INFO]: Saving and pausing game...
[21:44:11] [Server thread/INFO]: Saving chunks for level 'Planet Bobbyjanks'/Overworld
[21:44:11] [Server thread/INFO]: Saving chunks for level 'Planet Bobbyjanks'/Nether
[21:44:11] [Server thread/INFO]: Saving chunks for level 'Planet Bobbyjanks'/The End
[21:44:17] [Server thread/INFO]: Saving and pausing game...
[21:44:17] [Server thread/INFO]: Saving chunks for level 'Planet Bobbyjanks'/Overworld
[21:44:17] [Server thread/INFO]: Saving chunks for level 'Planet Bobbyjanks'/Nether
[21:44:17] [Server thread/INFO]: Saving chunks for level 'Planet Bobbyjanks'/The End
[21:44:18] [Server thread/INFO]: Saving and pausing game...
[21:44:18] [Server thread/INFO]: Saving chunks for level 'Planet Bobbyjanks'/Overworld
[21:44:18] [Server thread/INFO]: Saving chunks for level 'Planet Bobbyjanks'/Nether
[21:44:18] [Server thread/INFO]: Saving chunks for level 'Planet Bobbyjanks'/The End
[21:44:20] [Server thread/INFO]: Saving and pausing game...
[21:44:20] [Server thread/INFO]: Saving chunks for level 'Planet Bobbyjanks'/Overworld
[21:44:20] [Server thread/INFO]: Saving chunks for level 'Planet Bobbyjanks'/Nether
[21:44:20] [Server thread/INFO]: Saving chunks for level 'Planet Bobbyjanks'/The End
[21:44:21] [Server thread/INFO]: Saving and pausing game...
[21:44:21] [Server thread/INFO]: Saving chunks for level 'Planet Bobbyjanks'/Overworld
[21:44:21] [Server thread/INFO]: Saving chunks for level 'Planet Bobbyjanks'/Nether
[21:44:21] [Server thread/INFO]: Saving chunks for level 'Planet Bobbyjanks'/The End
[21:44:22] [Server thread/INFO]: Saving and pausing game...
[21:44:22] [Server thread/INFO]: Saving chunks for level 'Planet Bobbyjanks'/Overworld
[21:44:22] [Server thread/INFO]: Saving chunks for level 'Planet Bobbyjanks'/Nether
[21:44:22] [Server thread/INFO]: Saving chunks for level 'Planet Bobbyjanks'/The End
[21:44:22] [Server thread/INFO]: Saving and pausing game...
[21:44:22] [Server thread/INFO]: Saving chunks for level 'Planet Bobbyjanks'/Overworld
[21:44:22] [Server thread/INFO]: Saving chunks for level 'Planet Bobbyjanks'/Nether
[21:44:22] [Server thread/INFO]: Saving chunks for level 'Planet Bobbyjanks'/The End
[21:44:24] [Server thread/INFO]: Saving and pausing game...
[21:44:24] [Server thread/INFO]: Saving chunks for level 'Planet Bobbyjanks'/Overworld
[21:44:24] [Server thread/INFO]: Saving chunks for level 'Planet Bobbyjanks'/Nether
[21:44:24] [Server thread/INFO]: Saving chunks for level 'Planet Bobbyjanks'/The End
[21:44:24] [Server thread/INFO]: Saving and pausing game...
[21:44:24] [Server thread/INFO]: Saving chunks for level 'Planet Bobbyjanks'/Overworld
[21:44:24] [Server thread/INFO]: Saving chunks for level 'Planet Bobbyjanks'/Nether
[21:44:24] [Server thread/INFO]: Saving chunks for level 'Planet Bobbyjanks'/The End
[21:44:35] [Server thread/INFO]: Saving and pausing game...
[21:44:35] [Server thread/INFO]: Saving chunks for level 'Planet Bobbyjanks'/Overworld
[21:44:35] [Server thread/INFO]: Saving chunks for level 'Planet Bobbyjanks'/Nether
[21:44:35] [Server thread/INFO]: Saving chunks for level 'Planet Bobbyjanks'/The End
[21:44:35] [Server thread/INFO]: Saving and pausing game...
[21:44:35] [Server thread/INFO]: Saving chunks for level 'Planet Bobbyjanks'/Overworld
[21:44:35] [Server thread/INFO]: Saving chunks for level 'Planet Bobbyjanks'/Nether
[21:44:35] [Server thread/INFO]: Saving chunks for level 'Planet Bobbyjanks'/The End
[21:44:36] [Server thread/INFO]: Saving and pausing game...
[21:44:36] [Server thread/INFO]: Saving chunks for level 'Planet Bobbyjanks'/Overworld
[21:44:36] [Server thread/INFO]: Saving chunks for level 'Planet Bobbyjanks'/Nether
[21:44:36] [Server thread/INFO]: Saving chunks for level 'Planet Bobbyjanks'/The End
[21:44:37] [Server thread/INFO]: Saving and pausing game...
[21:44:37] [Server thread/INFO]: Saving chunks for level 'Planet Bobbyjanks'/Overworld
[21:44:37] [Server thread/INFO]: Saving chunks for level 'Planet Bobbyjanks'/Nether
[21:44:37] [Server thread/INFO]: Saving chunks for level 'Planet Bobbyjanks'/The End
[21:46:54] [Server thread/INFO]: Saving and pausing game...
[21:46:54] [Server thread/INFO]: Saving chunks for level 'Planet Bobbyjanks'/Overworld
[21:46:54] [Server thread/INFO]: Saving chunks for level 'Planet Bobbyjanks'/Nether
[21:46:54] [Server thread/INFO]: Saving chunks for level 'Planet Bobbyjanks'/The End
[21:46:55] [Server thread/INFO]: Saving and pausing game...
[21:46:55] [Server thread/INFO]: Saving chunks for level 'Planet Bobbyjanks'/Overworld
[21:46:55] [Server thread/INFO]: Saving chunks for level 'Planet Bobbyjanks'/Nether
[21:46:55] [Server thread/INFO]: Saving chunks for level 'Planet Bobbyjanks'/The End
[21:46:57] [Server thread/INFO]: Saving and pausing game...
[21:46:57] [Server thread/INFO]: Saving chunks for level 'Planet Bobbyjanks'/Overworld
[21:46:57] [Server thread/INFO]: Saving chunks for level 'Planet Bobbyjanks'/Nether
[21:46:57] [Server thread/INFO]: Saving chunks for level 'Planet Bobbyjanks'/The End
[21:46:58] [Server thread/INFO]: Saving and pausing game...
[21:46:58] [Server thread/INFO]: Saving chunks for level 'Planet Bobbyjanks'/Overworld
[21:46:58] [Server thread/INFO]: Saving chunks for level 'Planet Bobbyjanks'/Nether
[21:46:58] [Server thread/INFO]: Saving chunks for level 'Planet Bobbyjanks'/The End
[21:46:58] [Server thread/INFO]: Saving and pausing game...
[21:46:58] [Server thread/INFO]: Saving chunks for level 'Planet Bobbyjanks'/Overworld
[21:46:58] [Server thread/INFO]: Saving chunks for level 'Planet Bobbyjanks'/Nether
[21:46:58] [Server thread/INFO]: Saving chunks for level 'Planet Bobbyjanks'/The End
[21:46:59] [Server thread/INFO]: Saving and pausing game...
[21:46:59] [Server thread/INFO]: Saving chunks for level 'Planet Bobbyjanks'/Overworld
[21:46:59] [Server thread/INFO]: Saving chunks for level 'Planet Bobbyjanks'/Nether
[21:46:59] [Server thread/INFO]: Saving chunks for level 'Planet Bobbyjanks'/The End
[21:47:00] [Server thread/INFO]: Saving and pausing game...
[21:47:00] [Server thread/INFO]: Saving chunks for level 'Planet Bobbyjanks'/Overworld
[21:47:00] [Server thread/INFO]: Saving chunks for level 'Planet Bobbyjanks'/Nether
[21:47:00] [Server thread/INFO]: Saving chunks for level 'Planet Bobbyjanks'/The End
[21:47:00] [Server thread/INFO]: Saving and pausing game...
[21:47:00] [Server thread/INFO]: Saving chunks for level 'Planet Bobbyjanks'/Overworld
[21:47:00] [Server thread/INFO]: Saving chunks for level 'Planet Bobbyjanks'/Nether
[21:47:00] [Server thread/INFO]: Saving chunks for level 'Planet Bobbyjanks'/The End
[21:47:01] [Server thread/INFO]: Saving and pausing game...
[21:47:01] [Server thread/INFO]: Saving chunks for level 'Planet Bobbyjanks'/Overworld
[21:47:01] [Server thread/INFO]: Saving chunks for level 'Planet Bobbyjanks'/Nether
[21:47:01] [Server thread/INFO]: Saving chunks for level 'Planet Bobbyjanks'/The End
[21:47:01] [Server thread/INFO]: Saving and pausing game...
[21:47:01] [Server thread/INFO]: Saving chunks for level 'Planet Bobbyjanks'/Overworld
[21:47:01] [Server thread/INFO]: Saving chunks for level 'Planet Bobbyjanks'/Nether
[21:47:01] [Server thread/INFO]: Saving chunks for level 'Planet Bobbyjanks'/The End
[21:47:07] [Server thread/INFO]: Saving and pausing game...
[21:47:07] [Server thread/INFO]: Saving chunks for level 'Planet Bobbyjanks'/Overworld
[21:47:07] [Server thread/INFO]: Saving chunks for level 'Planet Bobbyjanks'/Nether
[21:47:07] [Server thread/INFO]: Saving chunks for level 'Planet Bobbyjanks'/The End
[21:47:08] [Server thread/INFO]: Saving and pausing game...
[21:47:08] [Server thread/INFO]: Saving chunks for level 'Planet Bobbyjanks'/Overworld
[21:47:08] [Server thread/INFO]: Saving chunks for level 'Planet Bobbyjanks'/Nether
[21:47:08] [Server thread/INFO]: Saving chunks for level 'Planet Bobbyjanks'/The End
[21:47:08] [Server thread/INFO]: Saving and pausing game...
[21:47:08] [Server thread/INFO]: Saving chunks for level 'Planet Bobbyjanks'/Overworld
[21:47:08] [Server thread/INFO]: Saving chunks for level 'Planet Bobbyjanks'/Nether
[21:47:08] [Server thread/INFO]: Saving chunks for level 'Planet Bobbyjanks'/The End
[21:47:08] [Server thread/INFO]: Saving and pausing game...
[21:47:08] [Server thread/INFO]: Saving chunks for level 'Planet Bobbyjanks'/Overworld
[21:47:08] [Server thread/INFO]: Saving chunks for level 'Planet Bobbyjanks'/Nether
[21:47:08] [Server thread/INFO]: Saving chunks for level 'Planet Bobbyjanks'/The End
[21:47:09] [Server thread/INFO]: Saving and pausing game...
[21:47:09] [Server thread/INFO]: Saving chunks for level 'Planet Bobbyjanks'/Overworld
[21:47:09] [Server thread/INFO]: Saving chunks for level 'Planet Bobbyjanks'/Nether
[21:47:09] [Server thread/INFO]: Saving chunks for level 'Planet Bobbyjanks'/The End
[21:47:10] [Server thread/INFO]: Saving and pausing game...
[21:47:10] [Server thread/INFO]: Saving chunks for level 'Planet Bobbyjanks'/Overworld
[21:47:10] [Server thread/INFO]: Saving chunks for level 'Planet Bobbyjanks'/Nether
[21:47:10] [Server thread/INFO]: Saving chunks for level 'Planet Bobbyjanks'/The End
[21:47:10] [Server thread/INFO]: Saving and pausing game...
[21:47:10] [Server thread/INFO]: Saving chunks for level 'Planet Bobbyjanks'/Overworld
[21:47:10] [Server thread/INFO]: Saving chunks for level 'Planet Bobbyjanks'/Nether
[21:47:10] [Server thread/INFO]: Saving chunks for level 'Planet Bobbyjanks'/The End
[21:47:10] [Server thread/INFO]: Saving and pausing game...
[21:47:10] [Server thread/INFO]: Saving chunks for level 'Planet Bobbyjanks'/Overworld
[21:47:10] [Server thread/INFO]: Saving chunks for level 'Planet Bobbyjanks'/Nether
[21:47:10] [Server thread/INFO]: Saving chunks for level 'Planet Bobbyjanks'/The End
[21:47:10] [Server thread/INFO]: Saving and pausing game...
[21:47:10] [Server thread/INFO]: Saving chunks for level 'Planet Bobbyjanks'/Overworld
[21:47:10] [Server thread/INFO]: Saving chunks for level 'Planet Bobbyjanks'/Nether
[21:47:10] [Server thread/INFO]: Saving chunks for level 'Planet Bobbyjanks'/The End
[21:47:12] [Server thread/INFO]: Saving and pausing game...
[21:47:12] [Server thread/INFO]: Saving chunks for level 'Planet Bobbyjanks'/Overworld
[21:47:12] [Server thread/INFO]: Saving chunks for level 'Planet Bobbyjanks'/Nether
[21:47:12] [Server thread/INFO]: Saving chunks for level 'Planet Bobbyjanks'/The End
[21:47:12] [Server thread/INFO]: Saving and pausing game...
[21:47:12] [Server thread/INFO]: Saving chunks for level 'Planet Bobbyjanks'/Overworld
[21:47:12] [Server thread/INFO]: Saving chunks for level 'Planet Bobbyjanks'/Nether
[21:47:12] [Server thread/INFO]: Saving chunks for level 'Planet Bobbyjanks'/The End
[21:47:13] [Server thread/INFO]: Saving and pausing game...
[21:47:13] [Server thread/INFO]: Saving chunks for level 'Planet Bobbyjanks'/Overworld
[21:47:13] [Server thread/INFO]: Saving chunks for level 'Planet Bobbyjanks'/Nether
[21:47:13] [Server thread/INFO]: Saving chunks for level 'Planet Bobbyjanks'/The End
[21:47:13] [Server thread/INFO]: Saving and pausing game...
[21:47:13] [Server thread/INFO]: Saving chunks for level 'Planet Bobbyjanks'/Overworld
[21:47:13] [Server thread/INFO]: Saving chunks for level 'Planet Bobbyjanks'/Nether
[21:47:13] [Server thread/INFO]: Saving chunks for level 'Planet Bobbyjanks'/The End
[21:47:20] [Server thread/INFO]: Saving and pausing game...
[21:47:20] [Server thread/INFO]: Saving chunks for level 'Planet Bobbyjanks'/Overworld
[21:47:20] [Server thread/INFO]: Saving chunks for level 'Planet Bobbyjanks'/Nether
[21:47:20] [Server thread/INFO]: Saving chunks for level 'Planet Bobbyjanks'/The End
[21:47:20] [Server thread/INFO]: Saving and pausing game...
[21:47:20] [Server thread/INFO]: Saving chunks for level 'Planet Bobbyjanks'/Overworld
[21:47:20] [Server thread/INFO]: Saving chunks for level 'Planet Bobbyjanks'/Nether
[21:47:20] [Server thread/INFO]: Saving chunks for level 'Planet Bobbyjanks'/The End
[21:47:21] [Server thread/INFO]: Saving and pausing game...
[21:47:21] [Server thread/INFO]: Saving chunks for level 'Planet Bobbyjanks'/Overworld
[21:47:21] [Server thread/INFO]: Saving chunks for level 'Planet Bobbyjanks'/Nether
[21:47:21] [Server thread/INFO]: Saving chunks for level 'Planet Bobbyjanks'/The End
[21:47:21] [Server thread/INFO]: Saving and pausing game...
[21:47:21] [Server thread/INFO]: Saving chunks for level 'Planet Bobbyjanks'/Overworld
[21:47:21] [Server thread/INFO]: Saving chunks for level 'Planet Bobbyjanks'/Nether
[21:47:21] [Server thread/INFO]: Saving chunks for level 'Planet Bobbyjanks'/The End
[21:47:22] [Server thread/INFO]: Saving and pausing game...
[21:47:22] [Server thread/INFO]: Saving chunks for level 'Planet Bobbyjanks'/Overworld
[21:47:22] [Server thread/INFO]: Saving chunks for level 'Planet Bobbyjanks'/Nether
[21:47:22] [Server thread/INFO]: Saving chunks for level 'Planet Bobbyjanks'/The End
[21:47:23] [Server thread/INFO]: Saving and pausing game...
[21:47:23] [Server thread/INFO]: Saving chunks for level 'Planet Bobbyjanks'/Overworld
[21:47:23] [Server thread/INFO]: Saving chunks for level 'Planet Bobbyjanks'/Nether
[21:47:23] [Server thread/INFO]: Saving chunks for level 'Planet Bobbyjanks'/The End
[21:47:23] [Server thread/INFO]: Saving and pausing game...
[21:47:23] [Server thread/INFO]: Saving chunks for level 'Planet Bobbyjanks'/Overworld
[21:47:23] [Server thread/INFO]: Saving chunks for level 'Planet Bobbyjanks'/Nether
[21:47:23] [Server thread/INFO]: Saving chunks for level 'Planet Bobbyjanks'/The End
[21:47:25] [Server thread/INFO]: Saving and pausing game...
[21:47:25] [Server thread/INFO]: Saving chunks for level 'Planet Bobbyjanks'/Overworld
[21:47:25] [Server thread/INFO]: Saving chunks for level 'Planet Bobbyjanks'/Nether
[21:47:25] [Server thread/INFO]: Saving chunks for level 'Planet Bobbyjanks'/The End
[21:47:26] [Server thread/INFO]: Saving and pausing game...
[21:47:26] [Server thread/INFO]: Saving chunks for level 'Planet Bobbyjanks'/Overworld
[21:47:26] [Server thread/INFO]: Saving chunks for level 'Planet Bobbyjanks'/Nether
[21:47:26] [Server thread/INFO]: Saving chunks for level 'Planet Bobbyjanks'/The End
[21:47:26] [Server thread/INFO]: Saving and pausing game...
[21:47:26] [Server thread/INFO]: Saving chunks for level 'Planet Bobbyjanks'/Overworld
[21:47:26] [Server thread/INFO]: Saving chunks for level 'Planet Bobbyjanks'/Nether
[21:47:26] [Server thread/INFO]: Saving chunks for level 'Planet Bobbyjanks'/The End
[21:47:38] [Server thread/INFO]: Saving and pausing game...
[21:47:38] [Server thread/INFO]: Saving chunks for level 'Planet Bobbyjanks'/Overworld
[21:47:38] [Server thread/INFO]: Saving chunks for level 'Planet Bobbyjanks'/Nether
[21:47:38] [Server thread/INFO]: Saving chunks for level 'Planet Bobbyjanks'/The End
[21:47:39] [Server thread/INFO]: Saving and pausing game...
[21:47:39] [Server thread/INFO]: Saving chunks for level 'Planet Bobbyjanks'/Overworld
[21:47:39] [Server thread/INFO]: Saving chunks for level 'Planet Bobbyjanks'/Nether
[21:47:39] [Server thread/INFO]: Saving chunks for level 'Planet Bobbyjanks'/The End
[21:47:40] [Server thread/INFO]: Saving and pausing game...
[21:47:40] [Server thread/INFO]: Saving chunks for level 'Planet Bobbyjanks'/Overworld
[21:47:40] [Server thread/INFO]: Saving chunks for level 'Planet Bobbyjanks'/Nether
[21:47:40] [Server thread/INFO]: Saving chunks for level 'Planet Bobbyjanks'/The End
[21:47:40] [Server thread/INFO]: Saving and pausing game...
[21:47:40] [Server thread/INFO]: Saving chunks for level 'Planet Bobbyjanks'/Overworld
[21:47:40] [Server thread/INFO]: Saving chunks for level 'Planet Bobbyjanks'/Nether
[21:47:40] [Server thread/INFO]: Saving chunks for level 'Planet Bobbyjanks'/The End
[21:47:41] [Server thread/INFO]: Saving and pausing game...
[21:47:41] [Server thread/INFO]: Saving chunks for level 'Planet Bobbyjanks'/Overworld
[21:47:41] [Server thread/INFO]: Saving chunks for level 'Planet Bobbyjanks'/Nether
[21:47:41] [Server thread/INFO]: Saving chunks for level 'Planet Bobbyjanks'/The End
[21:47:41] [Server thread/INFO]: Saving and pausing game...
[21:47:41] [Server thread/INFO]: Saving chunks for level 'Planet Bobbyjanks'/Overworld
[21:47:41] [Server thread/INFO]: Saving chunks for level 'Planet Bobbyjanks'/Nether
[21:47:41] [Server thread/INFO]: Saving chunks for level 'Planet Bobbyjanks'/The End
[21:47:41] [Server thread/INFO]: Saving and pausing game...
[21:47:41] [Server thread/INFO]: Saving chunks for level 'Planet Bobbyjanks'/Overworld
[21:47:41] [Server thread/INFO]: Saving chunks for level 'Planet Bobbyjanks'/Nether
[21:47:41] [Server thread/INFO]: Saving chunks for level 'Planet Bobbyjanks'/The End
[21:47:42] [Server thread/INFO]: Saving and pausing game...
[21:47:42] [Server thread/INFO]: Saving chunks for level 'Planet Bobbyjanks'/Overworld
[21:47:42] [Server thread/INFO]: Saving chunks for level 'Planet Bobbyjanks'/Nether
[21:47:42] [Server thread/INFO]: Saving chunks for level 'Planet Bobbyjanks'/The End
[21:47:43] [Server thread/INFO]: Saving and pausing game...
[21:47:43] [Server thread/INFO]: Saving chunks for level 'Planet Bobbyjanks'/Overworld
[21:47:43] [Server thread/INFO]: Saving chunks for level 'Planet Bobbyjanks'/Nether
[21:47:43] [Server thread/INFO]: Saving chunks for level 'Planet Bobbyjanks'/The End
[21:47:44] [Server thread/INFO]: Saving and pausing game...
[21:47:44] [Server thread/INFO]: Saving chunks for level 'Planet Bobbyjanks'/Overworld
[21:47:44] [Server thread/INFO]: Saving chunks for level 'Planet Bobbyjanks'/Nether
[21:47:44] [Server thread/INFO]: Saving chunks for level 'Planet Bobbyjanks'/The End
[21:47:50] [Server thread/INFO]: Saving and pausing game...
[21:47:50] [Server thread/INFO]: Saving chunks for level 'Planet Bobbyjanks'/Overworld
[21:47:50] [Server thread/INFO]: Saving chunks for level 'Planet Bobbyjanks'/Nether
[21:47:50] [Server thread/INFO]: Saving chunks for level 'Planet Bobbyjanks'/The End
[21:47:51] [Server thread/INFO]: Saving and pausing game...
[21:47:51] [Server thread/INFO]: Saving chunks for level 'Planet Bobbyjanks'/Overworld
[21:47:51] [Server thread/INFO]: Saving chunks for level 'Planet Bobbyjanks'/Nether
[21:47:51] [Server thread/INFO]: Saving chunks for level 'Planet Bobbyjanks'/The End
[21:47:51] [Server thread/INFO]: Saving and pausing game...
[21:47:51] [Server thread/INFO]: Saving chunks for level 'Planet Bobbyjanks'/Overworld
[21:47:51] [Server thread/INFO]: Saving chunks for level 'Planet Bobbyjanks'/Nether
[21:47:51] [Server thread/INFO]: Saving chunks for level 'Planet Bobbyjanks'/The End
[21:47:52] [Server thread/INFO]: Saving and pausing game...
[21:47:52] [Server thread/INFO]: Saving chunks for level 'Planet Bobbyjanks'/Overworld
[21:47:52] [Server thread/INFO]: Saving chunks for level 'Planet Bobbyjanks'/Nether
[21:47:52] [Server thread/INFO]: Saving chunks for level 'Planet Bobbyjanks'/The End
[21:47:52] [Server thread/INFO]: Saving and pausing game...
[21:47:52] [Server thread/INFO]: Saving chunks for level 'Planet Bobbyjanks'/Overworld
[21:47:52] [Server thread/INFO]: Saving chunks for level 'Planet Bobbyjanks'/Nether
[21:47:52] [Server thread/INFO]: Saving chunks for level 'Planet Bobbyjanks'/The End
[21:47:53] [Server thread/INFO]: Saving and pausing game...
[21:47:53] [Server thread/INFO]: Saving chunks for level 'Planet Bobbyjanks'/Overworld
[21:47:53] [Server thread/INFO]: Saving chunks for level 'Planet Bobbyjanks'/Nether
[21:47:53] [Server thread/INFO]: Saving chunks for level 'Planet Bobbyjanks'/The End
[21:47:53] [Server thread/INFO]: Saving and pausing game...
[21:47:53] [Server thread/INFO]: Saving chunks for level 'Planet Bobbyjanks'/Overworld
[21:47:53] [Server thread/INFO]: Saving chunks for level 'Planet Bobbyjanks'/Nether
[21:47:53] [Server thread/INFO]: Saving chunks for level 'Planet Bobbyjanks'/The End
[21:47:53] [Server thread/INFO]: Saving and pausing game...
[21:47:53] [Server thread/INFO]: Saving chunks for level 'Planet Bobbyjanks'/Overworld
[21:47:53] [Server thread/INFO]: Saving chunks for level 'Planet Bobbyjanks'/Nether
[21:47:53] [Server thread/INFO]: Saving chunks for level 'Planet Bobbyjanks'/The End
[21:47:54] [Server thread/INFO]: Saving and pausing game...
[21:47:54] [Server thread/INFO]: Saving chunks for level 'Planet Bobbyjanks'/Overworld
[21:47:54] [Server thread/INFO]: Saving chunks for level 'Planet Bobbyjanks'/Nether
[21:47:54] [Server thread/INFO]: Saving chunks for level 'Planet Bobbyjanks'/The End
[21:47:54] [Server thread/INFO]: Saving and pausing game...
[21:47:54] [Server thread/INFO]: Saving chunks for level 'Planet Bobbyjanks'/Overworld
[21:47:54] [Server thread/INFO]: Saving chunks for level 'Planet Bobbyjanks'/Nether
[21:47:54] [Server thread/INFO]: Saving chunks for level 'Planet Bobbyjanks'/The End
[21:47:55] [Server thread/INFO]: Saving and pausing game...
[21:47:55] [Server thread/INFO]: Saving chunks for level 'Planet Bobbyjanks'/Overworld
[21:47:55] [Server thread/INFO]: Saving chunks for level 'Planet Bobbyjanks'/Nether
[21:47:55] [Server thread/INFO]: Saving chunks for level 'Planet Bobbyjanks'/The End
[21:51:04] [Client thread/INFO]: [CHAT] §dFirst position set to (-582.0, 75.0, -1941.0) (833).
[21:51:07] [Client thread/INFO]: [CHAT] §dSecond position set to (-583.0, 63.0, -1943.0) (78).
[21:51:12] [Client thread/INFO]: [CHAT] §d39 block(s) have been changed.
[21:52:35] [Client thread/INFO]: [CHAT] §cCan't bind tool to Stone: Blocks can't be used
[21:52:40] [Client thread/INFO]: [CHAT] §dTree tool bound to Hand.
[21:52:45] [Client thread/INFO]: [CHAT] §dTree tool bound to Hand.
[21:52:59] [Client thread/INFO]: [CHAT] §dTree tool bound to Hand.
[21:53:01] [Client thread/INFO]: [CHAT] §dTree tool bound to Hand.
[22:16:07] [Client thread/INFO]: [CHAT] §cA tree can't go there.
[22:16:08] [Client thread/INFO]: [CHAT] §cA tree can't go there.
[22:16:08] [Client thread/INFO]: [CHAT] §cA tree can't go there.
[22:16:14] [Client thread/INFO]: [CHAT] §cA tree can't go there.
[22:16:19] [Client thread/INFO]: [CHAT] §cA tree can't go there.
[22:16:29] [Client thread/INFO]: [CHAT] §cA tree can't go there.
[22:16:32] [Client thread/INFO]: [CHAT] §cA tree can't go there.
[22:16:33] [Client thread/INFO]: [CHAT] §cA tree can't go there.
[22:16:40] [Client thread/INFO]: [CHAT] §cA tree can't go there.
[22:16:49] [Server thread/INFO]: [bobbyjanks: Teleported bobbyjanks to 5000.5,67.5,5000.5]
[22:16:49] [Client thread/INFO]: [CHAT] Teleported bobbyjanks to 5000.5,67.5,5000.5
[22:17:08] [Client thread/INFO]: [CHAT] §cA tree can't go there.
[22:17:20] [Client thread/INFO]: [CHAT] §cA tree can't go there.
[22:17:21] [Client thread/INFO]: [CHAT] §cA tree can't go there.
[22:17:21] [Client thread/INFO]: [CHAT] §cA tree can't go there.
[22:17:28] [Client thread/INFO]: [CHAT] §cA tree can't go there.
[22:17:30] [Client thread/INFO]: [CHAT] §cA tree can't go there.
[22:17:39] [Client thread/INFO]: [CHAT] §dTree tool bound to Hand.
[22:17:40] [Client thread/INFO]: [CHAT] §cA tree can't go there.
[22:17:59] [Server thread/INFO]: Saving and pausing game...
[22:17:59] [Server thread/INFO]: Saving chunks for level 'Planet Bobbyjanks'/Overworld
[22:17:59] [Server thread/INFO]: Saving chunks for level 'Planet Bobbyjanks'/Nether
[22:17:59] [Server thread/INFO]: Saving chunks for level 'Planet Bobbyjanks'/The End
[22:18:11] [Server thread/INFO]: [bobbyjanks: Teleported bobbyjanks to -599.5,90.5,-1799.5]
[22:18:11] [Client thread/INFO]: [CHAT] Teleported bobbyjanks to -599.5,90.5,-1799.5
[22:18:49] [Client thread/INFO]: [CHAT] §cA tree can't go there.
[22:18:58] [Client thread/INFO]: [CHAT] §dTree tool bound to Hand.
[22:18:58] [Client thread/INFO]: [CHAT] §cA tree can't go there.
[22:19:08] [Client thread/INFO]: [CHAT] §dTree tool bound to Hand.
[22:19:10] [Client thread/INFO]: [CHAT] §cA tree can't go there.
[22:19:30] [Client thread/INFO]: [CHAT] §cA tree can't go there.
[22:19:31] [Client thread/INFO]: [CHAT] §cA tree can't go there.
[22:19:47] [Client thread/INFO]: [CHAT] §cA tree can't go there.
[22:25:37] [Server thread/INFO]: Saving and pausing game...
[22:25:37] [Server thread/INFO]: Saving chunks for level 'Planet Bobbyjanks'/Overworld
[22:25:37] [Server thread/INFO]: Saving chunks for level 'Planet Bobbyjanks'/Nether
[22:25:37] [Server thread/INFO]: Saving chunks for level 'Planet Bobbyjanks'/The End
[22:25:38] [Server thread/INFO]: Stopping server
[22:25:38] [Server thread/INFO]: Saving players
[22:25:38] [Server thread/INFO]: Saving worlds
[22:25:38] [Server thread/INFO]: Saving chunks for level 'Planet Bobbyjanks'/Overworld
[22:25:38] [Server thread/INFO]: Saving chunks for level 'Planet Bobbyjanks'/Nether
[22:25:38] [Server thread/INFO]: Saving chunks for level 'Planet Bobbyjanks'/The End
[22:25:39] [Client thread/INFO]: Stopping!
