[23:36:36] [main/INFO]: Setting user: bobbyjanks
[23:36:37] [Client thread/INFO]: LWJGL Version: 2.9.1
[23:36:45] [Client thread/INFO]: Reloading ResourceManager: Default, FMLFileResourcePack:Forge Mod Loader, FMLFileResourcePack:Minecraft Forge, FMLFileResourcePack:WorldEdit, [1.7.10] Flow's HD 64x
[23:36:45] [Sound Library Loader/INFO]: Sound engine started
[23:36:46] [Client thread/INFO]: Created: 16x16 textures/blocks-atlas
[23:36:46] [Client thread/INFO]: Created: 16x16 textures/items-atlas
[23:36:46] [Client thread/INFO]: Reloading ResourceManager: Default, FMLFileResourcePack:Forge Mod Loader, FMLFileResourcePack:Minecraft Forge, FMLFileResourcePack:WorldEdit, [1.7.10] Flow's HD 64x
[23:36:47] [Client thread/INFO]: Created: 1024x1024 textures/items-atlas
[23:36:51] [Client thread/INFO]: Created: 2048x1024 textures/blocks-atlas
[23:36:52] [Sound Library Loader/INFO]: Sound engine started
[23:37:06] [Server thread/INFO]: Starting integrated minecraft server version 1.7.10
[23:37:06] [Server thread/INFO]: Generating keypair
[23:37:06] [Server thread/INFO]: Preparing start region for level 0
[23:37:07] [Server thread/INFO]: Preparing spawn area: 79%
[23:37:08] [Server thread/INFO]: Changing view distance to 16, from 10
[23:37:09] [Server thread/INFO]: bobbyjanks[local:E:e659e26a] logged in with entity id 0 at (-975.4086632630892, 66.85155533097391, -1428.699999988079)
[23:37:09] [Server thread/INFO]: bobbyjanks joined the game
[23:39:25] [Server thread/WARN]: Can't keep up! Did the system time change, or is the server overloaded? Running 9313ms behind, skipping 186 tick(s)
[23:41:53] [Client thread/INFO]: [CHAT] §dFirst position set to (-985.0, 67.0, -1421.0).
[23:41:55] [Client thread/INFO]: [CHAT] §dSecond position set to (-977.0, 64.0, -1421.0) (36).
[23:41:58] [Client thread/INFO]: [CHAT] §d24 block(s) have been changed.
[23:42:01] [Client thread/INFO]: [CHAT] §dFirst position set to (-977.0, 67.0, -1421.0) (4).
[23:42:06] [Client thread/INFO]: [CHAT] §dSecond position set to (-977.0, 64.0, -1430.0) (40).
[23:42:07] [Client thread/INFO]: [CHAT] §d28 block(s) have been changed.
[23:43:24] [Client thread/INFO]: [CHAT] §dFirst position set to (-1037.0, 63.0, -1383.0) (5856).
[23:43:32] [Client thread/INFO]: [CHAT] §dSecond position set to (-1060.0, 63.0, -1383.0) (24).
[23:43:34] [Client thread/INFO]: [CHAT] §d24 block(s) have been changed.
[23:43:37] [Client thread/INFO]: [CHAT] §dFirst position set to (-1060.0, 63.0, -1383.0) (1).
[23:43:49] [Client thread/INFO]: [CHAT] §dFirst position set to (-1058.0, 63.0, -1383.0) (3).
[23:44:00] [Client thread/INFO]: [CHAT] §dSecond position set to (-1058.0, 63.0, -1431.0) (49).
[23:44:02] [Client thread/INFO]: [CHAT] §d48 block(s) have been changed.
[23:44:31] [Client thread/INFO]: [CHAT] §dFirst position set to (-1058.0, 67.0, -1432.0) (10).
[23:44:38] [Client thread/INFO]: [CHAT] §dSecond position set to (-1058.0, 64.0, -1383.0) (200).
[23:44:40] [Client thread/INFO]: [CHAT] §d200 block(s) have been changed.
[23:44:44] [Client thread/INFO]: [CHAT] §d200 block(s) have been changed.
[23:44:48] [Client thread/INFO]: [CHAT] §dFirst position set to (-1057.0, 63.0, -1383.0) (4).
[23:44:50] [Client thread/INFO]: [CHAT] §dFirst position set to (-1058.0, 67.0, -1383.0) (4).
[23:44:55] [Client thread/INFO]: [CHAT] §dSecond position set to (-1037.0, 64.0, -1383.0) (88).
[23:44:57] [Client thread/INFO]: [CHAT] §d83 block(s) have been changed.
