[18:13:47] [Render thread/INFO]: Environment: authHost='https://authserver.mojang.com', accountsHost='https://api.mojang.com', sessionHost='https://sessionserver.mojang.com', servicesHost='https://api.minecraftservices.com', name='PROD'
[18:13:48] [Render thread/INFO]: Setting user: bobbyjanks
[18:13:48] [Render thread/INFO]: Backend library: LWJGL version 3.2.2 build 10
[18:13:51] [Render thread/WARN]: Removed resource pack mod_resources from options because it doesn't seem to exist anymore
[18:13:51] [Render thread/WARN]: Removed resource pack file/Realistic-HD-Addon-1.17.zip from options because it is no longer compatible
[18:13:51] [Render thread/INFO]: Narrator library for x64 successfully loaded
[18:13:52] [Render thread/INFO]: Reloading ResourceManager: Default, Flows HD (1.16.3) 128x.zip
[18:13:58] [Worker-Main-18/WARN]: Texture minecraft:entity/conduit/open_eye with size 72x72 limits mip level from 4 to 3
[18:13:58] [Worker-Main-18/WARN]: minecraft:textures/atlas/blocks.png: dropping miplevel from 4 to 3, because of minimum power of two: 8
[18:13:58] [Worker-Main-23/WARN]: Unused frames in sprite minecraft:block/lava_flow: [16, 17, 18, 19, 20, 21, 22, 23, 24, 25, 26, 27, 28, 29, 30, 31, 32, 33, 34, 35, 36, 37, 38, 39, 40, 41, 42, 43, 44, 45, 46, 47, 48, 49, 50, 51, 52, 53, 54, 55, 56, 57, 58, 59]
[18:13:58] [Worker-Main-15/WARN]: Unused frames in sprite minecraft:block/lava_still: [20, 21, 22, 23, 24, 25, 26, 27, 28, 29, 30, 31, 32, 33, 34, 35, 36, 37, 38, 39, 40, 41, 42, 43, 44, 45, 46, 47, 48, 49, 50, 51, 52, 53, 54, 55, 56, 57, 58, 59]
[18:14:00] [Render thread/INFO]: OpenAL initialized on device OpenAL Soft on Speakers/Headphones (Realtek(R) Audio)
[18:14:00] [Render thread/INFO]: Sound engine started
[18:14:01] [Render thread/INFO]: Created: 4096x16384x3 minecraft:textures/atlas/blocks.png-atlas
[18:14:01] [Render thread/INFO]: Created: 2048x1024x4 minecraft:textures/atlas/signs.png-atlas
[18:14:01] [Render thread/INFO]: Created: 8192x4096x4 minecraft:textures/atlas/banner_patterns.png-atlas
[18:14:01] [Render thread/INFO]: Created: 8192x4096x4 minecraft:textures/atlas/shield_patterns.png-atlas
[18:14:01] [Render thread/INFO]: Created: 2048x2048x4 minecraft:textures/atlas/chest.png-atlas
[18:14:01] [Render thread/INFO]: Created: 4096x2048x4 minecraft:textures/atlas/beds.png-atlas
[18:14:01] [Render thread/INFO]: Created: 4096x2048x4 minecraft:textures/atlas/shulker_boxes.png-atlas
[18:14:04] [Render thread/INFO]: Created: 2048x2048x0 minecraft:textures/atlas/particles.png-atlas
[18:14:04] [Render thread/INFO]: Created: 2048x2048x0 minecraft:textures/atlas/paintings.png-atlas
[18:14:04] [Render thread/INFO]: Created: 1024x512x0 minecraft:textures/atlas/mob_effects.png-atlas
[18:16:18] [Render thread/ERROR]: Can't ping bobbyjanks.aternos.me: Timed out
[18:16:35] [Render thread/INFO]: Connecting to bobbyjanks.aternos.me, 25565
[18:16:37] [Render thread/INFO]: Environment: authHost='https://authserver.mojang.com', accountsHost='https://api.mojang.com', sessionHost='https://sessionserver.mojang.com', servicesHost='https://api.minecraftservices.com', name='PROD'
[18:16:38] [Render thread/INFO]: Loaded 0 advancements
[18:18:06] [Render thread/INFO]: Loaded 4 advancements
[18:19:22] [Render thread/INFO]: Loaded 16 advancements
[18:19:26] [Render thread/INFO]: Loaded 19 advancements
[18:19:26] [Render thread/INFO]: Loaded 28 advancements
[18:20:41] [Render thread/INFO]: [CHAT] bobbyjanks has made the advancement [Stone Age]
[18:20:41] [Render thread/INFO]: Loaded 43 advancements
[18:20:47] [Render thread/INFO]: Loaded 44 advancements
[18:21:50] [Render thread/INFO]: [CHAT] bobbyjanks has made the advancement [Getting an Upgrade]
[18:21:50] [Render thread/INFO]: Loaded 48 advancements
[18:22:09] [Render thread/INFO]: Loaded 49 advancements
[18:23:51] [Render thread/INFO]: Loaded 70 advancements
[18:23:52] [Render thread/INFO]: Loaded 73 advancements
[18:23:52] [Render thread/INFO]: Loaded 92 advancements
[18:24:13] [Render thread/INFO]: Loaded 95 advancements
[18:25:59] [Render thread/INFO]: Loaded 110 advancements
[18:26:02] [Render thread/INFO]: [CHAT] Respawn point set
[18:26:11] [Render thread/INFO]: [CHAT] bobbyjanks has made the advancement [Sweet Dreams]
[18:26:11] [Render thread/INFO]: Loaded 110 advancements
[18:26:26] [Render thread/INFO]: Loaded 111 advancements
[18:27:37] [Render thread/INFO]: Loaded 112 advancements
[18:29:03] [Render thread/INFO]: Loaded 112 advancements
[18:29:10] [Render thread/INFO]: Loaded 115 advancements
[18:29:47] [Render thread/INFO]: Loaded 118 advancements
[18:30:13] [Render thread/INFO]: Loaded 120 advancements
[18:31:31] [Render thread/INFO]: Loaded 120 advancements
[18:31:35] [Render thread/INFO]: Loaded 122 advancements
[18:32:49] [Render thread/INFO]: Loaded 128 advancements
[18:32:58] [Render thread/INFO]: Loaded 128 advancements
[18:33:17] [Render thread/INFO]: Loaded 143 advancements
[18:33:53] [Render thread/WARN]: Unable to play empty soundEvent: minecraft:entity.salmon.ambient
[18:33:55] [Render thread/INFO]: Loaded 145 advancements
[18:34:12] [Render thread/INFO]: Loaded 145 advancements
[18:34:18] [Render thread/INFO]: Loaded 147 advancements
[18:34:19] [Render thread/INFO]: Loaded 150 advancements
[18:34:21] [Render thread/INFO]: [CHAT] bobbyjanks has made the advancement [Ice Bucket Challenge]
[18:34:21] [Render thread/INFO]: Loaded 156 advancements
[18:34:27] [Render thread/INFO]: Loaded 159 advancements
[18:35:26] [Render thread/INFO]: Loaded 165 advancements
[18:36:50] [Render thread/INFO]: [CHAT] Respawn point set
[18:38:00] [Render thread/INFO]: Loaded 165 advancements
[18:38:51] [Render thread/INFO]: Loaded 167 advancements
[18:43:57] [Render thread/INFO]: Loaded 170 advancements
[18:44:17] [Render thread/INFO]: Loaded 171 advancements
[18:46:11] [Render thread/INFO]: Loaded 180 advancements
[18:46:51] [Render thread/INFO]: Loaded 182 advancements
[18:47:26] [Render thread/INFO]: [CHAT] Respawn point set
[18:48:34] [Render thread/INFO]: Loaded 200 advancements
[18:52:16] [Render thread/INFO]: Loaded 201 advancements
[18:53:16] [Render thread/INFO]: Loaded 202 advancements
[19:02:47] [Render thread/INFO]: Loaded 202 advancements
[19:19:42] [Render thread/INFO]: [CHAT] Respawn point set
[19:31:01] [Render thread/INFO]: Stopping!
